[0.319s] Invoking command in '/home/remi/ugway_ws/build/phidgets_analog_inputs': AMENT_PREFIX_PATH=/home/remi/ugway_ws/install/phidgets_api:/home/remi/ugway_ws/install/libphidget22:${AMENT_PREFIX_PATH} CMAKE_PREFIX_PATH=/home/remi/ugway_ws/install/phidgets_api:/home/remi/ugway_ws/install/libphidget22:/opt/ros/humble LD_LIBRARY_PATH=/home/remi/ugway_ws/install/phidgets_api/lib:/home/remi/ugway_ws/install/libphidget22/opt/libphidget22/lib:${LD_LIBRARY_PATH} /usr/bin/cmake /home/remi/ugway_ws/src/phidgets_drivers/phidgets_analog_inputs -DCMAKE_INSTALL_PREFIX=/home/remi/ugway_ws/install/phidgets_analog_inputs
[0.369s] -- The C compiler identification is GNU 11.4.0
[0.434s] -- The CXX compiler identification is GNU 11.4.0
[0.444s] -- Detecting C compiler ABI info
[0.500s] -- Detecting C compiler ABI info - done
[0.512s] -- Check for working C compiler: /usr/bin/cc - skipped
[0.512s] -- Detecting C compile features
[0.512s] -- Detecting C compile features - done
[0.515s] -- Detecting CXX compiler ABI info
[0.588s] -- Detecting CXX compiler ABI info - done
[0.601s] -- Check for working CXX compiler: /usr/bin/c++ - skipped
[0.601s] -- Detecting CXX compile features
[0.602s] -- Detecting CXX compile features - done
[0.604s] -- Found ament_cmake_ros: 0.10.0 (/opt/ros/humble/share/ament_cmake_ros/cmake)
[0.997s] -- Found Python3: /usr/bin/python3.10 (found version "3.10.12") found components: Interpreter 
[1.108s] -- Found phidgets_api: 2.3.1 (/home/remi/ugway_ws/install/phidgets_api/share/phidgets_api/cmake)
[1.113s] -- Found rclcpp: 16.0.6 (/opt/ros/humble/share/rclcpp/cmake)
[1.168s] -- Found rosidl_generator_c: 3.1.5 (/opt/ros/humble/share/rosidl_generator_c/cmake)
[1.175s] -- Found rosidl_adapter: 3.1.5 (/opt/ros/humble/share/rosidl_adapter/cmake)
[1.186s] -- Found rosidl_generator_cpp: 3.1.5 (/opt/ros/humble/share/rosidl_generator_cpp/cmake)
[1.207s] -- Using all available rosidl_typesupport_c: rosidl_typesupport_fastrtps_c;rosidl_typesupport_introspection_c
[1.237s] -- Using all available rosidl_typesupport_cpp: rosidl_typesupport_fastrtps_cpp;rosidl_typesupport_introspection_cpp
[1.345s] -- Found rmw_implementation_cmake: 6.1.1 (/opt/ros/humble/share/rmw_implementation_cmake/cmake)
[1.348s] -- Found rmw_fastrtps_cpp: 6.2.4 (/opt/ros/humble/share/rmw_fastrtps_cpp/cmake)
[1.456s] -- Found OpenSSL: /usr/lib/x86_64-linux-gnu/libcrypto.so (found version "3.0.2")  
[1.485s] -- Found FastRTPS: /opt/ros/humble/include  
[1.543s] -- Using RMW implementation 'rmw_fastrtps_cpp' as default
[1.555s] -- Performing Test CMAKE_HAVE_LIBC_PTHREAD
[1.610s] -- Performing Test CMAKE_HAVE_LIBC_PTHREAD - Success
[1.611s] -- Found Threads: TRUE  
[1.889s] -- Found rclcpp_components: 16.0.6 (/opt/ros/humble/share/rclcpp_components/cmake)
[2.092s] -- Configuring done
[2.106s] -- Generating done
[2.108s] -- Build files have been written to: /home/remi/ugway_ws/build/phidgets_analog_inputs
[2.118s] Invoked command in '/home/remi/ugway_ws/build/phidgets_analog_inputs' returned '0': AMENT_PREFIX_PATH=/home/remi/ugway_ws/install/phidgets_api:/home/remi/ugway_ws/install/libphidget22:${AMENT_PREFIX_PATH} CMAKE_PREFIX_PATH=/home/remi/ugway_ws/install/phidgets_api:/home/remi/ugway_ws/install/libphidget22:/opt/ros/humble LD_LIBRARY_PATH=/home/remi/ugway_ws/install/phidgets_api/lib:/home/remi/ugway_ws/install/libphidget22/opt/libphidget22/lib:${LD_LIBRARY_PATH} /usr/bin/cmake /home/remi/ugway_ws/src/phidgets_drivers/phidgets_analog_inputs -DCMAKE_INSTALL_PREFIX=/home/remi/ugway_ws/install/phidgets_analog_inputs
[2.120s] Invoking command in '/home/remi/ugway_ws/build/phidgets_analog_inputs': AMENT_PREFIX_PATH=/home/remi/ugway_ws/install/phidgets_api:/home/remi/ugway_ws/install/libphidget22:${AMENT_PREFIX_PATH} CMAKE_PREFIX_PATH=/home/remi/ugway_ws/install/phidgets_api:/home/remi/ugway_ws/install/libphidget22:/opt/ros/humble LD_LIBRARY_PATH=/home/remi/ugway_ws/install/phidgets_api/lib:/home/remi/ugway_ws/install/libphidget22/opt/libphidget22/lib:${LD_LIBRARY_PATH} /usr/bin/cmake --build /home/remi/ugway_ws/build/phidgets_analog_inputs -- -j16 -l16
[2.191s] [ 50%] [32mBuilding CXX object CMakeFiles/phidgets_analog_inputs.dir/src/analog_inputs_ros_i.cpp.o[0m
[6.953s] [100%] [32m[1mLinking CXX shared library libphidgets_analog_inputs.so[0m
[7.164s] [100%] Built target phidgets_analog_inputs
[7.266s] Invoked command in '/home/remi/ugway_ws/build/phidgets_analog_inputs' returned '0': AMENT_PREFIX_PATH=/home/remi/ugway_ws/install/phidgets_api:/home/remi/ugway_ws/install/libphidget22:${AMENT_PREFIX_PATH} CMAKE_PREFIX_PATH=/home/remi/ugway_ws/install/phidgets_api:/home/remi/ugway_ws/install/libphidget22:/opt/ros/humble LD_LIBRARY_PATH=/home/remi/ugway_ws/install/phidgets_api/lib:/home/remi/ugway_ws/install/libphidget22/opt/libphidget22/lib:${LD_LIBRARY_PATH} /usr/bin/cmake --build /home/remi/ugway_ws/build/phidgets_analog_inputs -- -j16 -l16
[7.345s] Invoking command in '/home/remi/ugway_ws/build/phidgets_analog_inputs': AMENT_PREFIX_PATH=/home/remi/ugway_ws/install/phidgets_api:/home/remi/ugway_ws/install/libphidget22:${AMENT_PREFIX_PATH} CMAKE_PREFIX_PATH=/home/remi/ugway_ws/install/phidgets_api:/home/remi/ugway_ws/install/libphidget22:/opt/ros/humble LD_LIBRARY_PATH=/home/remi/ugway_ws/install/phidgets_api/lib:/home/remi/ugway_ws/install/libphidget22/opt/libphidget22/lib:${LD_LIBRARY_PATH} /usr/bin/cmake --install /home/remi/ugway_ws/build/phidgets_analog_inputs
[7.347s] -- Install configuration: ""
[7.347s] -- Installing: /home/remi/ugway_ws/install/phidgets_analog_inputs/lib/libphidgets_analog_inputs.so
[7.349s] -- Set runtime path of "/home/remi/ugway_ws/install/phidgets_analog_inputs/lib/libphidgets_analog_inputs.so" to ""
[7.349s] -- Installing: /home/remi/ugway_ws/install/phidgets_analog_inputs/include
[7.349s] -- Installing: /home/remi/ugway_ws/install/phidgets_analog_inputs/include/phidgets_analog_inputs
[7.350s] -- Installing: /home/remi/ugway_ws/install/phidgets_analog_inputs/include/phidgets_analog_inputs/analog_inputs_ros_i.hpp
[7.350s] -- Installing: /home/remi/ugway_ws/install/phidgets_analog_inputs/share/phidgets_analog_inputs/launch
[7.350s] -- Installing: /home/remi/ugway_ws/install/phidgets_analog_inputs/share/phidgets_analog_inputs/launch/analog_inputs-launch.py
[7.350s] -- Installing: /home/remi/ugway_ws/install/phidgets_analog_inputs/share/ament_index/resource_index/package_run_dependencies/phidgets_analog_inputs
[7.350s] -- Installing: /home/remi/ugway_ws/install/phidgets_analog_inputs/share/ament_index/resource_index/parent_prefix_path/phidgets_analog_inputs
[7.350s] -- Installing: /home/remi/ugway_ws/install/phidgets_analog_inputs/share/phidgets_analog_inputs/environment/ament_prefix_path.sh
[7.350s] -- Installing: /home/remi/ugway_ws/install/phidgets_analog_inputs/share/phidgets_analog_inputs/environment/ament_prefix_path.dsv
[7.350s] -- Installing: /home/remi/ugway_ws/install/phidgets_analog_inputs/share/phidgets_analog_inputs/environment/path.sh
[7.350s] -- Installing: /home/remi/ugway_ws/install/phidgets_analog_inputs/share/phidgets_analog_inputs/environment/path.dsv
[7.350s] -- Installing: /home/remi/ugway_ws/install/phidgets_analog_inputs/share/phidgets_analog_inputs/local_setup.bash
[7.351s] -- Installing: /home/remi/ugway_ws/install/phidgets_analog_inputs/share/phidgets_analog_inputs/local_setup.sh
[7.351s] -- Installing: /home/remi/ugway_ws/install/phidgets_analog_inputs/share/phidgets_analog_inputs/local_setup.zsh
[7.351s] -- Installing: /home/remi/ugway_ws/install/phidgets_analog_inputs/share/phidgets_analog_inputs/local_setup.dsv
[7.351s] -- Installing: /home/remi/ugway_ws/install/phidgets_analog_inputs/share/phidgets_analog_inputs/package.dsv
[7.351s] -- Installing: /home/remi/ugway_ws/install/phidgets_analog_inputs/share/ament_index/resource_index/packages/phidgets_analog_inputs
[7.351s] -- Installing: /home/remi/ugway_ws/install/phidgets_analog_inputs/share/ament_index/resource_index/rclcpp_components/phidgets_analog_inputs
[7.351s] -- Installing: /home/remi/ugway_ws/install/phidgets_analog_inputs/share/phidgets_analog_inputs/cmake/phidgets_analog_inputsConfig.cmake
[7.351s] -- Installing: /home/remi/ugway_ws/install/phidgets_analog_inputs/share/phidgets_analog_inputs/cmake/phidgets_analog_inputsConfig-version.cmake
[7.351s] -- Installing: /home/remi/ugway_ws/install/phidgets_analog_inputs/share/phidgets_analog_inputs/package.xml
[7.353s] Invoked command in '/home/remi/ugway_ws/build/phidgets_analog_inputs' returned '0': AMENT_PREFIX_PATH=/home/remi/ugway_ws/install/phidgets_api:/home/remi/ugway_ws/install/libphidget22:${AMENT_PREFIX_PATH} CMAKE_PREFIX_PATH=/home/remi/ugway_ws/install/phidgets_api:/home/remi/ugway_ws/install/libphidget22:/opt/ros/humble LD_LIBRARY_PATH=/home/remi/ugway_ws/install/phidgets_api/lib:/home/remi/ugway_ws/install/libphidget22/opt/libphidget22/lib:${LD_LIBRARY_PATH} /usr/bin/cmake --install /home/remi/ugway_ws/build/phidgets_analog_inputs
