[0.294s] Invoking command in '/home/remi/ugway_ws/build/phidgets_digital_inputs': AMENT_PREFIX_PATH=/home/remi/ugway_ws/install/phidgets_api:/home/remi/ugway_ws/install/libphidget22:${AMENT_PREFIX_PATH} CMAKE_PREFIX_PATH=/home/remi/ugway_ws/install/phidgets_api:/home/remi/ugway_ws/install/libphidget22:/opt/ros/humble LD_LIBRARY_PATH=/home/remi/ugway_ws/install/phidgets_api/lib:/home/remi/ugway_ws/install/libphidget22/opt/libphidget22/lib:${LD_LIBRARY_PATH} /usr/bin/cmake /home/remi/ugway_ws/src/phidgets_drivers/phidgets_digital_inputs -DCMAKE_INSTALL_PREFIX=/home/remi/ugway_ws/install/phidgets_digital_inputs
[0.342s] -- The C compiler identification is GNU 11.4.0
[0.400s] -- The CXX compiler identification is GNU 11.4.0
[0.411s] -- Detecting C compiler ABI info
[0.464s] -- Detecting C compiler ABI info - done
[0.473s] -- Check for working C compiler: /usr/bin/cc - skipped
[0.473s] -- Detecting C compile features
[0.473s] -- Detecting C compile features - done
[0.476s] -- Detecting CXX compiler ABI info
[0.547s] -- Detecting CXX compiler ABI info - done
[0.560s] -- Check for working CXX compiler: /usr/bin/c++ - skipped
[0.561s] -- Detecting CXX compile features
[0.562s] -- Detecting CXX compile features - done
[0.564s] -- Found ament_cmake_ros: 0.10.0 (/opt/ros/humble/share/ament_cmake_ros/cmake)
[0.969s] -- Found Python3: /usr/bin/python3.10 (found version "3.10.12") found components: Interpreter 
[1.074s] -- Found phidgets_api: 2.3.1 (/home/remi/ugway_ws/install/phidgets_api/share/phidgets_api/cmake)
[1.077s] -- Found rclcpp: 16.0.6 (/opt/ros/humble/share/rclcpp/cmake)
[1.115s] -- Found rosidl_generator_c: 3.1.5 (/opt/ros/humble/share/rosidl_generator_c/cmake)
[1.119s] -- Found rosidl_adapter: 3.1.5 (/opt/ros/humble/share/rosidl_adapter/cmake)
[1.127s] -- Found rosidl_generator_cpp: 3.1.5 (/opt/ros/humble/share/rosidl_generator_cpp/cmake)
[1.141s] -- Using all available rosidl_typesupport_c: rosidl_typesupport_fastrtps_c;rosidl_typesupport_introspection_c
[1.160s] -- Using all available rosidl_typesupport_cpp: rosidl_typesupport_fastrtps_cpp;rosidl_typesupport_introspection_cpp
[1.235s] -- Found rmw_implementation_cmake: 6.1.1 (/opt/ros/humble/share/rmw_implementation_cmake/cmake)
[1.238s] -- Found rmw_fastrtps_cpp: 6.2.4 (/opt/ros/humble/share/rmw_fastrtps_cpp/cmake)
[1.344s] -- Found OpenSSL: /usr/lib/x86_64-linux-gnu/libcrypto.so (found version "3.0.2")  
[1.369s] -- Found FastRTPS: /opt/ros/humble/include  
[1.417s] -- Using RMW implementation 'rmw_fastrtps_cpp' as default
[1.426s] -- Performing Test CMAKE_HAVE_LIBC_PTHREAD
[1.486s] -- Performing Test CMAKE_HAVE_LIBC_PTHREAD - Success
[1.488s] -- Found Threads: TRUE  
[1.769s] -- Found rclcpp_components: 16.0.6 (/opt/ros/humble/share/rclcpp_components/cmake)
[1.971s] -- Configuring done
[1.981s] -- Generating done
[1.983s] -- Build files have been written to: /home/remi/ugway_ws/build/phidgets_digital_inputs
[1.993s] Invoked command in '/home/remi/ugway_ws/build/phidgets_digital_inputs' returned '0': AMENT_PREFIX_PATH=/home/remi/ugway_ws/install/phidgets_api:/home/remi/ugway_ws/install/libphidget22:${AMENT_PREFIX_PATH} CMAKE_PREFIX_PATH=/home/remi/ugway_ws/install/phidgets_api:/home/remi/ugway_ws/install/libphidget22:/opt/ros/humble LD_LIBRARY_PATH=/home/remi/ugway_ws/install/phidgets_api/lib:/home/remi/ugway_ws/install/libphidget22/opt/libphidget22/lib:${LD_LIBRARY_PATH} /usr/bin/cmake /home/remi/ugway_ws/src/phidgets_drivers/phidgets_digital_inputs -DCMAKE_INSTALL_PREFIX=/home/remi/ugway_ws/install/phidgets_digital_inputs
[1.995s] Invoking command in '/home/remi/ugway_ws/build/phidgets_digital_inputs': AMENT_PREFIX_PATH=/home/remi/ugway_ws/install/phidgets_api:/home/remi/ugway_ws/install/libphidget22:${AMENT_PREFIX_PATH} CMAKE_PREFIX_PATH=/home/remi/ugway_ws/install/phidgets_api:/home/remi/ugway_ws/install/libphidget22:/opt/ros/humble LD_LIBRARY_PATH=/home/remi/ugway_ws/install/phidgets_api/lib:/home/remi/ugway_ws/install/libphidget22/opt/libphidget22/lib:${LD_LIBRARY_PATH} /usr/bin/cmake --build /home/remi/ugway_ws/build/phidgets_digital_inputs -- -j16 -l16
[2.090s] [ 50%] [32mBuilding CXX object CMakeFiles/phidgets_digital_inputs.dir/src/digital_inputs_ros_i.cpp.o[0m
[6.753s] [100%] [32m[1mLinking CXX shared library libphidgets_digital_inputs.so[0m
[6.969s] [100%] Built target phidgets_digital_inputs
[6.975s] Invoked command in '/home/remi/ugway_ws/build/phidgets_digital_inputs' returned '0': AMENT_PREFIX_PATH=/home/remi/ugway_ws/install/phidgets_api:/home/remi/ugway_ws/install/libphidget22:${AMENT_PREFIX_PATH} CMAKE_PREFIX_PATH=/home/remi/ugway_ws/install/phidgets_api:/home/remi/ugway_ws/install/libphidget22:/opt/ros/humble LD_LIBRARY_PATH=/home/remi/ugway_ws/install/phidgets_api/lib:/home/remi/ugway_ws/install/libphidget22/opt/libphidget22/lib:${LD_LIBRARY_PATH} /usr/bin/cmake --build /home/remi/ugway_ws/build/phidgets_digital_inputs -- -j16 -l16
[6.993s] Invoking command in '/home/remi/ugway_ws/build/phidgets_digital_inputs': AMENT_PREFIX_PATH=/home/remi/ugway_ws/install/phidgets_api:/home/remi/ugway_ws/install/libphidget22:${AMENT_PREFIX_PATH} CMAKE_PREFIX_PATH=/home/remi/ugway_ws/install/phidgets_api:/home/remi/ugway_ws/install/libphidget22:/opt/ros/humble LD_LIBRARY_PATH=/home/remi/ugway_ws/install/phidgets_api/lib:/home/remi/ugway_ws/install/libphidget22/opt/libphidget22/lib:${LD_LIBRARY_PATH} /usr/bin/cmake --install /home/remi/ugway_ws/build/phidgets_digital_inputs
[6.997s] -- Install configuration: ""
[6.997s] -- Installing: /home/remi/ugway_ws/install/phidgets_digital_inputs/lib/libphidgets_digital_inputs.so
[6.999s] -- Set runtime path of "/home/remi/ugway_ws/install/phidgets_digital_inputs/lib/libphidgets_digital_inputs.so" to ""
[6.999s] -- Installing: /home/remi/ugway_ws/install/phidgets_digital_inputs/include
[6.999s] -- Installing: /home/remi/ugway_ws/install/phidgets_digital_inputs/include/phidgets_digital_inputs
[6.999s] -- Installing: /home/remi/ugway_ws/install/phidgets_digital_inputs/include/phidgets_digital_inputs/digital_inputs_ros_i.hpp
[6.999s] -- Installing: /home/remi/ugway_ws/install/phidgets_digital_inputs/share/phidgets_digital_inputs/launch
[6.999s] -- Installing: /home/remi/ugway_ws/install/phidgets_digital_inputs/share/phidgets_digital_inputs/launch/digital_inputs-launch.py
[6.999s] -- Installing: /home/remi/ugway_ws/install/phidgets_digital_inputs/share/ament_index/resource_index/package_run_dependencies/phidgets_digital_inputs
[7.000s] -- Installing: /home/remi/ugway_ws/install/phidgets_digital_inputs/share/ament_index/resource_index/parent_prefix_path/phidgets_digital_inputs
[7.000s] -- Installing: /home/remi/ugway_ws/install/phidgets_digital_inputs/share/phidgets_digital_inputs/environment/ament_prefix_path.sh
[7.000s] -- Installing: /home/remi/ugway_ws/install/phidgets_digital_inputs/share/phidgets_digital_inputs/environment/ament_prefix_path.dsv
[7.000s] -- Installing: /home/remi/ugway_ws/install/phidgets_digital_inputs/share/phidgets_digital_inputs/environment/path.sh
[7.000s] -- Installing: /home/remi/ugway_ws/install/phidgets_digital_inputs/share/phidgets_digital_inputs/environment/path.dsv
[7.000s] -- Installing: /home/remi/ugway_ws/install/phidgets_digital_inputs/share/phidgets_digital_inputs/local_setup.bash
[7.000s] -- Installing: /home/remi/ugway_ws/install/phidgets_digital_inputs/share/phidgets_digital_inputs/local_setup.sh
[7.001s] -- Installing: /home/remi/ugway_ws/install/phidgets_digital_inputs/share/phidgets_digital_inputs/local_setup.zsh
[7.001s] -- Installing: /home/remi/ugway_ws/install/phidgets_digital_inputs/share/phidgets_digital_inputs/local_setup.dsv
[7.001s] -- Installing: /home/remi/ugway_ws/install/phidgets_digital_inputs/share/phidgets_digital_inputs/package.dsv
[7.001s] -- Installing: /home/remi/ugway_ws/install/phidgets_digital_inputs/share/ament_index/resource_index/packages/phidgets_digital_inputs
[7.001s] -- Installing: /home/remi/ugway_ws/install/phidgets_digital_inputs/share/ament_index/resource_index/rclcpp_components/phidgets_digital_inputs
[7.001s] -- Installing: /home/remi/ugway_ws/install/phidgets_digital_inputs/share/phidgets_digital_inputs/cmake/phidgets_digital_inputsConfig.cmake
[7.001s] -- Installing: /home/remi/ugway_ws/install/phidgets_digital_inputs/share/phidgets_digital_inputs/cmake/phidgets_digital_inputsConfig-version.cmake
[7.001s] -- Installing: /home/remi/ugway_ws/install/phidgets_digital_inputs/share/phidgets_digital_inputs/package.xml
[7.003s] Invoked command in '/home/remi/ugway_ws/build/phidgets_digital_inputs' returned '0': AMENT_PREFIX_PATH=/home/remi/ugway_ws/install/phidgets_api:/home/remi/ugway_ws/install/libphidget22:${AMENT_PREFIX_PATH} CMAKE_PREFIX_PATH=/home/remi/ugway_ws/install/phidgets_api:/home/remi/ugway_ws/install/libphidget22:/opt/ros/humble LD_LIBRARY_PATH=/home/remi/ugway_ws/install/phidgets_api/lib:/home/remi/ugway_ws/install/libphidget22/opt/libphidget22/lib:${LD_LIBRARY_PATH} /usr/bin/cmake --install /home/remi/ugway_ws/build/phidgets_digital_inputs
