[0.036s] Invoking command in '/home/remi/ugway_ws/build/phidgets_ik': AMENT_PREFIX_PATH=/home/remi/ugway_ws/install/phidgets_digital_outputs:/home/remi/ugway_ws/install/phidgets_digital_inputs:/home/remi/ugway_ws/install/phidgets_analog_inputs:/home/remi/ugway_ws/install/phidgets_api:/home/remi/ugway_ws/install/phidgets_msgs:/home/remi/ugway_ws/install/libphidget22:${AMENT_PREFIX_PATH} CMAKE_PREFIX_PATH=/home/remi/ugway_ws/install/phidgets_digital_outputs:/home/remi/ugway_ws/install/phidgets_digital_inputs:/home/remi/ugway_ws/install/phidgets_analog_inputs:/home/remi/ugway_ws/install/phidgets_api:/home/remi/ugway_ws/install/phidgets_msgs:/home/remi/ugway_ws/install/libphidget22:/opt/ros/humble LD_LIBRARY_PATH=/home/remi/ugway_ws/install/phidgets_digital_outputs/lib:/home/remi/ugway_ws/install/phidgets_digital_inputs/lib:/home/remi/ugway_ws/install/phidgets_analog_inputs/lib:/home/remi/ugway_ws/install/phidgets_api/lib:/home/remi/ugway_ws/install/phidgets_msgs/lib:/home/remi/ugway_ws/install/libphidget22/opt/libphidget22/lib:${LD_LIBRARY_PATH} PYTHONPATH=/home/remi/ugway_ws/install/phidgets_msgs/local/lib/python3.10/dist-packages:${PYTHONPATH} /usr/bin/cmake /home/remi/ugway_ws/src/phidgets_drivers/phidgets_ik -DCMAKE_INSTALL_PREFIX=/home/remi/ugway_ws/install/phidgets_ik
[0.067s] -- The C compiler identification is GNU 11.4.0
[0.103s] -- The CXX compiler identification is GNU 11.4.0
[0.109s] -- Detecting C compiler ABI info
[0.145s] -- Detecting C compiler ABI info - done
[0.150s] -- Check for working C compiler: /usr/bin/cc - skipped
[0.150s] -- Detecting C compile features
[0.150s] -- Detecting C compile features - done
[0.153s] -- Detecting CXX compiler ABI info
[0.198s] -- Detecting CXX compiler ABI info - done
[0.203s] -- Check for working CXX compiler: /usr/bin/c++ - skipped
[0.203s] -- Detecting CXX compile features
[0.204s] -- Detecting CXX compile features - done
[0.205s] -- Found ament_cmake: 1.3.5 (/opt/ros/humble/share/ament_cmake/cmake)
[0.432s] -- Found Python3: /usr/bin/python3.10 (found version "3.10.12") found components: Interpreter 
[0.537s] -- Configuring done
[0.538s] -- Generating done
[0.539s] -- Build files have been written to: /home/remi/ugway_ws/build/phidgets_ik
[0.542s] Invoked command in '/home/remi/ugway_ws/build/phidgets_ik' returned '0': AMENT_PREFIX_PATH=/home/remi/ugway_ws/install/phidgets_digital_outputs:/home/remi/ugway_ws/install/phidgets_digital_inputs:/home/remi/ugway_ws/install/phidgets_analog_inputs:/home/remi/ugway_ws/install/phidgets_api:/home/remi/ugway_ws/install/phidgets_msgs:/home/remi/ugway_ws/install/libphidget22:${AMENT_PREFIX_PATH} CMAKE_PREFIX_PATH=/home/remi/ugway_ws/install/phidgets_digital_outputs:/home/remi/ugway_ws/install/phidgets_digital_inputs:/home/remi/ugway_ws/install/phidgets_analog_inputs:/home/remi/ugway_ws/install/phidgets_api:/home/remi/ugway_ws/install/phidgets_msgs:/home/remi/ugway_ws/install/libphidget22:/opt/ros/humble LD_LIBRARY_PATH=/home/remi/ugway_ws/install/phidgets_digital_outputs/lib:/home/remi/ugway_ws/install/phidgets_digital_inputs/lib:/home/remi/ugway_ws/install/phidgets_analog_inputs/lib:/home/remi/ugway_ws/install/phidgets_api/lib:/home/remi/ugway_ws/install/phidgets_msgs/lib:/home/remi/ugway_ws/install/libphidget22/opt/libphidget22/lib:${LD_LIBRARY_PATH} PYTHONPATH=/home/remi/ugway_ws/install/phidgets_msgs/local/lib/python3.10/dist-packages:${PYTHONPATH} /usr/bin/cmake /home/remi/ugway_ws/src/phidgets_drivers/phidgets_ik -DCMAKE_INSTALL_PREFIX=/home/remi/ugway_ws/install/phidgets_ik
[0.543s] Invoking command in '/home/remi/ugway_ws/build/phidgets_ik': AMENT_PREFIX_PATH=/home/remi/ugway_ws/install/phidgets_digital_outputs:/home/remi/ugway_ws/install/phidgets_digital_inputs:/home/remi/ugway_ws/install/phidgets_analog_inputs:/home/remi/ugway_ws/install/phidgets_api:/home/remi/ugway_ws/install/phidgets_msgs:/home/remi/ugway_ws/install/libphidget22:${AMENT_PREFIX_PATH} CMAKE_PREFIX_PATH=/home/remi/ugway_ws/install/phidgets_digital_outputs:/home/remi/ugway_ws/install/phidgets_digital_inputs:/home/remi/ugway_ws/install/phidgets_analog_inputs:/home/remi/ugway_ws/install/phidgets_api:/home/remi/ugway_ws/install/phidgets_msgs:/home/remi/ugway_ws/install/libphidget22:/opt/ros/humble LD_LIBRARY_PATH=/home/remi/ugway_ws/install/phidgets_digital_outputs/lib:/home/remi/ugway_ws/install/phidgets_digital_inputs/lib:/home/remi/ugway_ws/install/phidgets_analog_inputs/lib:/home/remi/ugway_ws/install/phidgets_api/lib:/home/remi/ugway_ws/install/phidgets_msgs/lib:/home/remi/ugway_ws/install/libphidget22/opt/libphidget22/lib:${LD_LIBRARY_PATH} PYTHONPATH=/home/remi/ugway_ws/install/phidgets_msgs/local/lib/python3.10/dist-packages:${PYTHONPATH} /usr/bin/cmake --build /home/remi/ugway_ws/build/phidgets_ik -- -j16 -l16
[0.554s] Invoked command in '/home/remi/ugway_ws/build/phidgets_ik' returned '0': AMENT_PREFIX_PATH=/home/remi/ugway_ws/install/phidgets_digital_outputs:/home/remi/ugway_ws/install/phidgets_digital_inputs:/home/remi/ugway_ws/install/phidgets_analog_inputs:/home/remi/ugway_ws/install/phidgets_api:/home/remi/ugway_ws/install/phidgets_msgs:/home/remi/ugway_ws/install/libphidget22:${AMENT_PREFIX_PATH} CMAKE_PREFIX_PATH=/home/remi/ugway_ws/install/phidgets_digital_outputs:/home/remi/ugway_ws/install/phidgets_digital_inputs:/home/remi/ugway_ws/install/phidgets_analog_inputs:/home/remi/ugway_ws/install/phidgets_api:/home/remi/ugway_ws/install/phidgets_msgs:/home/remi/ugway_ws/install/libphidget22:/opt/ros/humble LD_LIBRARY_PATH=/home/remi/ugway_ws/install/phidgets_digital_outputs/lib:/home/remi/ugway_ws/install/phidgets_digital_inputs/lib:/home/remi/ugway_ws/install/phidgets_analog_inputs/lib:/home/remi/ugway_ws/install/phidgets_api/lib:/home/remi/ugway_ws/install/phidgets_msgs/lib:/home/remi/ugway_ws/install/libphidget22/opt/libphidget22/lib:${LD_LIBRARY_PATH} PYTHONPATH=/home/remi/ugway_ws/install/phidgets_msgs/local/lib/python3.10/dist-packages:${PYTHONPATH} /usr/bin/cmake --build /home/remi/ugway_ws/build/phidgets_ik -- -j16 -l16
[0.564s] Invoking command in '/home/remi/ugway_ws/build/phidgets_ik': AMENT_PREFIX_PATH=/home/remi/ugway_ws/install/phidgets_digital_outputs:/home/remi/ugway_ws/install/phidgets_digital_inputs:/home/remi/ugway_ws/install/phidgets_analog_inputs:/home/remi/ugway_ws/install/phidgets_api:/home/remi/ugway_ws/install/phidgets_msgs:/home/remi/ugway_ws/install/libphidget22:${AMENT_PREFIX_PATH} CMAKE_PREFIX_PATH=/home/remi/ugway_ws/install/phidgets_digital_outputs:/home/remi/ugway_ws/install/phidgets_digital_inputs:/home/remi/ugway_ws/install/phidgets_analog_inputs:/home/remi/ugway_ws/install/phidgets_api:/home/remi/ugway_ws/install/phidgets_msgs:/home/remi/ugway_ws/install/libphidget22:/opt/ros/humble LD_LIBRARY_PATH=/home/remi/ugway_ws/install/phidgets_digital_outputs/lib:/home/remi/ugway_ws/install/phidgets_digital_inputs/lib:/home/remi/ugway_ws/install/phidgets_analog_inputs/lib:/home/remi/ugway_ws/install/phidgets_api/lib:/home/remi/ugway_ws/install/phidgets_msgs/lib:/home/remi/ugway_ws/install/libphidget22/opt/libphidget22/lib:${LD_LIBRARY_PATH} PYTHONPATH=/home/remi/ugway_ws/install/phidgets_msgs/local/lib/python3.10/dist-packages:${PYTHONPATH} /usr/bin/cmake --install /home/remi/ugway_ws/build/phidgets_ik
[0.566s] -- Install configuration: ""
[0.566s] -- Installing: /home/remi/ugway_ws/install/phidgets_ik/share/phidgets_ik/launch
[0.566s] -- Installing: /home/remi/ugway_ws/install/phidgets_ik/share/phidgets_ik/launch/ik-launch.py
[0.566s] -- Installing: /home/remi/ugway_ws/install/phidgets_ik/share/ament_index/resource_index/package_run_dependencies/phidgets_ik
[0.566s] -- Installing: /home/remi/ugway_ws/install/phidgets_ik/share/ament_index/resource_index/parent_prefix_path/phidgets_ik
[0.566s] -- Installing: /home/remi/ugway_ws/install/phidgets_ik/share/phidgets_ik/environment/ament_prefix_path.sh
[0.566s] -- Installing: /home/remi/ugway_ws/install/phidgets_ik/share/phidgets_ik/environment/ament_prefix_path.dsv
[0.566s] -- Installing: /home/remi/ugway_ws/install/phidgets_ik/share/phidgets_ik/environment/path.sh
[0.566s] -- Installing: /home/remi/ugway_ws/install/phidgets_ik/share/phidgets_ik/environment/path.dsv
[0.566s] -- Installing: /home/remi/ugway_ws/install/phidgets_ik/share/phidgets_ik/local_setup.bash
[0.566s] -- Installing: /home/remi/ugway_ws/install/phidgets_ik/share/phidgets_ik/local_setup.sh
[0.566s] -- Installing: /home/remi/ugway_ws/install/phidgets_ik/share/phidgets_ik/local_setup.zsh
[0.567s] -- Installing: /home/remi/ugway_ws/install/phidgets_ik/share/phidgets_ik/local_setup.dsv
[0.567s] -- Installing: /home/remi/ugway_ws/install/phidgets_ik/share/phidgets_ik/package.dsv
[0.567s] -- Installing: /home/remi/ugway_ws/install/phidgets_ik/share/ament_index/resource_index/packages/phidgets_ik
[0.567s] -- Installing: /home/remi/ugway_ws/install/phidgets_ik/share/phidgets_ik/cmake/phidgets_ikConfig.cmake
[0.567s] -- Installing: /home/remi/ugway_ws/install/phidgets_ik/share/phidgets_ik/cmake/phidgets_ikConfig-version.cmake
[0.567s] -- Installing: /home/remi/ugway_ws/install/phidgets_ik/share/phidgets_ik/package.xml
[0.568s] Invoked command in '/home/remi/ugway_ws/build/phidgets_ik' returned '0': AMENT_PREFIX_PATH=/home/remi/ugway_ws/install/phidgets_digital_outputs:/home/remi/ugway_ws/install/phidgets_digital_inputs:/home/remi/ugway_ws/install/phidgets_analog_inputs:/home/remi/ugway_ws/install/phidgets_api:/home/remi/ugway_ws/install/phidgets_msgs:/home/remi/ugway_ws/install/libphidget22:${AMENT_PREFIX_PATH} CMAKE_PREFIX_PATH=/home/remi/ugway_ws/install/phidgets_digital_outputs:/home/remi/ugway_ws/install/phidgets_digital_inputs:/home/remi/ugway_ws/install/phidgets_analog_inputs:/home/remi/ugway_ws/install/phidgets_api:/home/remi/ugway_ws/install/phidgets_msgs:/home/remi/ugway_ws/install/libphidget22:/opt/ros/humble LD_LIBRARY_PATH=/home/remi/ugway_ws/install/phidgets_digital_outputs/lib:/home/remi/ugway_ws/install/phidgets_digital_inputs/lib:/home/remi/ugway_ws/install/phidgets_analog_inputs/lib:/home/remi/ugway_ws/install/phidgets_api/lib:/home/remi/ugway_ws/install/phidgets_msgs/lib:/home/remi/ugway_ws/install/libphidget22/opt/libphidget22/lib:${LD_LIBRARY_PATH} PYTHONPATH=/home/remi/ugway_ws/install/phidgets_msgs/local/lib/python3.10/dist-packages:${PYTHONPATH} /usr/bin/cmake --install /home/remi/ugway_ws/build/phidgets_ik
