[0.056s] Invoking command in '/home/remi/ugway_ws/build/libphidget22': CMAKE_PREFIX_PATH=/opt/ros/humble /usr/bin/cmake --build /home/remi/ugway_ws/build/libphidget22 -- -j16 -l16
[0.069s] [ 12%] [34m[1mPerforming download step (download, verify and extract) for 'EP_libphidget22'[0m
[0.071s] -- verifying file...
[0.071s]        file='/home/remi/ugway_ws/build/libphidget22/EP_libphidget22-prefix/src/libphidget22-1.13.20230224.tar.gz'
[0.071s] -- MD5 hash of
[0.071s]     /home/remi/ugway_ws/build/libphidget22/EP_libphidget22-prefix/src/libphidget22-1.13.20230224.tar.gz
[0.071s]   does not match expected value
[0.072s]     expected: 'e34f6bf266562d1950a82067ab5beaa9'
[0.072s]       actual: 'd41d8cd98f00b204e9800998ecf8427e'
[0.072s] -- File already exists but hash mismatch. Removing...
[0.072s] -- Downloading...
[0.072s]    dst='/home/remi/ugway_ws/build/libphidget22/EP_libphidget22-prefix/src/libphidget22-1.13.20230224.tar.gz'
[0.072s]    timeout='none'
[0.072s]    inactivity timeout='none'
[0.072s] -- Using src='https://www.phidgets.com/downloads/phidget22/libraries/linux/libphidget22/libphidget22-1.13.20230224.tar.gz'
[2.345s] -- [download 1% complete]
[2.345s] -- [download 2% complete]
[2.346s] -- [download 3% complete]
[2.346s] -- [download 4% complete]
[2.346s] -- [download 5% complete]
[2.581s] -- [download 6% complete]
[2.581s] -- [download 7% complete]
[2.581s] -- [download 8% complete]
[2.583s] -- [download 9% complete]
[2.583s] -- [download 10% complete]
[4.977s] -- [download 11% complete]
[6.094s] -- [download 12% complete]
[6.285s] -- [download 13% complete]
[7.078s] -- [download 14% complete]
[7.078s] -- [download 15% complete]
[7.960s] -- [download 16% complete]
[7.960s] -- [download 17% complete]
[8.211s] -- [download 18% complete]
[10.112s] -- [download 19% complete]
[10.112s] -- [download 20% complete]
[11.164s] -- [download 21% complete]
[11.844s] -- [download 22% complete]
[12.328s] -- [download 23% complete]
[12.328s] -- [download 24% complete]
[13.042s] -- [download 25% complete]
[13.042s] -- [download 26% complete]
[13.280s] -- [download 27% complete]
[13.280s] -- [download 28% complete]
[13.545s] -- [download 29% complete]
[13.545s] -- [download 30% complete]
[13.729s] -- [download 31% complete]
[13.729s] -- [download 32% complete]
[13.962s] -- [download 33% complete]
[13.962s] -- [download 34% complete]
[13.962s] -- [download 35% complete]
[14.196s] -- [download 36% complete]
[14.196s] -- [download 37% complete]
[15.519s] -- [download 38% complete]
[15.519s] -- [download 39% complete]
[15.519s] -- [download 40% complete]
[15.761s] -- [download 41% complete]
[15.761s] -- [download 42% complete]
[15.761s] -- [download 43% complete]
[16.195s] -- [download 44% complete]
[16.195s] -- [download 45% complete]
[16.388s] -- [download 46% complete]
[16.388s] -- [download 47% complete]
[16.389s] -- [download 48% complete]
[16.570s] -- [download 49% complete]
[16.570s] -- [download 50% complete]
[16.570s] -- [download 51% complete]
[16.979s] -- [download 52% complete]
[16.979s] -- [download 53% complete]
[16.979s] -- [download 54% complete]
[16.979s] -- [download 55% complete]
[17.446s] -- [download 56% complete]
[17.446s] -- [download 57% complete]
[17.446s] -- [download 58% complete]
[17.828s] -- [download 59% complete]
[17.828s] -- [download 60% complete]
[17.828s] -- [download 61% complete]
[17.831s] -- [download 62% complete]
[18.078s] -- [download 63% complete]
[18.078s] -- [download 64% complete]
[18.080s] -- [download 65% complete]
[18.692s] -- [download 66% complete]
[18.692s] -- [download 67% complete]
[18.692s] -- [download 68% complete]
[18.693s] -- [download 69% complete]
[19.079s] -- [download 70% complete]
[19.079s] -- [download 71% complete]
[19.081s] -- [download 72% complete]
[19.229s] -- [download 73% complete]
[19.229s] -- [download 74% complete]
[19.229s] -- [download 75% complete]
[19.229s] -- [download 76% complete]
[19.646s] -- [download 77% complete]
[19.646s] -- [download 78% complete]
[19.646s] -- [download 79% complete]
[19.648s] -- [download 80% complete]
[19.864s] -- [download 81% complete]
[19.864s] -- [download 82% complete]
[19.864s] -- [download 83% complete]
[19.866s] -- [download 84% complete]
[19.866s] -- [download 85% complete]
[20.112s] -- [download 86% complete]
[20.112s] -- [download 87% complete]
[20.120s] -- [download 88% complete]
[20.120s] -- [download 89% complete]
[20.660s] -- [download 90% complete]
[20.660s] -- [download 91% complete]
[20.660s] -- [download 92% complete]
[20.661s] -- [download 93% complete]
[21.414s] -- [download 94% complete]
[21.414s] -- [download 95% complete]
[21.414s] -- [download 96% complete]
[21.417s] -- [download 97% complete]
[21.682s] -- [download 98% complete]
[21.682s] -- [download 99% complete]
[21.682s] -- [download 100% complete]
[21.682s] -- verifying file...
[21.682s]        file='/home/remi/ugway_ws/build/libphidget22/EP_libphidget22-prefix/src/libphidget22-1.13.20230224.tar.gz'
[21.684s] -- Downloading... done
[21.689s] -- extracting...
[21.690s]      src='/home/remi/ugway_ws/build/libphidget22/EP_libphidget22-prefix/src/libphidget22-1.13.20230224.tar.gz'
[21.690s]      dst='/home/remi/ugway_ws/build/libphidget22/libphidget22-src'
[21.690s] -- extracting... [tar xfz]
[21.717s] -- extracting... [analysis]
[21.717s] -- extracting... [rename]
[21.717s] -- extracting... [clean up]
[21.717s] -- extracting... done
[21.721s] [ 25%] [34m[1mNo update step for 'EP_libphidget22'[0m
[21.727s] [ 37%] [34m[1mPerforming patch step for 'EP_libphidget22'[0m
[21.729s] patching file configure
[21.730s] patching file src/class/generic.c
[21.730s] patching file src/class/motorpositioncontroller.c
[21.730s] patching file src/device/bridgedevice.c
[21.730s] patching file src/device/dataadapterdevice.c
[21.730s] patching file src/device/encoderdevice.c
[21.731s] patching file src/device/hubdevice.c
[21.731s] patching file src/device/meshdongledevice.c
[21.731s] patching file src/device/rfiddevice.c
[21.731s] patching file src/ext/mos/sha2.c
[21.731s] patching file src/plat/linux/usblinux.c
[21.731s] patching file src/util/dataadaptersupport.c
[21.732s] patching file src/util/log.c
[21.732s] patching file src/util/phidgetlog.h
[21.732s] patching file src/vintpackets.c
[21.737s] [ 50%] [34m[1mPerforming configure step for 'EP_libphidget22'[0m
[21.821s] checking for a BSD-compatible install... /usr/bin/install -c
[21.822s] checking whether build environment is sane... yes
[21.828s] checking for a thread-safe mkdir -p... /usr/bin/mkdir -p
[21.828s] checking for gawk... no
[21.828s] checking for mawk... mawk
[21.833s] checking whether make sets $(MAKE)... yes
[21.836s] checking whether make supports nested variables... yes
[21.843s] checking for style of include used by make... GNU
[21.843s] checking for gcc... gcc
[21.882s] checking whether the C compiler works... yes
[21.882s] checking for C compiler default output file name... a.out
[21.904s] checking for suffix of executables... 
[21.930s] checking whether we are cross compiling... no
[21.943s] checking for suffix of object files... o
[21.954s] checking whether we are using the GNU C compiler... yes
[21.964s] checking whether gcc accepts -g... yes
[21.985s] checking for gcc option to accept ISO C89... none needed
[22.003s] checking whether gcc understands -c and -o together... yes
[22.022s] checking dependency style of gcc... gcc3
[22.022s] checking for ar... ar
[22.033s] checking the archiver (ar) interface... ar
[22.067s] checking build system type... x86_64-unknown-linux-gnu
[22.067s] checking host system type... x86_64-unknown-linux-gnu
[22.085s] checking how to print strings... printf
[22.088s] checking for a sed that does not truncate output... /usr/bin/sed
[22.090s] checking for grep that handles long lines and -e... /usr/bin/grep
[22.091s] checking for egrep... /usr/bin/grep -E
[22.092s] checking for fgrep... /usr/bin/grep -F
[22.095s] checking for ld used by gcc... /usr/bin/ld
[22.097s] checking if the linker (/usr/bin/ld) is GNU ld... yes
[22.098s] checking for BSD- or MS-compatible name lister (nm)... /usr/bin/nm -B
[22.110s] checking the name lister (/usr/bin/nm -B) interface... BSD nm
[22.110s] checking whether ln -s works... yes
[22.113s] checking the maximum length of command line arguments... 1572864
[22.113s] checking whether the shell understands some XSI constructs... yes
[22.113s] checking whether the shell understands "+="... yes
[22.115s] checking how to convert x86_64-unknown-linux-gnu file names to x86_64-unknown-linux-gnu format... func_convert_file_noop
[22.115s] checking how to convert x86_64-unknown-linux-gnu file names to toolchain format... func_convert_file_noop
[22.116s] checking for /usr/bin/ld option to reload object files... -r
[22.116s] checking for objdump... objdump
[22.116s] checking how to recognize dependent libraries... pass_all
[22.116s] checking for dlltool... no
[22.116s] checking how to associate runtime and link libraries... printf %s\n
[22.132s] checking for archiver @FILE support... @
[22.132s] checking for strip... strip
[22.132s] checking for ranlib... ranlib
[22.175s] checking command to parse /usr/bin/nm -B output from gcc object... ok
[22.176s] checking for sysroot... no
[22.189s] checking for mt... mt
[22.192s] checking if mt is a manifest tool... no
[22.208s] checking how to run the C preprocessor... gcc -E
[22.286s] checking for ANSI C header files... yes
[22.301s] checking for sys/types.h... yes
[22.320s] checking for sys/stat.h... yes
[22.339s] checking for stdlib.h... yes
[22.358s] checking for string.h... yes
[22.378s] checking for memory.h... yes
[22.398s] checking for strings.h... yes
[22.417s] checking for inttypes.h... yes
[22.437s] checking for stdint.h... yes
[22.461s] checking for unistd.h... yes
[22.482s] checking for dlfcn.h... yes
[22.485s] checking for objdir... .libs
[22.532s] checking if gcc supports -fno-rtti -fno-exceptions... no
[22.532s] checking for gcc option to produce PIC... -fPIC -DPIC
[22.544s] checking if gcc PIC flag -fPIC -DPIC works... yes
[22.610s] checking if gcc static flag -static works... yes
[22.627s] checking if gcc supports -c -o file.o... yes
[22.627s] checking if gcc supports -c -o file.o... (cached) yes
[22.632s] checking whether the gcc linker (/usr/bin/ld -m elf_x86_64) supports shared libraries... yes
[22.647s] checking whether -lc should be explicitly linked in... no
[22.681s] checking dynamic linker characteristics... GNU/Linux ld.so
[22.681s] checking how to hardcode library paths into programs... immediate
[22.682s] checking whether stripping libraries is possible... yes
[22.682s] checking if libtool supports shared libraries... yes
[22.682s] checking whether to build shared libraries... yes
[22.682s] checking whether to build static libraries... yes
[22.683s] checking whether make supports nested variables... (cached) yes
[22.713s] checking for gcc option to accept ISO C99... none needed
[22.752s] checking whether byte ordering is bigendian... no
[22.752s] checking for ldconfig... /sbin/ldconfig
[22.776s] checking for library containing dlopen... none required
[22.830s] checking for library containing sqrt... -lm
[22.855s] checking for library containing pthread_create... none required
[22.908s] checking for library containing libusb_init... -lusb-1.0
[22.918s] checking for newlocale in xlocale.h... no
[22.932s] checking for newlocale in locale.h... yes
[22.951s] checking that generated files are newer than configure... done
[22.951s] configure: creating ./config.status
[23.299s] config.status: creating Makefile
[23.307s] config.status: creating libphidget22.pc
[23.314s] config.status: executing depfiles commands
[23.494s] config.status: executing libtool commands
[23.555s] [ 62%] [34m[1mPerforming build step for 'EP_libphidget22'[0m
[23.570s]   CC       src/formatters.lo
[23.570s]   CC       src/gpp.lo
[23.570s]   CC       src/lightning.lo
[23.571s]   CC       src/mesh.lo
[23.571s]   CC       src/manager.lo
[23.572s]   CC       src/object.lo
[23.572s]   CC       src/phidget.lo
[23.572s]   CC       src/phidget22.lo
[23.573s]   CC       src/spi.lo
[23.573s]   CC       src/stats.lo
[23.574s]   CC       src/supportedpacket.gen.lo
[23.574s]   CC       src/usb.lo
[23.576s]   CC       src/vintpackets.lo
[23.576s]   CC       src/vint.lo
[23.579s]   CC       src/virtual.lo
[23.580s] Making phidget22.h
[23.612s]   CC       src/analogsensor.lo
[23.909s]   CC       src/bridge.lo
[23.928s]   CC       src/bridgepackets.gen.lo
[23.932s]   CC       src/class/accelerometer.lo
[23.981s]   CC       src/class/bldcmotor.lo
[24.002s]   CC       src/class/capacitivetouch.lo
[24.045s]   CC       src/class/currentinput.lo
[24.071s]   CC       src/class/currentoutput.lo
[24.102s]   CC       src/class/dataadapter.lo
[24.173s]   CC       src/class/dcmotor.lo
[24.176s]   CC       src/class/dictionary.lo
[24.221s]   CC       src/class/digitalinput.lo
[24.252s]   CC       src/class/digitaloutput.lo
[24.294s]   CC       src/class/distancesensor.lo
[24.426s]   CC       src/class/encoder.lo
[24.643s]   CC       src/class/firmwareupgrade.lo
[24.703s]   CC       src/class/frequencycounter.lo
[24.841s]   CC       src/class/generic.lo
[24.864s]   CC       src/class/gps.lo
[24.894s]   CC       src/class/gyroscope.lo
[24.897s]   CC       src/class/hub.lo
[25.099s]   CC       src/class/humiditysensor.lo
[25.108s]   CC       src/class/ir.lo
[25.200s]   CC       src/class/lcd.lo
[25.217s]   CC       src/class/lightsensor.lo
[25.247s]   CC       src/class/magnetometer.lo
[25.300s]   CC       src/class/meshdongle.lo
[25.402s]   CC       src/class/motorpositioncontroller.lo
[25.473s]   CC       src/class/motorvelocitycontroller.lo
[25.479s]   CC       src/class/phsensor.lo
[25.562s]   CC       src/class/powerguard.lo
[25.650s]   CC       src/class/pressuresensor.lo
[25.656s]   CC       src/class/rcservo.lo
[25.694s]   CC       src/class/resistanceinput.lo
[25.780s]   CC       src/class/rfid.lo
[25.846s]   CC       src/class/soundsensor.lo
[25.855s]   CC       src/class/spatial.lo
[25.992s]   CC       src/class/stepper.lo
[26.084s]   CC       src/class/temperaturesensor.lo
[26.186s]   CC       src/class/voltageinput.lo
[26.321s]   CC       src/class/voltageoutput.lo
[26.376s]   CC       src/class/voltageratioinput.lo
[26.452s]   CC       src/constants.lo
[26.485s]   CC       src/datainterval.gen.lo
[26.491s]   CC       src/debug.lo
[26.507s]   CC       src/device/accelerometerdevice.lo
[26.588s]   CC       src/device/advancedservodevice.lo
[26.619s]   CC       src/device/analogdevice.lo
[26.767s]   CC       src/device/bridgedevice.lo
[26.821s]   CC       src/device/dataadapterdevice.lo
[27.012s]   CC       src/device/dictionarydevice.lo
[27.019s]   CC       src/device/encoderdevice.lo
[27.077s]   CC       src/device/firmwareupgradedevice.lo
[27.115s]   CC       src/device/frequencycounterdevice.lo
[27.137s]   CC       src/device/genericdevice.lo
[27.149s]   CC       src/device/gpsdevice.lo
[27.149s]   CC       src/device/hubdevice.lo
[27.190s]   CC       src/device/interfacekitdevice.lo
[27.273s]   CC       src/device/irdevice.lo
[27.360s]   CC       src/device/leddevice.lo
[27.431s]   CC       src/device/meshdongledevice.lo
[27.438s]   CC       src/device/motorcontroldevice.lo
[27.438s]   CC       src/device/phsensordevice.lo
[27.514s]   CC       src/device/rfiddevice.lo
[27.542s]   CC       src/device/servodevice.lo
[27.597s]   CC       src/device/spatialdevice.lo
[27.624s]   CC       src/device/stepperdevice.lo
[27.628s]   CC       src/device/temperaturesensordevice.lo
[27.725s]   CC       src/device/textlcddevice.lo
[27.754s]   CC       src/device/vintdevice.lo
[27.843s]   CC       src/devices.lo
[27.905s]   CC       src/dispatch.lo
[27.914s]   CC       src/enumutil.gen.lo
[27.947s]   CC       src/errorstrings.gen.lo
[28.146s]   CC       src/ext/cvtutf.lo
[28.173s]   CC       src/ext/md5.lo
[28.191s]   CC       src/ext/mos/base64.lo
[28.197s]   CC       src/ext/mos/base.lo
[28.382s]   CC       src/ext/mos/crc32.lo
[28.420s]   CC       src/ext/mos/ctype.lo
[28.439s]   CC       src/ext/mos/endswith.lo
[28.448s]   CC       src/ext/mos/getcwd.lo
[28.471s]   CC       src/ext/mos/getenv.lo
[28.509s]   CC       src/ext/mos/getopt.lo
[28.511s]   CC       src/ext/mos/getpasswd-unix.lo
[28.542s]   CC       src/ext/mos/glob.lo
[28.547s]   CC       src/ext/mos/glock.lo
[28.651s]   CC       src/ext/mos/hexdump.lo
[28.657s]   CC       src/ext/mos/init_daemon.lo
[28.688s]   CC       src/ext/mos/iop.lo
[28.700s]   CC       src/ext/mos/kv/kv.lo
[28.722s]   CC       src/ext/mos/kv/kvent.lo
[28.727s]   CC       src/ext/mos/kv/parse.lo
[28.738s]   CC       src/ext/mos/kv/scan.lo
[28.768s]   CC       src/ext/mos/malloc.lo
[28.775s]   CC       src/ext/mos/malloc-user.lo
[28.778s]   CC       src/ext/mos/md5c.lo
[28.795s]   CC       src/ext/mos/memchr.lo
[28.804s]   CC       src/ext/mos/memcmp.lo
[28.909s]   CC       src/ext/mos/memmem.lo
[28.934s]   CC       src/ext/mos/mkdirp.lo
[28.956s]   CC       src/ext/mos/mos_atomic-pthread.lo
[28.980s]   CC       src/ext/mos/mos_dl-unix.lo
[29.004s]   CC       src/ext/mos/mos_error-errno.lo
[29.005s]   CC       src/ext/mos/mos_fileio-unix-user.lo
[29.009s]   CC       src/ext/mos/mos_lock-pthread.lo
[29.025s]   CC       src/ext/mos/mos_net.lo
[29.025s]   CC       src/ext/mos/mos_netops-unix.lo
[29.078s]   CC       src/ext/mos/mos_os.lo
[29.128s]   CC       src/ext/mos/mos_random-unix.lo
[29.133s]   CC       src/ext/mos/mos_setenv-native.lo
[29.155s]   CC       src/ext/mos/mos_stacktrace-gnu.lo
[29.175s]   CC       src/ext/mos/mos_task-pthread.lo
[29.176s]   CC       src/ext/mos/mos_time-unix.lo
[29.205s]   CC       src/ext/mos/mos_tlock.lo
[29.223s]   CC       src/ext/mos/path.lo
[29.344s]   CC       src/ext/mos/pkcs5_pbkdf2.lo
[29.356s]   CC       src/ext/mos/printf-smart.lo
[29.367s]   CC       src/ext/mos/process-unix.lo
[29.370s]   CC       src/ext/mos/rand48.lo
[29.394s]   CC       src/ext/mos/random.lo
[29.420s]   CC       src/ext/mos/readdir-unix.lo
[29.433s]   CC       src/ext/mos/readline.lo
[29.466s]   CC       src/ext/mos/rwrlock.lo
[29.482s]   CC       src/ext/mos/scanf.lo
[29.516s]   CC       src/ext/mos/sha1.lo
[29.527s]   CC       src/ext/mos/sha2.lo
[29.542s]   CC       src/ext/mos/snprintf.lo
[29.550s]   CC       src/ext/mos/strcasecmp.lo
[29.561s]   CC       src/ext/mos/strchr.lo
[29.573s]   CC       src/ext/mos/strcmp.lo
[29.599s]   CC       src/ext/mos/strdup.lo
[29.619s]   CC       src/ext/mos/strlcat.lo
[29.634s]   CC       src/ext/mos/strlcpy.lo
[29.713s]   CC       src/ext/mos/strlen.lo
[29.718s]   CC       src/ext/mos/strncmp.lo
[29.758s]   CC       src/ext/mos/strncpy.lo
[29.775s]   CC       src/ext/mos/strnsep.lo
[29.781s]   CC       src/ext/mos/strnstr.lo
[29.783s]   CC       src/ext/mos/strrchr.lo
[29.805s]   CC       src/ext/mos/strrev.lo
[29.823s]   CC       src/ext/mos/strstr.lo
[29.843s]   CC       src/ext/mos/strton.lo
[29.852s]   CC       src/ext/mos/strtrim.lo
[29.864s]   CC       src/ext/mos/time.lo
[29.908s]   CC       src/ext/mos/urldecode.lo
[29.927s]   CC       src/ext/mos/urlencode.lo
[29.941s]   CC       src/ext/mos/vasprintf.lo
[29.984s]   CC       src/network/channel.lo
[29.989s]   CC       src/network/client.lo
[30.001s]   CC       src/network/network.lo
[30.008s]   CC       src/network/networkcontrol.lo
[30.026s]   CC       src/network/server.lo
[30.051s]   CC       src/network/servers.lo
[30.104s]   CC       src/network/zeroconf-avahi.lo
[30.127s]   CC       src/plat/linux/usblinux.lo
[30.146s]   CC       src/util/config.lo
[30.185s]   CC       src/util/dataadaptersupport.lo
[30.193s]   CC       src/util/irsupport.lo
[30.205s]   CC       src/util/jsmn.lo
[30.372s]   CC       src/util/json.lo
[30.568s]   CC       src/util/log.lo
[30.690s]   CC       src/util/packettracker.lo
[30.762s]   CC       src/util/packing.lo
[30.785s]   CC       src/util/rfidsupport.lo
[30.817s]   CC       src/util/utils.lo
[30.850s]   CC       src/util/voltageinputsupport.lo
[31.919s]   CCLD     libphidget22.la
[32.192s] [ 75%] [34m[1mPerforming install step for 'EP_libphidget22'[0m
[32.328s]  /usr/bin/mkdir -p '/home/remi/ugway_ws/build/libphidget22/libphidget22_install/lib'
[32.329s]  /usr/bin/mkdir -p '/home/remi/ugway_ws/build/libphidget22/libphidget22_install/include/mos'
[32.329s]  /usr/bin/mkdir -p '/home/remi/ugway_ws/build/libphidget22/libphidget22_install/include/mos/kv'
[32.329s]  /bin/bash ./libtool   --mode=install /usr/bin/install -c   libphidget22.la '/home/remi/ugway_ws/build/libphidget22/libphidget22_install/lib'
[32.329s]  /usr/bin/mkdir -p '/home/remi/ugway_ws/build/libphidget22/libphidget22_install/lib/pkgconfig'
[32.329s]  /usr/bin/mkdir -p '/home/remi/ugway_ws/build/libphidget22/libphidget22_install/include'
[32.331s]  /usr/bin/install -c -m 644 /home/remi/ugway_ws/build/libphidget22/libphidget22-src/src/ext/mos/kv/kv.h /home/remi/ugway_ws/build/libphidget22/libphidget22-src/src/ext/mos/kv/parse.h /home/remi/ugway_ws/build/libphidget22/libphidget22-src/src/ext/mos/kv/scan.h '/home/remi/ugway_ws/build/libphidget22/libphidget22_install/include/mos/kv'
[32.331s]  /usr/bin/install -c -m 644 phidget22.h '/home/remi/ugway_ws/build/libphidget22/libphidget22_install/include'
[32.331s]  /usr/bin/install -c -m 644 libphidget22.pc '/home/remi/ugway_ws/build/libphidget22/libphidget22_install/lib/pkgconfig'
[32.331s]  /usr/bin/install -c -m 644 /home/remi/ugway_ws/build/libphidget22/libphidget22-src/src/ext/mos/bsdqueue.h /home/remi/ugway_ws/build/libphidget22/libphidget22-src/src/ext/mos/bsdtree.h /home/remi/ugway_ws/build/libphidget22/libphidget22-src/src/ext/mos/init_daemon.h /home/remi/ugway_ws/build/libphidget22/libphidget22-src/src/ext/mos/mos_assert.h /home/remi/ugway_ws/build/libphidget22/libphidget22-src/src/ext/mos/mos_atomic.h /home/remi/ugway_ws/build/libphidget22/libphidget22-src/src/ext/mos/mos_base64.h /home/remi/ugway_ws/build/libphidget22/libphidget22-src/src/ext/mos/mos_basic.h /home/remi/ugway_ws/build/libphidget22/libphidget22-src/src/ext/mos/mos_basic_types.h /home/remi/ugway_ws/build/libphidget22/libphidget22-src/src/ext/mos/mos_byteorder.h /home/remi/ugway_ws/build/libphidget22/libphidget22-src/src/ext/mos/mos_crc32.h /home/remi/ugway_ws/build/libphidget22/libphidget22-src/src/ext/mos/mos_crc32_impl.h /home/remi/ugway_ws/build/libphidget22/libphidget22-src/src/ext/mos/mos_dl.h /home/remi/ugway_ws/build/libphidget22/libphidget22-src/src/ext/mos/mos_endian-i386.h /home/remi/ugway_ws/build/libphidget22/libphidget22-src/src/ext/mos/mos_error-errno.h /home/remi/ugway_ws/build/libphidget22/libphidget22-src/src/ext/mos/mos_fmt.h /home/remi/ugway_ws/build/libphidget22/libphidget22-src/src/ext/mos/mos_fileio.h /home/remi/ugway_ws/build/libphidget22/libphidget22-src/src/ext/mos/mos_getpasswd.h /home/remi/ugway_ws/build/libphidget22/libphidget22-src/src/ext/mos/mos_hexdump.h /home/remi/ugway_ws/build/libphidget22/libphidget22-src/src/ext/mos/mos_iop.h /home/remi/ugway_ws/build/libphidget22/libphidget22-src/src/ext/mos/mos_lock.h /home/remi/ugway_ws/build/libphidget22/libphidget22-src/src/ext/mos/mos_macrocompat.h /home/remi/ugway_ws/build/libphidget22/libphidget22-src/src/ext/mos/mos_md5.h /home/remi/ugway_ws/build/libphidget22/libphidget22-src/src/ext/mos/mos_net.h /home/remi/ugway_ws/build/libphidget22/libphidget22-src/src/ext/mos/mos_netops.h /home/remi/ugway_ws/build/libphidget22/libphidget22-src/src/ext/mos/mos_os.h /home/remi/ugway_ws/build/libphidget22/libphidget22-src/src/ext/mos/mos_os-Linux-user.h /home/remi/ugway_ws/build/libphidget22/libphidget22-src/src/ext/mos/mos_random.h /home/remi/ugway_ws/build/libphidget22/libphidget22-src/src/ext/mos/mos_readdir.h /home/remi/ugway_ws/build/libphidget22/libphidget22-src/src/ext/mos/mos_readline.h /home/remi/ugway_ws/build/libphidget22/libphidget22-src/src/ext/mos/mos_rwrlock.h /home/remi/ugway_ws/build/libphidget22/libphidget22-src/src/ext/mos/mos_service.h /home/remi/ugway_ws/build/libphidget22/libphidget22-src/src/ext/mos/mos_sha1.h /home/remi/ugway_ws/build/libphidget22/libphidget22-src/src/ext/mos/mos_sha2.h /home/remi/ugway_ws/build/libphidget22/libphidget22-src/src/ext/mos/mos_stacktrace.h /home/remi/ugway_ws/build/libphidget22/libphidget22-src/src/ext/mos/mos_task.h /home/remi/ugway_ws/build/libphidget22/libphidget22-src/src/ext/mos/mos_time.h /home/remi/ugway_ws/build/libphidget22/libphidget22-src/src/ext/mos/mos_tlock.h /home/remi/ugway_ws/build/libphidget22/libphidget22-src/src/ext/mos/mos_typeio.h /home/remi/ugway_ws/build/libphidget22/libphidget22-src/src/ext/mos/mos_urldecode.h /home/remi/ugway_ws/build/libphidget22/libphidget22-src/src/ext/mos/mos_urlencode.h '/home/remi/ugway_ws/build/libphidget22/libphidget22_install/include/mos'
[32.333s]  /usr/bin/install -c -m 644 /home/remi/ugway_ws/build/libphidget22/libphidget22-src/src/ext/mos/pkcs5_pbkdf2.h '/home/remi/ugway_ws/build/libphidget22/libphidget22_install/include/mos'
[32.335s] libtool: install: /usr/bin/install -c .libs/libphidget22.so.0.0.0 /home/remi/ugway_ws/build/libphidget22/libphidget22_install/lib/libphidget22.so.0.0.0
[32.339s] libtool: install: (cd /home/remi/ugway_ws/build/libphidget22/libphidget22_install/lib && { ln -s -f libphidget22.so.0.0.0 libphidget22.so.0 || { rm -f libphidget22.so.0 && ln -s libphidget22.so.0.0.0 libphidget22.so.0; }; })
[32.340s] libtool: install: (cd /home/remi/ugway_ws/build/libphidget22/libphidget22_install/lib && { ln -s -f libphidget22.so.0.0.0 libphidget22.so || { rm -f libphidget22.so && ln -s libphidget22.so.0.0.0 libphidget22.so; }; })
[32.341s] libtool: install: /usr/bin/install -c .libs/libphidget22.lai /home/remi/ugway_ws/build/libphidget22/libphidget22_install/lib/libphidget22.la
[32.342s] libtool: install: /usr/bin/install -c .libs/libphidget22.a /home/remi/ugway_ws/build/libphidget22/libphidget22_install/lib/libphidget22.a
[32.351s] libtool: install: chmod 644 /home/remi/ugway_ws/build/libphidget22/libphidget22_install/lib/libphidget22.a
[32.352s] libtool: install: ranlib /home/remi/ugway_ws/build/libphidget22/libphidget22_install/lib/libphidget22.a
[32.410s] libtool: finish: PATH="/opt/ros/humble/bin:/usr/local/sbin:/usr/local/bin:/usr/sbin:/usr/bin:/sbin:/bin:/usr/games:/usr/local/games:/snap/bin:/snap/bin:/sbin" ldconfig -n /home/remi/ugway_ws/build/libphidget22/libphidget22_install/lib
[32.414s] ----------------------------------------------------------------------
[32.414s] Libraries have been installed in:
[32.414s]    /home/remi/ugway_ws/build/libphidget22/libphidget22_install/lib
[32.414s] 
[32.414s] If you ever happen to want to link against installed libraries
[32.415s] in a given directory, LIBDIR, you must either use libtool, and
[32.415s] specify the full pathname of the library, or use the `-LLIBDIR'
[32.415s] flag during linking and do at least one of the following:
[32.415s]    - add LIBDIR to the `LD_LIBRARY_PATH' environment variable
[32.415s]      during execution
[32.415s]    - add LIBDIR to the `LD_RUN_PATH' environment variable
[32.415s]      during linking
[32.415s]    - use the `-Wl,-rpath -Wl,LIBDIR' linker flag
[32.415s]    - have your system administrator add LIBDIR to `/etc/ld.so.conf'
[32.415s] 
[32.415s] See any operating system documentation about shared libraries for
[32.415s] more information, such as the ld(1) and ld.so(8) manual pages.
[32.415s] ----------------------------------------------------------------------
[32.469s] [ 87%] [34m[1mCompleted 'EP_libphidget22'[0m
[32.477s] [100%] Built target EP_libphidget22
[32.480s] Invoked command in '/home/remi/ugway_ws/build/libphidget22' returned '0': CMAKE_PREFIX_PATH=/opt/ros/humble /usr/bin/cmake --build /home/remi/ugway_ws/build/libphidget22 -- -j16 -l16
[32.490s] Invoking command in '/home/remi/ugway_ws/build/libphidget22': CMAKE_PREFIX_PATH=/opt/ros/humble /usr/bin/cmake --install /home/remi/ugway_ws/build/libphidget22
[32.492s] -- Install configuration: ""
[32.492s] -- Installing: /home/remi/ugway_ws/install/libphidget22/opt/libphidget22/lib/
[32.492s] -- Installing: /home/remi/ugway_ws/install/libphidget22/opt/libphidget22/lib//pkgconfig
[32.492s] -- Installing: /home/remi/ugway_ws/install/libphidget22/opt/libphidget22/lib//pkgconfig/libphidget22.pc
[32.492s] -- Installing: /home/remi/ugway_ws/install/libphidget22/opt/libphidget22/lib//libphidget22.so
[32.492s] -- Installing: /home/remi/ugway_ws/install/libphidget22/opt/libphidget22/lib//libphidget22.so.0
[32.492s] -- Installing: /home/remi/ugway_ws/install/libphidget22/opt/libphidget22/lib//libphidget22.a
[32.503s] -- Installing: /home/remi/ugway_ws/install/libphidget22/opt/libphidget22/lib//libphidget22.so.0.0.0
[32.508s] -- Installing: /home/remi/ugway_ws/install/libphidget22/opt/libphidget22/lib//libphidget22.la
[32.508s] -- Installing: /home/remi/ugway_ws/install/libphidget22/opt/libphidget22/include/libphidget22/
[32.508s] -- Installing: /home/remi/ugway_ws/install/libphidget22/opt/libphidget22/include/libphidget22//mos
[32.508s] -- Installing: /home/remi/ugway_ws/install/libphidget22/opt/libphidget22/include/libphidget22//mos/mos_endian-i386.h
[32.508s] -- Installing: /home/remi/ugway_ws/install/libphidget22/opt/libphidget22/include/libphidget22//mos/mos_tlock.h
[32.508s] -- Installing: /home/remi/ugway_ws/install/libphidget22/opt/libphidget22/include/libphidget22//mos/mos_random.h
[32.508s] -- Installing: /home/remi/ugway_ws/install/libphidget22/opt/libphidget22/include/libphidget22//mos/pkcs5_pbkdf2.h
[32.508s] -- Installing: /home/remi/ugway_ws/install/libphidget22/opt/libphidget22/include/libphidget22//mos/mos_sha1.h
[32.508s] -- Installing: /home/remi/ugway_ws/install/libphidget22/opt/libphidget22/include/libphidget22//mos/mos_basic_types.h
[32.508s] -- Installing: /home/remi/ugway_ws/install/libphidget22/opt/libphidget22/include/libphidget22//mos/mos_os.h
[32.508s] -- Installing: /home/remi/ugway_ws/install/libphidget22/opt/libphidget22/include/libphidget22//mos/mos_macrocompat.h
[32.508s] -- Installing: /home/remi/ugway_ws/install/libphidget22/opt/libphidget22/include/libphidget22//mos/kv
[32.508s] -- Installing: /home/remi/ugway_ws/install/libphidget22/opt/libphidget22/include/libphidget22//mos/kv/kv.h
[32.508s] -- Installing: /home/remi/ugway_ws/install/libphidget22/opt/libphidget22/include/libphidget22//mos/kv/parse.h
[32.508s] -- Installing: /home/remi/ugway_ws/install/libphidget22/opt/libphidget22/include/libphidget22//mos/kv/scan.h
[32.508s] -- Installing: /home/remi/ugway_ws/install/libphidget22/opt/libphidget22/include/libphidget22//mos/mos_md5.h
[32.508s] -- Installing: /home/remi/ugway_ws/install/libphidget22/opt/libphidget22/include/libphidget22//mos/mos_crc32.h
[32.509s] -- Installing: /home/remi/ugway_ws/install/libphidget22/opt/libphidget22/include/libphidget22//mos/mos_netops.h
[32.509s] -- Installing: /home/remi/ugway_ws/install/libphidget22/opt/libphidget22/include/libphidget22//mos/mos_time.h
[32.509s] -- Installing: /home/remi/ugway_ws/install/libphidget22/opt/libphidget22/include/libphidget22//mos/mos_task.h
[32.509s] -- Installing: /home/remi/ugway_ws/install/libphidget22/opt/libphidget22/include/libphidget22//mos/mos_lock.h
[32.509s] -- Installing: /home/remi/ugway_ws/install/libphidget22/opt/libphidget22/include/libphidget22//mos/mos_assert.h
[32.509s] -- Installing: /home/remi/ugway_ws/install/libphidget22/opt/libphidget22/include/libphidget22//mos/mos_base64.h
[32.509s] -- Installing: /home/remi/ugway_ws/install/libphidget22/opt/libphidget22/include/libphidget22//mos/mos_iop.h
[32.509s] -- Installing: /home/remi/ugway_ws/install/libphidget22/opt/libphidget22/include/libphidget22//mos/mos_net.h
[32.509s] -- Installing: /home/remi/ugway_ws/install/libphidget22/opt/libphidget22/include/libphidget22//mos/mos_sha2.h
[32.509s] -- Installing: /home/remi/ugway_ws/install/libphidget22/opt/libphidget22/include/libphidget22//mos/mos_os-Linux-user.h
[32.509s] -- Installing: /home/remi/ugway_ws/install/libphidget22/opt/libphidget22/include/libphidget22//mos/mos_service.h
[32.509s] -- Installing: /home/remi/ugway_ws/install/libphidget22/opt/libphidget22/include/libphidget22//mos/mos_getpasswd.h
[32.509s] -- Installing: /home/remi/ugway_ws/install/libphidget22/opt/libphidget22/include/libphidget22//mos/init_daemon.h
[32.509s] -- Installing: /home/remi/ugway_ws/install/libphidget22/opt/libphidget22/include/libphidget22//mos/mos_fileio.h
[32.509s] -- Installing: /home/remi/ugway_ws/install/libphidget22/opt/libphidget22/include/libphidget22//mos/mos_typeio.h
[32.509s] -- Installing: /home/remi/ugway_ws/install/libphidget22/opt/libphidget22/include/libphidget22//mos/mos_error-errno.h
[32.509s] -- Installing: /home/remi/ugway_ws/install/libphidget22/opt/libphidget22/include/libphidget22//mos/mos_readline.h
[32.509s] -- Installing: /home/remi/ugway_ws/install/libphidget22/opt/libphidget22/include/libphidget22//mos/mos_crc32_impl.h
[32.509s] -- Installing: /home/remi/ugway_ws/install/libphidget22/opt/libphidget22/include/libphidget22//mos/mos_stacktrace.h
[32.509s] -- Installing: /home/remi/ugway_ws/install/libphidget22/opt/libphidget22/include/libphidget22//mos/mos_readdir.h
[32.509s] -- Installing: /home/remi/ugway_ws/install/libphidget22/opt/libphidget22/include/libphidget22//mos/mos_dl.h
[32.509s] -- Installing: /home/remi/ugway_ws/install/libphidget22/opt/libphidget22/include/libphidget22//mos/mos_hexdump.h
[32.510s] -- Installing: /home/remi/ugway_ws/install/libphidget22/opt/libphidget22/include/libphidget22//mos/mos_rwrlock.h
[32.510s] -- Installing: /home/remi/ugway_ws/install/libphidget22/opt/libphidget22/include/libphidget22//mos/mos_urldecode.h
[32.510s] -- Installing: /home/remi/ugway_ws/install/libphidget22/opt/libphidget22/include/libphidget22//mos/mos_byteorder.h
[32.510s] -- Installing: /home/remi/ugway_ws/install/libphidget22/opt/libphidget22/include/libphidget22//mos/mos_atomic.h
[32.510s] -- Installing: /home/remi/ugway_ws/install/libphidget22/opt/libphidget22/include/libphidget22//mos/bsdtree.h
[32.510s] -- Installing: /home/remi/ugway_ws/install/libphidget22/opt/libphidget22/include/libphidget22//mos/mos_basic.h
[32.510s] -- Installing: /home/remi/ugway_ws/install/libphidget22/opt/libphidget22/include/libphidget22//mos/bsdqueue.h
[32.510s] -- Installing: /home/remi/ugway_ws/install/libphidget22/opt/libphidget22/include/libphidget22//mos/mos_fmt.h
[32.510s] -- Installing: /home/remi/ugway_ws/install/libphidget22/opt/libphidget22/include/libphidget22//mos/mos_urlencode.h
[32.510s] -- Installing: /home/remi/ugway_ws/install/libphidget22/opt/libphidget22/include/libphidget22//phidget22.h
[32.510s] -- Installing: /home/remi/ugway_ws/install/libphidget22/share/libphidget22/environment/libphidget22_library_path.sh
[32.510s] -- Installing: /home/remi/ugway_ws/install/libphidget22/share/libphidget22/environment/libphidget22_library_path.dsv
[32.510s] -- Installing: /home/remi/ugway_ws/install/libphidget22/share/ament_index/resource_index/package_run_dependencies/libphidget22
[32.510s] -- Installing: /home/remi/ugway_ws/install/libphidget22/share/ament_index/resource_index/parent_prefix_path/libphidget22
[32.510s] -- Installing: /home/remi/ugway_ws/install/libphidget22/share/libphidget22/environment/ament_prefix_path.sh
[32.510s] -- Installing: /home/remi/ugway_ws/install/libphidget22/share/libphidget22/environment/ament_prefix_path.dsv
[32.510s] -- Installing: /home/remi/ugway_ws/install/libphidget22/share/libphidget22/environment/path.sh
[32.510s] -- Installing: /home/remi/ugway_ws/install/libphidget22/share/libphidget22/environment/path.dsv
[32.511s] -- Installing: /home/remi/ugway_ws/install/libphidget22/share/libphidget22/local_setup.bash
[32.511s] -- Installing: /home/remi/ugway_ws/install/libphidget22/share/libphidget22/local_setup.sh
[32.511s] -- Installing: /home/remi/ugway_ws/install/libphidget22/share/libphidget22/local_setup.zsh
[32.511s] -- Installing: /home/remi/ugway_ws/install/libphidget22/share/libphidget22/local_setup.dsv
[32.511s] -- Installing: /home/remi/ugway_ws/install/libphidget22/share/libphidget22/package.dsv
[32.511s] -- Installing: /home/remi/ugway_ws/install/libphidget22/share/ament_index/resource_index/packages/libphidget22
[32.511s] -- Installing: /home/remi/ugway_ws/install/libphidget22/share/libphidget22/cmake/libphidget22-extras.cmake
[32.511s] -- Installing: /home/remi/ugway_ws/install/libphidget22/share/libphidget22/cmake/libphidget22Config.cmake
[32.511s] -- Installing: /home/remi/ugway_ws/install/libphidget22/share/libphidget22/cmake/libphidget22Config-version.cmake
[32.511s] -- Installing: /home/remi/ugway_ws/install/libphidget22/share/libphidget22/package.xml
[32.512s] Invoked command in '/home/remi/ugway_ws/build/libphidget22' returned '0': CMAKE_PREFIX_PATH=/opt/ros/humble /usr/bin/cmake --install /home/remi/ugway_ws/build/libphidget22
