[0.037s] Invoking command in '/home/remi/ugway_ws/build/libphidget22': /usr/bin/cmake /home/remi/ugway_ws/src/phidgets_drivers/libphidget22 -DCMAKE_INSTALL_PREFIX=/home/remi/ugway_ws/install/libphidget22
[0.047s] [31mCMake Error at CMakeLists.txt:4 (find_package):
[0.047s]   By not providing "Findament_cmake.cmake" in CMAKE_MODULE_PATH this project
[0.047s]   has asked CMake to find a package configuration file provided by
[0.047s]   "ament_cmake", but CMake did not find one.
[0.047s] 
[0.047s]   Could not find a package configuration file provided by "ament_cmake" with
[0.047s]   any of the following names:
[0.047s] 
[0.047s]     ament_cmakeConfig.cmake
[0.047s]     ament_cmake-config.cmake
[0.047s] 
[0.047s]   Add the installation prefix of "ament_cmake" to CMAKE_PREFIX_PATH or set
[0.047s]   "ament_cmake_DIR" to a directory containing one of the above files.  If
[0.048s]   "ament_cmake" provides a separate development package or SDK, be sure it
[0.048s]   has been installed.
[0.048s] 
[0.048s] [0m
[0.048s] -- Configuring incomplete, errors occurred!
[0.048s] See also "/home/remi/ugway_ws/build/libphidget22/CMakeFiles/CMakeOutput.log".
[0.171s] Invoked command in '/home/remi/ugway_ws/build/libphidget22' returned '1': /usr/bin/cmake /home/remi/ugway_ws/src/phidgets_drivers/libphidget22 -DCMAKE_INSTALL_PREFIX=/home/remi/ugway_ws/install/libphidget22
