[0.048s] Invoking command in '/home/remi/ugway_ws/build/libphidget22': /usr/bin/cmake /home/remi/ugway_ws/src/phidgets_drivers/libphidget22 -DCMAKE_INSTALL_PREFIX=/home/remi/ugway_ws/install/libphidget22
[0.183s] -- The C compiler identification is GNU 11.4.0
[0.220s] -- The CXX compiler identification is GNU 11.4.0
[0.229s] -- Detecting C compiler ABI info
[0.266s] -- Detecting C compiler ABI info - done
[0.271s] -- Check for working C compiler: /usr/bin/cc - skipped
[0.272s] -- Detecting C compile features
[0.272s] -- Detecting C compile features - done
[0.275s] -- Detecting CXX compiler ABI info
[0.315s] -- Detecting CXX compiler ABI info - done
[0.320s] -- Check for working CXX compiler: /usr/bin/c++ - skipped
[0.320s] -- Detecting CXX compile features
[0.321s] -- Detecting CXX compile features - done
[0.327s] [31mCMake Error at CMakeLists.txt:4 (find_package):
[0.327s]   By not providing "Findament_cmake.cmake" in CMAKE_MODULE_PATH this project
[0.327s]   has asked CMake to find a package configuration file provided by
[0.327s]   "ament_cmake", but CMake did not find one.
[0.327s] 
[0.327s]   Could not find a package configuration file provided by "ament_cmake" with
[0.327s]   any of the following names:
[0.327s] 
[0.327s]     ament_cmakeConfig.cmake
[0.327s]     ament_cmake-config.cmake
[0.327s] 
[0.327s]   Add the installation prefix of "ament_cmake" to CMAKE_PREFIX_PATH or set
[0.327s]   "ament_cmake_DIR" to a directory containing one of the above files.  If
[0.327s]   "ament_cmake" provides a separate development package or SDK, be sure it
[0.328s]   has been installed.
[0.328s] 
[0.328s] [0m
[0.328s] -- Configuring incomplete, errors occurred!
[0.328s] See also "/home/remi/ugway_ws/build/libphidget22/CMakeFiles/CMakeOutput.log".
[0.329s] Invoked command in '/home/remi/ugway_ws/build/libphidget22' returned '1': /usr/bin/cmake /home/remi/ugway_ws/src/phidgets_drivers/libphidget22 -DCMAKE_INSTALL_PREFIX=/home/remi/ugway_ws/install/libphidget22
