2024-01-17T13:52:25  <Info> phidget22 : 
	******************************  Logging Enabled  ******************************
	* Phidget22 - Version 1.13 - Built Jan 16 2024 17:18:15                       *
	* Release 1.13.20230224 - Linux (64-bit)                                      *
	*******************************************************************************
2024-01-17T13:52:25  <Info> phidget22usb[PhidgetUSBScanDevices()] : Initializing libusb
2024-01-17T13:52:25  <Warn> phidget22usb[PhidgetUSBScanDevices()] : A USB Phidget (PID: 0x0046 Version: 100) was found that is not supported by the library. A library upgrade is required to work with this Phidget
2024-01-17T13:52:25  <Info> phidget22usb[PhidgetUSBScanDevices()] : New Phidget found in PhidgetUSBBuildList: 3/5
2024-01-17T13:52:25  <Info> phidget22[deviceAttach()] : (Attach)   (Unsupported USB Phidget) v100 S/N:723793
2024-01-17T13:52:30  <Info> phidget22[deviceDetach()] : (Detach)   (Unsupported USB Phidget) v100 S/N:723793
2024-01-17T13:52:30  <Info> phidget22usb[PhidgetUSBUninit()] : Deinitializing libusb
2024-01-17T13:56:08  <Info> phidget22 : 
	******************************  Logging Enabled  ******************************
	* Phidget22 - Version 1.13 - Built Jan 16 2024 17:18:15                       *
	* Release 1.13.20230224 - Linux (64-bit)                                      *
	*******************************************************************************
2024-01-17T13:56:08  <Info> phidget22usb[PhidgetUSBScanDevices()] : Initializing libusb
2024-01-17T13:56:08  <Warn> phidget22usb[PhidgetUSBScanDevices()] : A USB Phidget (PID: 0x0046 Version: 100) was found that is not supported by the library. A library upgrade is required to work with this Phidget
2024-01-17T13:56:08  <Info> phidget22usb[PhidgetUSBScanDevices()] : New Phidget found in PhidgetUSBBuildList: 3/5
2024-01-17T13:56:08  <Info> phidget22[deviceAttach()] : (Attach)   (Unsupported USB Phidget) v100 S/N:723793
2024-01-17T13:56:13  <Info> phidget22[deviceDetach()] : (Detach)   (Unsupported USB Phidget) v100 S/N:723793
2024-01-17T13:56:13  <Info> phidget22usb[PhidgetUSBUninit()] : Deinitializing libusb
2024-01-17T13:57:46  <Info> phidget22 : 
	******************************  Logging Enabled  ******************************
	* Phidget22 - Version 1.13 - Built Jan 16 2024 17:18:15                       *
	* Release 1.13.20230224 - Linux (64-bit)                                      *
	*******************************************************************************
2024-01-17T13:57:46  <Info> phidget22usb[PhidgetUSBScanDevices()] : Initializing libusb
2024-01-17T13:57:46  <Warn> phidget22usb[PhidgetUSBScanDevices()] : A USB Phidget (PID: 0x0046 Version: 100) was found that is not supported by the library. A library upgrade is required to work with this Phidget
2024-01-17T13:57:46  <Info> phidget22usb[PhidgetUSBScanDevices()] : New Phidget found in PhidgetUSBBuildList: 3/5
2024-01-17T13:57:46  <Info> phidget22[deviceAttach()] : (Attach)   (Unsupported USB Phidget) v100 S/N:723793
2024-01-17T13:57:51  <Info> phidget22[deviceDetach()] : (Detach)   (Unsupported USB Phidget) v100 S/N:723793
2024-01-17T13:57:51  <Info> phidget22usb[PhidgetUSBUninit()] : Deinitializing libusb
2024-01-23T15:10:25.000  <Info> phidget22 : 
	******************************  Logging Enabled  ******************************
	* Phidget22 - Version 1.17 - Built Oct  4 2023 18:25:09                       *
	* Release 1.17 - Linux (64-bit)                                               *
	*******************************************************************************
2024-01-23T15:10:25.000  <Info> phidget22usb[PhidgetUSBScanDevices()] : Initializing libusb
2024-01-23T15:10:25.000  <Info> phidget22usb[PhidgetUSBScanDevices()] : New Phidget found in PhidgetUSBBuildList: 3/5
2024-01-23T15:10:25.000  <Info> phidget22[deviceAttach()] : (Attach) HUB0002 (6-Port USB VINT Hub Phidget) v100 S/N:723793
2024-01-23T15:10:25.000  <Info> phidget22[deviceAttach()] : (Attach) STC1005 (4A Stepper Phidget) v110 -> HUB0002 Port:1 S/N:723793
2024-01-23T15:10:25.000  <Info> phidget22[HandleEventsThreadFunction()] : Failed to increase priority of USB Handle Events thread: 0x01 - Operation not permitted
2024-01-23T15:10:25.000  <Info> phidget22[PhidgetUSBReadThreadFunction()] : HUB0002 (6-Port USB VINT Hub Phidget) v100 S/N:723793: USB read thread started: 0x44f0c640
2024-01-23T15:10:25.000  <Info> phidget22vint[PhidgetHubDevice_setPortMode()] : Setting Port: 1 mode to VINT on HUB0002 (6-Port USB VINT Hub Phidget) v100 S/N:723793
2024-01-23T15:10:25.000  <Info> phidget22vint[PhidgetHubDevice_setPortMode()] : Setting Port: 1 mode to VINT on HUB0002 (6-Port USB VINT Hub Phidget) v100 S/N:723793
2024-01-23T15:10:25.000  <Info> phidget22[PhidgetUSBReadThreadFunction()] : HUB0002 (6-Port USB VINT Hub Phidget) v100 S/N:723793: ReadThread exiting normally (signaled by Phidget_close)
2024-01-23T15:10:25.000  <Info> phidget22[deviceDetach()] : (Detach) STC1005 (4A Stepper Phidget) v110 -> HUB0002 Port:1 S/N:723793
2024-01-23T15:10:25.000  <Info> phidget22[deviceDetach()] : (Detach) HUB0002 (6-Port USB VINT Hub Phidget) v100 S/N:723793
2024-01-23T15:10:25.000  <Info> phidget22usb[PhidgetUSBUninit()] : Deinitializing libusb
2024-01-23T15:11:06.000  <Info> phidget22 : 
	******************************  Logging Enabled  ******************************
	* Phidget22 - Version 1.17 - Built Oct  4 2023 18:25:09                       *
	* Release 1.17 - Linux (64-bit)                                               *
	*******************************************************************************
2024-01-23T15:11:06.000  <Info> phidget22usb[PhidgetUSBScanDevices()] : Initializing libusb
2024-01-23T15:11:06.000  <Info> phidget22usb[PhidgetUSBScanDevices()] : New Phidget found in PhidgetUSBBuildList: 3/5
2024-01-23T15:11:06.000  <Info> phidget22[deviceAttach()] : (Attach) HUB0002 (6-Port USB VINT Hub Phidget) v100 S/N:723793
2024-01-23T15:11:06.000  <Info> phidget22[deviceAttach()] : (Attach) STC1005 (4A Stepper Phidget) v110 -> HUB0002 Port:1 S/N:723793
2024-01-23T15:11:06.000  <Info> phidget22[HandleEventsThreadFunction()] : Failed to increase priority of USB Handle Events thread: 0x01 - Operation not permitted
2024-01-23T15:11:06.000  <Info> phidget22[PhidgetUSBReadThreadFunction()] : HUB0002 (6-Port USB VINT Hub Phidget) v100 S/N:723793: USB read thread started: 0xa870d640
2024-01-23T15:11:06.000  <Info> phidget22vint[PhidgetHubDevice_setPortMode()] : Setting Port: 1 mode to VINT on HUB0002 (6-Port USB VINT Hub Phidget) v100 S/N:723793
2024-01-23T15:11:06.000  <Info> phidget22vint[PhidgetHubDevice_setPortMode()] : Setting Port: 1 mode to VINT on HUB0002 (6-Port USB VINT Hub Phidget) v100 S/N:723793
2024-01-23T15:11:07.000  <Info> phidget22[PhidgetUSBReadThreadFunction()] : HUB0002 (6-Port USB VINT Hub Phidget) v100 S/N:723793: ReadThread exiting normally (signaled by Phidget_close)
2024-01-23T15:11:07.000  <Info> phidget22[deviceDetach()] : (Detach) STC1005 (4A Stepper Phidget) v110 -> HUB0002 Port:1 S/N:723793
2024-01-23T15:11:07.000  <Info> phidget22[deviceDetach()] : (Detach) HUB0002 (6-Port USB VINT Hub Phidget) v100 S/N:723793
2024-01-23T15:11:07.000  <Info> phidget22usb[PhidgetUSBUninit()] : Deinitializing libusb
2024-01-23T15:11:15.000  <Info> phidget22 : 
	******************************  Logging Enabled  ******************************
	* Phidget22 - Version 1.17 - Built Oct  4 2023 18:25:09                       *
	* Release 1.17 - Linux (64-bit)                                               *
	*******************************************************************************
2024-01-23T15:11:15.000  <Info> phidget22usb[PhidgetUSBScanDevices()] : Initializing libusb
2024-01-23T15:11:15.000  <Info> phidget22usb[PhidgetUSBScanDevices()] : New Phidget found in PhidgetUSBBuildList: 3/5
2024-01-23T15:11:15.000  <Info> phidget22[deviceAttach()] : (Attach) HUB0002 (6-Port USB VINT Hub Phidget) v100 S/N:723793
2024-01-23T15:11:15.000  <Info> phidget22[deviceAttach()] : (Attach) STC1005 (4A Stepper Phidget) v110 -> HUB0002 Port:1 S/N:723793
2024-01-23T15:11:15.000  <Info> phidget22[HandleEventsThreadFunction()] : Failed to increase priority of USB Handle Events thread: 0x01 - Operation not permitted
2024-01-23T15:11:15.000  <Info> phidget22[PhidgetUSBReadThreadFunction()] : HUB0002 (6-Port USB VINT Hub Phidget) v100 S/N:723793: USB read thread started: 0x3a7fa640
2024-01-23T15:11:15.000  <Info> phidget22vint[PhidgetHubDevice_setPortMode()] : Setting Port: 1 mode to VINT on HUB0002 (6-Port USB VINT Hub Phidget) v100 S/N:723793
2024-01-23T15:11:15.000  <Info> phidget22vint[PhidgetHubDevice_setPortMode()] : Setting Port: 1 mode to VINT on HUB0002 (6-Port USB VINT Hub Phidget) v100 S/N:723793
2024-01-23T15:11:15.000  <Info> phidget22[PhidgetUSBReadThreadFunction()] : HUB0002 (6-Port USB VINT Hub Phidget) v100 S/N:723793: ReadThread exiting normally (signaled by Phidget_close)
2024-01-23T15:11:15.000  <Info> phidget22[deviceDetach()] : (Detach) STC1005 (4A Stepper Phidget) v110 -> HUB0002 Port:1 S/N:723793
2024-01-23T15:11:15.000  <Info> phidget22[deviceDetach()] : (Detach) HUB0002 (6-Port USB VINT Hub Phidget) v100 S/N:723793
2024-01-23T15:11:15.000  <Info> phidget22usb[PhidgetUSBUninit()] : Deinitializing libusb
2024-01-23T15:20:44.000  <Info> phidget22 : 
	******************************  Logging Enabled  ******************************
	* Phidget22 - Version 1.17 - Built Oct  4 2023 18:25:09                       *
	* Release 1.17 - Linux (64-bit)                                               *
	*******************************************************************************
2024-01-23T15:20:44.000  <Info> phidget22usb[PhidgetUSBScanDevices()] : Initializing libusb
2024-01-23T15:20:44.000  <Info> phidget22usb[PhidgetUSBScanDevices()] : New Phidget found in PhidgetUSBBuildList: 3/5
2024-01-23T15:20:44.000  <Info> phidget22[deviceAttach()] : (Attach) HUB0002 (6-Port USB VINT Hub Phidget) v100 S/N:723793
2024-01-23T15:20:44.000  <Info> phidget22[deviceAttach()] : (Attach) STC1005 (4A Stepper Phidget) v110 -> HUB0002 Port:1 S/N:723793
2024-01-23T15:20:44.000  <Info> phidget22[HandleEventsThreadFunction()] : Failed to increase priority of USB Handle Events thread: 0x01 - Operation not permitted
2024-01-23T15:20:44.000  <Info> phidget22[PhidgetUSBReadThreadFunction()] : HUB0002 (6-Port USB VINT Hub Phidget) v100 S/N:723793: USB read thread started: 0xfbfff640
2024-01-23T15:20:44.000  <Info> phidget22vint[PhidgetHubDevice_setPortMode()] : Setting Port: 1 mode to VINT on HUB0002 (6-Port USB VINT Hub Phidget) v100 S/N:723793
2024-01-23T15:20:44.000  <Info> phidget22vint[PhidgetHubDevice_setPortMode()] : Setting Port: 1 mode to VINT on HUB0002 (6-Port USB VINT Hub Phidget) v100 S/N:723793
2024-01-23T15:20:45.000  <Info> phidget22[PhidgetUSBReadThreadFunction()] : HUB0002 (6-Port USB VINT Hub Phidget) v100 S/N:723793: ReadThread exiting normally (signaled by Phidget_close)
2024-01-23T15:20:45.000  <Info> phidget22[deviceDetach()] : (Detach) STC1005 (4A Stepper Phidget) v110 -> HUB0002 Port:1 S/N:723793
2024-01-23T15:20:45.000  <Info> phidget22[deviceDetach()] : (Detach) HUB0002 (6-Port USB VINT Hub Phidget) v100 S/N:723793
2024-01-23T15:20:45.000  <Info> phidget22usb[PhidgetUSBUninit()] : Deinitializing libusb
2024-01-23T15:34:59.000  <Info> phidget22 : 
	******************************  Logging Enabled  ******************************
	* Phidget22 - Version 1.17 - Built Oct  4 2023 18:25:09                       *
	* Release 1.17 - Linux (64-bit)                                               *
	*******************************************************************************
2024-01-23T15:34:59.000  <Info> phidget22usb[PhidgetUSBScanDevices()] : Initializing libusb
2024-01-23T15:34:59.000  <Info> phidget22usb[PhidgetUSBScanDevices()] : New Phidget found in PhidgetUSBBuildList: 3/5
2024-01-23T15:34:59.000  <Info> phidget22[deviceAttach()] : (Attach) HUB0002 (6-Port USB VINT Hub Phidget) v100 S/N:723793
2024-01-23T15:34:59.000  <Info> phidget22[deviceAttach()] : (Attach) STC1005 (4A Stepper Phidget) v110 -> HUB0002 Port:1 S/N:723793
2024-01-23T15:34:59.000  <Info> phidget22[PhidgetUSBReadThreadFunction()] : HUB0002 (6-Port USB VINT Hub Phidget) v100 S/N:723793: USB read thread started: 0x0f3fc640
2024-01-23T15:34:59.000  <Info> phidget22[HandleEventsThreadFunction()] : Failed to increase priority of USB Handle Events thread: 0x01 - Operation not permitted
2024-01-23T15:34:59.000  <Info> phidget22vint[PhidgetHubDevice_setPortMode()] : Setting Port: 1 mode to VINT on HUB0002 (6-Port USB VINT Hub Phidget) v100 S/N:723793
2024-01-23T15:34:59.000  <Info> phidget22vint[PhidgetHubDevice_setPortMode()] : Setting Port: 1 mode to VINT on HUB0002 (6-Port USB VINT Hub Phidget) v100 S/N:723793
2024-01-23T15:34:59.000  <Info> phidget22[PhidgetUSBReadThreadFunction()] : HUB0002 (6-Port USB VINT Hub Phidget) v100 S/N:723793: ReadThread exiting normally (signaled by Phidget_close)
2024-01-23T15:34:59.000  <Info> phidget22[deviceDetach()] : (Detach) STC1005 (4A Stepper Phidget) v110 -> HUB0002 Port:1 S/N:723793
2024-01-23T15:34:59.000  <Info> phidget22[deviceDetach()] : (Detach) HUB0002 (6-Port USB VINT Hub Phidget) v100 S/N:723793
2024-01-23T15:34:59.000  <Info> phidget22usb[PhidgetUSBUninit()] : Deinitializing libusb
2024-01-23T16:16:46.000  <Info> phidget22 : 
	******************************  Logging Enabled  ******************************
	* Phidget22 - Version 1.17 - Built Oct  4 2023 18:25:09                       *
	* Release 1.17 - Linux (64-bit)                                               *
	*******************************************************************************
2024-01-23T16:16:46.000  <Info> phidget22usb[PhidgetUSBScanDevices()] : Initializing libusb
2024-01-23T16:16:46.000  <Info> phidget22usb[PhidgetUSBScanDevices()] : New Phidget found in PhidgetUSBBuildList: 3/5
2024-01-23T16:16:46.000  <Info> phidget22[deviceAttach()] : (Attach) HUB0002 (6-Port USB VINT Hub Phidget) v100 S/N:723793
2024-01-23T16:16:46.000  <Info> phidget22[deviceAttach()] : (Attach) STC1005 (4A Stepper Phidget) v110 -> HUB0002 Port:1 S/N:723793
2024-01-23T16:16:46.000  <Info> phidget22[HandleEventsThreadFunction()] : Failed to increase priority of USB Handle Events thread: 0x01 - Operation not permitted
2024-01-23T16:16:46.000  <Info> phidget22[PhidgetUSBReadThreadFunction()] : HUB0002 (6-Port USB VINT Hub Phidget) v100 S/N:723793: USB read thread started: 0x21540640
2024-01-23T16:16:46.000  <Info> phidget22vint[PhidgetHubDevice_setPortMode()] : Setting Port: 1 mode to VINT on HUB0002 (6-Port USB VINT Hub Phidget) v100 S/N:723793
2024-01-23T16:16:47.000  <Warn> phidget22[waitForPendingPacket()] : Packet tracker waitForPendingPacket timeout (1000ms), Port 1
2024-01-23T16:16:47.000 <ERROR> phidget22vint[PhidgetVINTDevice_bridgeInput()] : Failed to send VINT_PACKET_TYPE_PHIDGET_RESET message: 0x03 - Timed Out
2024-01-23T16:16:47.000 <ERROR> phidget22[dispatchEntry()] : Failed to send BP_OPENRESET to device for Bipolar Stepper Controller Ch:0 -> STC1005 -> HUB0002 Port:1 S/N:723793: 0x03 - Timed Out
2024-01-23T16:16:48.000  <Info> phidget22[PhidgetUSBReadThreadFunction()] : HUB0002 (6-Port USB VINT Hub Phidget) v100 S/N:723793: ReadThread exiting normally (signaled by Phidget_close)
2024-01-23T16:16:48.000  <Info> phidget22[PhidgetUSBReadThreadFunction()] : HUB0002 (6-Port USB VINT Hub Phidget) v100 S/N:723793: USB read thread started: 0x21540640
2024-01-23T16:16:48.000  <Info> phidget22[HandleEventsThreadFunction()] : Failed to increase priority of USB Handle Events thread: 0x01 - Operation not permitted
2024-01-23T16:16:48.000  <Info> phidget22vint[PhidgetHubDevice_setPortMode()] : Setting Port: 1 mode to VINT on HUB0002 (6-Port USB VINT Hub Phidget) v100 S/N:723793
2024-01-23T16:16:49.000  <Warn> phidget22[waitForPendingPacket()] : Packet tracker waitForPendingPacket timeout (1000ms), Port 1
2024-01-23T16:16:49.000 <ERROR> phidget22vint[PhidgetVINTDevice_bridgeInput()] : Failed to send VINT_PACKET_TYPE_PHIDGET_RESET message: 0x03 - Timed Out
2024-01-23T16:16:49.000 <ERROR> phidget22[dispatchEntry()] : Failed to send BP_OPENRESET to device for Bipolar Stepper Controller Ch:0 -> STC1005 -> HUB0002 Port:1 S/N:723793: 0x03 - Timed Out
2024-01-23T16:16:49.000  <Info> phidget22[PhidgetUSBReadThreadFunction()] : HUB0002 (6-Port USB VINT Hub Phidget) v100 S/N:723793: ReadThread exiting normally (signaled by Phidget_close)
2024-01-23T16:16:50.000  <Info> phidget22[HandleEventsThreadFunction()] : Failed to increase priority of USB Handle Events thread: 0x01 - Operation not permitted
2024-01-23T16:16:50.000  <Info> phidget22[PhidgetUSBReadThreadFunction()] : HUB0002 (6-Port USB VINT Hub Phidget) v100 S/N:723793: USB read thread started: 0x21540640
2024-01-23T16:16:50.000  <Info> phidget22vint[PhidgetHubDevice_setPortMode()] : Setting Port: 1 mode to VINT on HUB0002 (6-Port USB VINT Hub Phidget) v100 S/N:723793
2024-01-23T16:16:51.000  <Warn> phidget22[waitForPendingPacket()] : Packet tracker waitForPendingPacket timeout (1000ms), Port 1
2024-01-23T16:16:51.000 <ERROR> phidget22vint[PhidgetVINTDevice_bridgeInput()] : Failed to send VINT_PACKET_TYPE_PHIDGET_RESET message: 0x03 - Timed Out
2024-01-23T16:16:51.000 <ERROR> phidget22[dispatchEntry()] : Failed to send BP_OPENRESET to device for Bipolar Stepper Controller Ch:0 -> STC1005 -> HUB0002 Port:1 S/N:723793: 0x03 - Timed Out
2024-01-23T16:16:51.000  <Info> phidget22[PhidgetUSBReadThreadFunction()] : HUB0002 (6-Port USB VINT Hub Phidget) v100 S/N:723793: ReadThread exiting normally (signaled by Phidget_close)
2024-01-23T16:17:32.000  <Info> phidget22 : 
	******************************  Logging Enabled  ******************************
	* Phidget22 - Version 1.17 - Built Oct  4 2023 18:25:09                       *
	* Release 1.17 - Linux (64-bit)                                               *
	*******************************************************************************
2024-01-23T16:17:32.000  <Info> phidget22usb[PhidgetUSBScanDevices()] : Initializing libusb
2024-01-23T16:17:32.000  <Info> phidget22usb[PhidgetUSBScanDevices()] : New Phidget found in PhidgetUSBBuildList: 3/5
2024-01-23T16:17:32.000  <Info> phidget22[deviceAttach()] : (Attach) HUB0002 (6-Port USB VINT Hub Phidget) v100 S/N:723793
2024-01-23T16:17:32.000  <Info> phidget22[deviceAttach()] : (Attach) STC1005 (4A Stepper Phidget) v110 -> HUB0002 Port:1 S/N:723793
2024-01-23T16:17:32.000  <Info> phidget22[HandleEventsThreadFunction()] : Failed to increase priority of USB Handle Events thread: 0x01 - Operation not permitted
2024-01-23T16:17:32.000  <Info> phidget22[PhidgetUSBReadThreadFunction()] : HUB0002 (6-Port USB VINT Hub Phidget) v100 S/N:723793: USB read thread started: 0x5abfb640
2024-01-23T16:17:32.000  <Info> phidget22vint[PhidgetHubDevice_setPortMode()] : Setting Port: 1 mode to VINT on HUB0002 (6-Port USB VINT Hub Phidget) v100 S/N:723793
2024-01-23T16:17:32.000  <Info> phidget22vint[PhidgetHubDevice_setPortMode()] : Setting Port: 1 mode to VINT on HUB0002 (6-Port USB VINT Hub Phidget) v100 S/N:723793
2024-01-23T16:17:32.000  <Info> phidget22[PhidgetUSBReadThreadFunction()] : HUB0002 (6-Port USB VINT Hub Phidget) v100 S/N:723793: ReadThread exiting normally (signaled by Phidget_close)
2024-01-23T16:17:32.000  <Info> phidget22[deviceDetach()] : (Detach) STC1005 (4A Stepper Phidget) v110 -> HUB0002 Port:1 S/N:723793
2024-01-23T16:17:32.000  <Info> phidget22[deviceDetach()] : (Detach) HUB0002 (6-Port USB VINT Hub Phidget) v100 S/N:723793
2024-01-23T16:17:32.000  <Info> phidget22usb[PhidgetUSBUninit()] : Deinitializing libusb
2024-01-23T16:18:04.000  <Info> phidget22 : 
	******************************  Logging Enabled  ******************************
	* Phidget22 - Version 1.17 - Built Oct  4 2023 18:25:09                       *
	* Release 1.17 - Linux (64-bit)                                               *
	*******************************************************************************
2024-01-23T16:18:04.000  <Info> phidget22usb[PhidgetUSBScanDevices()] : Initializing libusb
2024-01-23T16:18:04.000  <Info> phidget22usb[PhidgetUSBScanDevices()] : New Phidget found in PhidgetUSBBuildList: 3/5
2024-01-23T16:18:04.000  <Info> phidget22[deviceAttach()] : (Attach) HUB0002 (6-Port USB VINT Hub Phidget) v100 S/N:723793
2024-01-23T16:18:04.000  <Info> phidget22[deviceAttach()] : (Attach) STC1005 (4A Stepper Phidget) v110 -> HUB0002 Port:1 S/N:723793
2024-01-23T16:18:04.000  <Info> phidget22[HandleEventsThreadFunction()] : Failed to increase priority of USB Handle Events thread: 0x01 - Operation not permitted
2024-01-23T16:18:04.000  <Info> phidget22vint[PhidgetHubDevice_setPortMode()] : Setting Port: 1 mode to VINT on HUB0002 (6-Port USB VINT Hub Phidget) v100 S/N:723793
2024-01-23T16:18:04.000  <Info> phidget22[PhidgetUSBReadThreadFunction()] : HUB0002 (6-Port USB VINT Hub Phidget) v100 S/N:723793: USB read thread started: 0xebbfe640
2024-01-23T16:18:04.000  <Info> phidget22vint[PhidgetHubDevice_setPortMode()] : Setting Port: 1 mode to VINT on HUB0002 (6-Port USB VINT Hub Phidget) v100 S/N:723793
2024-01-23T16:18:04.000  <Info> phidget22[PhidgetUSBReadThreadFunction()] : HUB0002 (6-Port USB VINT Hub Phidget) v100 S/N:723793: ReadThread exiting normally (signaled by Phidget_close)
2024-01-23T16:18:04.000  <Info> phidget22[deviceDetach()] : (Detach) STC1005 (4A Stepper Phidget) v110 -> HUB0002 Port:1 S/N:723793
2024-01-23T16:18:04.000  <Info> phidget22[deviceDetach()] : (Detach) HUB0002 (6-Port USB VINT Hub Phidget) v100 S/N:723793
2024-01-23T16:18:04.000  <Info> phidget22usb[PhidgetUSBUninit()] : Deinitializing libusb
2024-01-23T16:20:41.000  <Info> phidget22 : 
	******************************  Logging Enabled  ******************************
	* Phidget22 - Version 1.17 - Built Oct  4 2023 18:25:09                       *
	* Release 1.17 - Linux (64-bit)                                               *
	*******************************************************************************
2024-01-23T16:20:41.000  <Info> phidget22usb[PhidgetUSBScanDevices()] : Initializing libusb
2024-01-23T16:20:41.000  <Info> phidget22usb[PhidgetUSBScanDevices()] : New Phidget found in PhidgetUSBBuildList: 3/5
2024-01-23T16:20:41.000  <Info> phidget22[deviceAttach()] : (Attach) HUB0002 (6-Port USB VINT Hub Phidget) v100 S/N:723793
2024-01-23T16:20:41.000  <Info> phidget22[deviceAttach()] : (Attach) STC1005 (4A Stepper Phidget) v110 -> HUB0002 Port:1 S/N:723793
2024-01-23T16:20:41.000  <Info> phidget22[HandleEventsThreadFunction()] : Failed to increase priority of USB Handle Events thread: 0x01 - Operation not permitted
2024-01-23T16:20:41.000  <Info> phidget22[PhidgetUSBReadThreadFunction()] : HUB0002 (6-Port USB VINT Hub Phidget) v100 S/N:723793: USB read thread started: 0xc7bfe640
2024-01-23T16:20:41.000  <Info> phidget22vint[PhidgetHubDevice_setPortMode()] : Setting Port: 1 mode to VINT on HUB0002 (6-Port USB VINT Hub Phidget) v100 S/N:723793
2024-01-23T16:20:41.000  <Info> phidget22vint[PhidgetHubDevice_setPortMode()] : Setting Port: 1 mode to VINT on HUB0002 (6-Port USB VINT Hub Phidget) v100 S/N:723793
2024-01-23T16:20:41.000  <Info> phidget22[PhidgetUSBReadThreadFunction()] : HUB0002 (6-Port USB VINT Hub Phidget) v100 S/N:723793: ReadThread exiting normally (signaled by Phidget_close)
2024-01-23T16:20:41.000  <Info> phidget22[deviceDetach()] : (Detach) STC1005 (4A Stepper Phidget) v110 -> HUB0002 Port:1 S/N:723793
2024-01-23T16:20:41.000  <Info> phidget22[deviceDetach()] : (Detach) HUB0002 (6-Port USB VINT Hub Phidget) v100 S/N:723793
2024-01-23T16:20:41.000  <Info> phidget22usb[PhidgetUSBUninit()] : Deinitializing libusb
2024-01-23T16:23:45.000  <Info> phidget22 : 
	******************************  Logging Enabled  ******************************
	* Phidget22 - Version 1.17 - Built Oct  4 2023 18:25:09                       *
	* Release 1.17 - Linux (64-bit)                                               *
	*******************************************************************************
2024-01-23T16:23:45.000  <Info> phidget22usb[PhidgetUSBScanDevices()] : Initializing libusb
2024-01-23T16:23:45.000  <Info> phidget22usb[PhidgetUSBScanDevices()] : New Phidget found in PhidgetUSBBuildList: 3/5
2024-01-23T16:23:45.000  <Info> phidget22[deviceAttach()] : (Attach) HUB0002 (6-Port USB VINT Hub Phidget) v100 S/N:723793
2024-01-23T16:23:45.000  <Info> phidget22[deviceAttach()] : (Attach) STC1005 (4A Stepper Phidget) v110 -> HUB0002 Port:1 S/N:723793
2024-01-23T16:23:45.000  <Info> phidget22[HandleEventsThreadFunction()] : Failed to increase priority of USB Handle Events thread: 0x01 - Operation not permitted
2024-01-23T16:23:45.000  <Info> phidget22[PhidgetUSBReadThreadFunction()] : HUB0002 (6-Port USB VINT Hub Phidget) v100 S/N:723793: USB read thread started: 0x4d713640
2024-01-23T16:23:45.000  <Info> phidget22vint[PhidgetHubDevice_setPortMode()] : Setting Port: 1 mode to VINT on HUB0002 (6-Port USB VINT Hub Phidget) v100 S/N:723793
2024-01-23T16:23:46.000  <Info> phidget22vint[PhidgetHubDevice_setPortMode()] : Setting Port: 1 mode to VINT on HUB0002 (6-Port USB VINT Hub Phidget) v100 S/N:723793
2024-01-23T16:23:46.000  <Info> phidget22[PhidgetUSBReadThreadFunction()] : HUB0002 (6-Port USB VINT Hub Phidget) v100 S/N:723793: ReadThread exiting normally (signaled by Phidget_close)
2024-01-23T16:23:46.000  <Info> phidget22[deviceDetach()] : (Detach) STC1005 (4A Stepper Phidget) v110 -> HUB0002 Port:1 S/N:723793
2024-01-23T16:23:46.000  <Info> phidget22[deviceDetach()] : (Detach) HUB0002 (6-Port USB VINT Hub Phidget) v100 S/N:723793
2024-01-23T16:23:46.000  <Info> phidget22usb[PhidgetUSBUninit()] : Deinitializing libusb
2024-01-23T16:26:35.000  <Info> phidget22 : 
	******************************  Logging Enabled  ******************************
	* Phidget22 - Version 1.17 - Built Oct  4 2023 18:25:09                       *
	* Release 1.17 - Linux (64-bit)                                               *
	*******************************************************************************
2024-01-23T16:26:35.000  <Info> phidget22usb[PhidgetUSBScanDevices()] : Initializing libusb
2024-01-23T16:26:35.000  <Info> phidget22usb[PhidgetUSBScanDevices()] : New Phidget found in PhidgetUSBBuildList: 3/5
2024-01-23T16:26:35.000  <Info> phidget22[deviceAttach()] : (Attach) HUB0002 (6-Port USB VINT Hub Phidget) v100 S/N:723793
2024-01-23T16:26:35.000  <Info> phidget22[deviceAttach()] : (Attach) STC1005 (4A Stepper Phidget) v110 -> HUB0002 Port:1 S/N:723793
2024-01-23T16:26:35.000  <Info> phidget22[PhidgetUSBReadThreadFunction()] : HUB0002 (6-Port USB VINT Hub Phidget) v100 S/N:723793: USB read thread started: 0x7effc640
2024-01-23T16:26:35.000  <Info> phidget22[HandleEventsThreadFunction()] : Failed to increase priority of USB Handle Events thread: 0x01 - Operation not permitted
2024-01-23T16:26:35.000  <Info> phidget22vint[PhidgetHubDevice_setPortMode()] : Setting Port: 1 mode to VINT on HUB0002 (6-Port USB VINT Hub Phidget) v100 S/N:723793
2024-01-23T16:26:36.000  <Info> phidget22vint[PhidgetHubDevice_setPortMode()] : Setting Port: 1 mode to VINT on HUB0002 (6-Port USB VINT Hub Phidget) v100 S/N:723793
2024-01-23T16:26:36.000  <Info> phidget22[PhidgetUSBReadThreadFunction()] : HUB0002 (6-Port USB VINT Hub Phidget) v100 S/N:723793: ReadThread exiting normally (signaled by Phidget_close)
2024-01-23T16:26:36.000  <Info> phidget22[deviceDetach()] : (Detach) STC1005 (4A Stepper Phidget) v110 -> HUB0002 Port:1 S/N:723793
2024-01-23T16:26:36.000  <Info> phidget22[deviceDetach()] : (Detach) HUB0002 (6-Port USB VINT Hub Phidget) v100 S/N:723793
2024-01-23T16:26:36.000  <Info> phidget22usb[PhidgetUSBUninit()] : Deinitializing libusb
2024-01-23T16:27:20.000  <Info> phidget22 : 
	******************************  Logging Enabled  ******************************
	* Phidget22 - Version 1.17 - Built Oct  4 2023 18:25:09                       *
	* Release 1.17 - Linux (64-bit)                                               *
	*******************************************************************************
2024-01-23T16:27:20.000  <Info> phidget22usb[PhidgetUSBScanDevices()] : Initializing libusb
2024-01-23T16:27:20.000  <Info> phidget22usb[PhidgetUSBScanDevices()] : New Phidget found in PhidgetUSBBuildList: 3/5
2024-01-23T16:27:20.000  <Info> phidget22[deviceAttach()] : (Attach) HUB0002 (6-Port USB VINT Hub Phidget) v100 S/N:723793
2024-01-23T16:27:20.000  <Info> phidget22[deviceAttach()] : (Attach) STC1005 (4A Stepper Phidget) v110 -> HUB0002 Port:1 S/N:723793
2024-01-23T16:27:20.000  <Info> phidget22[HandleEventsThreadFunction()] : Failed to increase priority of USB Handle Events thread: 0x01 - Operation not permitted
2024-01-23T16:27:20.000  <Info> phidget22[PhidgetUSBReadThreadFunction()] : HUB0002 (6-Port USB VINT Hub Phidget) v100 S/N:723793: USB read thread started: 0x258ba640
2024-01-23T16:27:20.000  <Info> phidget22vint[PhidgetHubDevice_setPortMode()] : Setting Port: 1 mode to VINT on HUB0002 (6-Port USB VINT Hub Phidget) v100 S/N:723793
2024-01-23T16:28:18.000  <Info> phidget22 : 
	******************************  Logging Enabled  ******************************
	* Phidget22 - Version 1.17 - Built Oct  4 2023 18:25:09                       *
	* Release 1.17 - Linux (64-bit)                                               *
	*******************************************************************************
2024-01-23T16:28:18.000  <Info> phidget22usb[PhidgetUSBScanDevices()] : Initializing libusb
2024-01-23T16:28:18.000  <Info> phidget22usb[PhidgetUSBScanDevices()] : New Phidget found in PhidgetUSBBuildList: 3/5
2024-01-23T16:28:18.000  <Info> phidget22[deviceAttach()] : (Attach) HUB0002 (6-Port USB VINT Hub Phidget) v100 S/N:723793
2024-01-23T16:28:18.000  <Info> phidget22[deviceAttach()] : (Attach) STC1005 (4A Stepper Phidget) v110 -> HUB0002 Port:1 S/N:723793
2024-01-23T16:28:18.000  <Info> phidget22[HandleEventsThreadFunction()] : Failed to increase priority of USB Handle Events thread: 0x01 - Operation not permitted
2024-01-23T16:28:18.000  <Info> phidget22[PhidgetUSBReadThreadFunction()] : HUB0002 (6-Port USB VINT Hub Phidget) v100 S/N:723793: USB read thread started: 0x55d5b640
2024-01-23T16:28:18.000  <Info> phidget22vint[PhidgetHubDevice_setPortMode()] : Setting Port: 1 mode to VINT on HUB0002 (6-Port USB VINT Hub Phidget) v100 S/N:723793
2024-01-23T16:31:58.000  <Info> phidget22 : 
	******************************  Logging Enabled  ******************************
	* Phidget22 - Version 1.17 - Built Oct  4 2023 18:25:09                       *
	* Release 1.17 - Linux (64-bit)                                               *
	*******************************************************************************
2024-01-23T16:31:58.000  <Info> phidget22usb[PhidgetUSBScanDevices()] : Initializing libusb
2024-01-23T16:31:58.000  <Info> phidget22usb[PhidgetUSBScanDevices()] : New Phidget found in PhidgetUSBBuildList: 3/5
2024-01-23T16:31:58.000  <Info> phidget22[deviceAttach()] : (Attach) HUB0002 (6-Port USB VINT Hub Phidget) v100 S/N:723793
2024-01-23T16:31:58.000  <Info> phidget22[deviceAttach()] : (Attach) STC1005 (4A Stepper Phidget) v110 -> HUB0002 Port:1 S/N:723793
2024-01-23T16:31:58.000  <Info> phidget22[HandleEventsThreadFunction()] : Failed to increase priority of USB Handle Events thread: 0x01 - Operation not permitted
2024-01-23T16:31:58.000  <Info> phidget22[PhidgetUSBReadThreadFunction()] : HUB0002 (6-Port USB VINT Hub Phidget) v100 S/N:723793: USB read thread started: 0x4d795640
2024-01-23T16:31:58.000  <Info> phidget22vint[PhidgetHubDevice_setPortMode()] : Setting Port: 1 mode to VINT on HUB0002 (6-Port USB VINT Hub Phidget) v100 S/N:723793
2024-01-23T16:33:50.000  <Info> phidget22 : 
	******************************  Logging Enabled  ******************************
	* Phidget22 - Version 1.17 - Built Oct  4 2023 18:25:09                       *
	* Release 1.17 - Linux (64-bit)                                               *
	*******************************************************************************
2024-01-23T16:33:50.000  <Info> phidget22usb[PhidgetUSBScanDevices()] : Initializing libusb
2024-01-23T16:33:50.000  <Info> phidget22usb[PhidgetUSBScanDevices()] : New Phidget found in PhidgetUSBBuildList: 3/5
2024-01-23T16:33:50.000  <Info> phidget22[deviceAttach()] : (Attach) HUB0002 (6-Port USB VINT Hub Phidget) v100 S/N:723793
2024-01-23T16:33:50.000  <Info> phidget22[deviceAttach()] : (Attach) STC1005 (4A Stepper Phidget) v110 -> HUB0002 Port:1 S/N:723793
2024-01-23T16:33:50.000  <Info> phidget22[PhidgetUSBReadThreadFunction()] : HUB0002 (6-Port USB VINT Hub Phidget) v100 S/N:723793: USB read thread started: 0x79610640
2024-01-23T16:33:50.000  <Info> phidget22[HandleEventsThreadFunction()] : Failed to increase priority of USB Handle Events thread: 0x01 - Operation not permitted
2024-01-23T16:33:50.000  <Info> phidget22vint[PhidgetHubDevice_setPortMode()] : Setting Port: 1 mode to VINT on HUB0002 (6-Port USB VINT Hub Phidget) v100 S/N:723793
2024-01-23T16:34:31.000  <Info> phidget22 : 
	******************************  Logging Enabled  ******************************
	* Phidget22 - Version 1.17 - Built Oct  4 2023 18:25:09                       *
	* Release 1.17 - Linux (64-bit)                                               *
	*******************************************************************************
2024-01-23T16:34:31.000  <Info> phidget22usb[PhidgetUSBScanDevices()] : Initializing libusb
2024-01-23T16:34:31.000  <Info> phidget22usb[PhidgetUSBScanDevices()] : New Phidget found in PhidgetUSBBuildList: 3/5
2024-01-23T16:34:31.000  <Info> phidget22[deviceAttach()] : (Attach) HUB0002 (6-Port USB VINT Hub Phidget) v100 S/N:723793
2024-01-23T16:34:31.000  <Info> phidget22[deviceAttach()] : (Attach) STC1005 (4A Stepper Phidget) v110 -> HUB0002 Port:1 S/N:723793
2024-01-23T16:34:31.000  <Info> phidget22[HandleEventsThreadFunction()] : Failed to increase priority of USB Handle Events thread: 0x01 - Operation not permitted
2024-01-23T16:34:31.000  <Info> phidget22[PhidgetUSBReadThreadFunction()] : HUB0002 (6-Port USB VINT Hub Phidget) v100 S/N:723793: USB read thread started: 0xda7fa640
2024-01-23T16:34:31.000  <Info> phidget22vint[PhidgetHubDevice_setPortMode()] : Setting Port: 1 mode to VINT on HUB0002 (6-Port USB VINT Hub Phidget) v100 S/N:723793
2024-01-23T16:36:17.000  <Info> phidget22 : 
	******************************  Logging Enabled  ******************************
	* Phidget22 - Version 1.17 - Built Oct  4 2023 18:25:09                       *
	* Release 1.17 - Linux (64-bit)                                               *
	*******************************************************************************
2024-01-23T16:36:17.000  <Info> phidget22usb[PhidgetUSBScanDevices()] : Initializing libusb
2024-01-23T16:36:17.000  <Info> phidget22usb[PhidgetUSBScanDevices()] : New Phidget found in PhidgetUSBBuildList: 3/5
2024-01-23T16:36:17.000  <Info> phidget22[deviceAttach()] : (Attach) HUB0002 (6-Port USB VINT Hub Phidget) v100 S/N:723793
2024-01-23T16:36:17.000  <Info> phidget22[deviceAttach()] : (Attach) STC1005 (4A Stepper Phidget) v110 -> HUB0002 Port:1 S/N:723793
2024-01-23T16:36:17.000  <Info> phidget22[HandleEventsThreadFunction()] : Failed to increase priority of USB Handle Events thread: 0x01 - Operation not permitted
2024-01-23T16:36:17.000  <Info> phidget22[PhidgetUSBReadThreadFunction()] : HUB0002 (6-Port USB VINT Hub Phidget) v100 S/N:723793: USB read thread started: 0x95207640
2024-01-23T16:36:17.000  <Info> phidget22vint[PhidgetHubDevice_setPortMode()] : Setting Port: 1 mode to VINT on HUB0002 (6-Port USB VINT Hub Phidget) v100 S/N:723793
2024-01-23T16:39:08.000  <Info> phidget22 : 
	******************************  Logging Enabled  ******************************
	* Phidget22 - Version 1.17 - Built Oct  4 2023 18:25:09                       *
	* Release 1.17 - Linux (64-bit)                                               *
	*******************************************************************************
2024-01-23T16:39:08.000  <Info> phidget22usb[PhidgetUSBScanDevices()] : Initializing libusb
2024-01-23T16:39:08.000  <Info> phidget22usb[PhidgetUSBScanDevices()] : New Phidget found in PhidgetUSBBuildList: 3/5
2024-01-23T16:39:08.000  <Info> phidget22[deviceAttach()] : (Attach) HUB0002 (6-Port USB VINT Hub Phidget) v100 S/N:723793
2024-01-23T16:39:08.000  <Info> phidget22[deviceAttach()] : (Attach) STC1005 (4A Stepper Phidget) v110 -> HUB0002 Port:1 S/N:723793
2024-01-23T16:39:08.000  <Info> phidget22[HandleEventsThreadFunction()] : Failed to increase priority of USB Handle Events thread: 0x01 - Operation not permitted
2024-01-23T16:39:08.000  <Info> phidget22[PhidgetUSBReadThreadFunction()] : HUB0002 (6-Port USB VINT Hub Phidget) v100 S/N:723793: USB read thread started: 0x70ff3640
2024-01-23T16:39:08.000  <Info> phidget22vint[PhidgetHubDevice_setPortMode()] : Setting Port: 1 mode to VINT on HUB0002 (6-Port USB VINT Hub Phidget) v100 S/N:723793
2024-01-23T16:42:19.000  <Info> phidget22 : 
	******************************  Logging Enabled  ******************************
	* Phidget22 - Version 1.17 - Built Oct  4 2023 18:25:09                       *
	* Release 1.17 - Linux (64-bit)                                               *
	*******************************************************************************
2024-01-23T16:42:19.000  <Info> phidget22usb[PhidgetUSBScanDevices()] : Initializing libusb
2024-01-23T16:42:19.000  <Info> phidget22usb[PhidgetUSBScanDevices()] : New Phidget found in PhidgetUSBBuildList: 3/5
2024-01-23T16:42:19.000  <Info> phidget22[deviceAttach()] : (Attach) HUB0002 (6-Port USB VINT Hub Phidget) v100 S/N:723793
2024-01-23T16:42:19.000  <Info> phidget22[deviceAttach()] : (Attach) STC1005 (4A Stepper Phidget) v110 -> HUB0002 Port:1 S/N:723793
2024-01-23T16:42:19.000  <Info> phidget22[HandleEventsThreadFunction()] : Failed to increase priority of USB Handle Events thread: 0x01 - Operation not permitted
2024-01-23T16:42:19.000  <Info> phidget22[PhidgetUSBReadThreadFunction()] : HUB0002 (6-Port USB VINT Hub Phidget) v100 S/N:723793: USB read thread started: 0xae31e640
2024-01-23T16:42:19.000  <Info> phidget22vint[PhidgetHubDevice_setPortMode()] : Setting Port: 1 mode to VINT on HUB0002 (6-Port USB VINT Hub Phidget) v100 S/N:723793
2024-01-23T16:43:26.000  <Info> phidget22 : 
	******************************  Logging Enabled  ******************************
	* Phidget22 - Version 1.17 - Built Oct  4 2023 18:25:09                       *
	* Release 1.17 - Linux (64-bit)                                               *
	*******************************************************************************
2024-01-23T16:43:26.000  <Info> phidget22usb[PhidgetUSBScanDevices()] : Initializing libusb
2024-01-23T16:43:26.000  <Info> phidget22usb[PhidgetUSBScanDevices()] : New Phidget found in PhidgetUSBBuildList: 3/5
2024-01-23T16:43:26.000  <Info> phidget22[deviceAttach()] : (Attach) HUB0002 (6-Port USB VINT Hub Phidget) v100 S/N:723793
2024-01-23T16:43:26.000  <Info> phidget22[deviceAttach()] : (Attach) STC1005 (4A Stepper Phidget) v110 -> HUB0002 Port:1 S/N:723793
2024-01-23T16:43:26.000  <Info> phidget22[HandleEventsThreadFunction()] : Failed to increase priority of USB Handle Events thread: 0x01 - Operation not permitted
2024-01-23T16:43:26.000  <Info> phidget22[PhidgetUSBReadThreadFunction()] : HUB0002 (6-Port USB VINT Hub Phidget) v100 S/N:723793: USB read thread started: 0xc7fff640
2024-01-23T16:43:26.000  <Info> phidget22vint[PhidgetHubDevice_setPortMode()] : Setting Port: 1 mode to VINT on HUB0002 (6-Port USB VINT Hub Phidget) v100 S/N:723793
2024-01-23T16:45:00.000  <Info> phidget22 : 
	******************************  Logging Enabled  ******************************
	* Phidget22 - Version 1.17 - Built Oct  4 2023 18:25:09                       *
	* Release 1.17 - Linux (64-bit)                                               *
	*******************************************************************************
2024-01-23T16:45:00.000  <Info> phidget22usb[PhidgetUSBScanDevices()] : Initializing libusb
2024-01-23T16:45:00.000  <Info> phidget22usb[PhidgetUSBScanDevices()] : New Phidget found in PhidgetUSBBuildList: 3/5
2024-01-23T16:45:00.000  <Info> phidget22[deviceAttach()] : (Attach) HUB0002 (6-Port USB VINT Hub Phidget) v100 S/N:723793
2024-01-23T16:45:00.000  <Info> phidget22[deviceAttach()] : (Attach) STC1005 (4A Stepper Phidget) v110 -> HUB0002 Port:1 S/N:723793
2024-01-23T16:45:00.000  <Info> phidget22[HandleEventsThreadFunction()] : Failed to increase priority of USB Handle Events thread: 0x01 - Operation not permitted
2024-01-23T16:45:00.000  <Info> phidget22[PhidgetUSBReadThreadFunction()] : HUB0002 (6-Port USB VINT Hub Phidget) v100 S/N:723793: USB read thread started: 0x1e7fa640
2024-01-23T16:45:00.000  <Info> phidget22vint[PhidgetHubDevice_setPortMode()] : Setting Port: 1 mode to VINT on HUB0002 (6-Port USB VINT Hub Phidget) v100 S/N:723793
2024-01-23T16:46:15.000  <Info> phidget22 : 
	******************************  Logging Enabled  ******************************
	* Phidget22 - Version 1.17 - Built Oct  4 2023 18:25:09                       *
	* Release 1.17 - Linux (64-bit)                                               *
	*******************************************************************************
2024-01-23T16:46:15.000  <Info> phidget22usb[PhidgetUSBScanDevices()] : Initializing libusb
2024-01-23T16:46:15.000  <Info> phidget22usb[PhidgetUSBScanDevices()] : New Phidget found in PhidgetUSBBuildList: 3/5
2024-01-23T16:46:15.000  <Info> phidget22[deviceAttach()] : (Attach) HUB0002 (6-Port USB VINT Hub Phidget) v100 S/N:723793
2024-01-23T16:46:15.000  <Info> phidget22[deviceAttach()] : (Attach) STC1005 (4A Stepper Phidget) v110 -> HUB0002 Port:1 S/N:723793
2024-01-23T16:46:15.000  <Info> phidget22[HandleEventsThreadFunction()] : Failed to increase priority of USB Handle Events thread: 0x01 - Operation not permitted
2024-01-23T16:46:15.000  <Info> phidget22[PhidgetUSBReadThreadFunction()] : HUB0002 (6-Port USB VINT Hub Phidget) v100 S/N:723793: USB read thread started: 0x037fd640
2024-01-23T16:46:15.000  <Info> phidget22vint[PhidgetHubDevice_setPortMode()] : Setting Port: 1 mode to VINT on HUB0002 (6-Port USB VINT Hub Phidget) v100 S/N:723793
2024-01-23T16:47:58.000  <Info> phidget22 : 
	******************************  Logging Enabled  ******************************
	* Phidget22 - Version 1.17 - Built Oct  4 2023 18:25:09                       *
	* Release 1.17 - Linux (64-bit)                                               *
	*******************************************************************************
2024-01-23T16:47:58.000  <Info> phidget22usb[PhidgetUSBScanDevices()] : Initializing libusb
2024-01-23T16:47:58.000  <Info> phidget22usb[PhidgetUSBScanDevices()] : New Phidget found in PhidgetUSBBuildList: 3/5
2024-01-23T16:47:58.000  <Info> phidget22[deviceAttach()] : (Attach) HUB0002 (6-Port USB VINT Hub Phidget) v100 S/N:723793
2024-01-23T16:47:58.000  <Info> phidget22[deviceAttach()] : (Attach) STC1005 (4A Stepper Phidget) v110 -> HUB0002 Port:1 S/N:723793
2024-01-23T16:47:58.000  <Info> phidget22[HandleEventsThreadFunction()] : Failed to increase priority of USB Handle Events thread: 0x01 - Operation not permitted
2024-01-23T16:47:58.000  <Info> phidget22[PhidgetUSBReadThreadFunction()] : HUB0002 (6-Port USB VINT Hub Phidget) v100 S/N:723793: USB read thread started: 0xa7bfe640
2024-01-23T16:47:58.000  <Info> phidget22vint[PhidgetHubDevice_setPortMode()] : Setting Port: 1 mode to VINT on HUB0002 (6-Port USB VINT Hub Phidget) v100 S/N:723793
2024-01-23T16:48:53.000  <Info> phidget22 : 
	******************************  Logging Enabled  ******************************
	* Phidget22 - Version 1.17 - Built Oct  4 2023 18:25:09                       *
	* Release 1.17 - Linux (64-bit)                                               *
	*******************************************************************************
2024-01-23T16:48:53.000  <Info> phidget22usb[PhidgetUSBScanDevices()] : Initializing libusb
2024-01-23T16:48:53.000  <Info> phidget22usb[PhidgetUSBScanDevices()] : New Phidget found in PhidgetUSBBuildList: 3/5
2024-01-23T16:48:53.000  <Info> phidget22[deviceAttach()] : (Attach) HUB0002 (6-Port USB VINT Hub Phidget) v100 S/N:723793
2024-01-23T16:48:53.000  <Info> phidget22[deviceAttach()] : (Attach) STC1005 (4A Stepper Phidget) v110 -> HUB0002 Port:1 S/N:723793
2024-01-23T16:48:53.000  <Info> phidget22[HandleEventsThreadFunction()] : Failed to increase priority of USB Handle Events thread: 0x01 - Operation not permitted
2024-01-23T16:48:53.000  <Info> phidget22[PhidgetUSBReadThreadFunction()] : HUB0002 (6-Port USB VINT Hub Phidget) v100 S/N:723793: USB read thread started: 0x52406640
2024-01-23T16:48:53.000  <Info> phidget22vint[PhidgetHubDevice_setPortMode()] : Setting Port: 1 mode to VINT on HUB0002 (6-Port USB VINT Hub Phidget) v100 S/N:723793
2024-01-23T16:49:52.000  <Info> phidget22 : 
	******************************  Logging Enabled  ******************************
	* Phidget22 - Version 1.17 - Built Oct  4 2023 18:25:09                       *
	* Release 1.17 - Linux (64-bit)                                               *
	*******************************************************************************
2024-01-23T16:49:52.000  <Info> phidget22usb[PhidgetUSBScanDevices()] : Initializing libusb
2024-01-23T16:49:52.000  <Info> phidget22usb[PhidgetUSBScanDevices()] : New Phidget found in PhidgetUSBBuildList: 3/5
2024-01-23T16:49:52.000  <Info> phidget22[deviceAttach()] : (Attach) HUB0002 (6-Port USB VINT Hub Phidget) v100 S/N:723793
2024-01-23T16:49:52.000  <Info> phidget22[deviceAttach()] : (Attach) STC1005 (4A Stepper Phidget) v110 -> HUB0002 Port:1 S/N:723793
2024-01-23T16:49:52.000  <Info> phidget22[HandleEventsThreadFunction()] : Failed to increase priority of USB Handle Events thread: 0x01 - Operation not permitted
2024-01-23T16:49:52.000  <Info> phidget22[PhidgetUSBReadThreadFunction()] : HUB0002 (6-Port USB VINT Hub Phidget) v100 S/N:723793: USB read thread started: 0x94737640
2024-01-23T16:49:52.000  <Info> phidget22vint[PhidgetHubDevice_setPortMode()] : Setting Port: 1 mode to VINT on HUB0002 (6-Port USB VINT Hub Phidget) v100 S/N:723793
2024-01-23T16:50:12.000  <Info> phidget22 : 
	******************************  Logging Enabled  ******************************
	* Phidget22 - Version 1.17 - Built Oct  4 2023 18:25:09                       *
	* Release 1.17 - Linux (64-bit)                                               *
	*******************************************************************************
2024-01-23T16:50:12.000  <Info> phidget22usb[PhidgetUSBScanDevices()] : Initializing libusb
2024-01-23T16:50:12.000  <Info> phidget22usb[PhidgetUSBScanDevices()] : New Phidget found in PhidgetUSBBuildList: 3/5
2024-01-23T16:50:12.000  <Info> phidget22[deviceAttach()] : (Attach) HUB0002 (6-Port USB VINT Hub Phidget) v100 S/N:723793
2024-01-23T16:50:12.000  <Info> phidget22[deviceAttach()] : (Attach) STC1005 (4A Stepper Phidget) v110 -> HUB0002 Port:1 S/N:723793
2024-01-23T16:50:12.000  <Info> phidget22[HandleEventsThreadFunction()] : Failed to increase priority of USB Handle Events thread: 0x01 - Operation not permitted
2024-01-23T16:50:12.000  <Info> phidget22[PhidgetUSBReadThreadFunction()] : HUB0002 (6-Port USB VINT Hub Phidget) v100 S/N:723793: USB read thread started: 0x3abfb640
2024-01-23T16:50:12.000  <Info> phidget22vint[PhidgetHubDevice_setPortMode()] : Setting Port: 1 mode to VINT on HUB0002 (6-Port USB VINT Hub Phidget) v100 S/N:723793
2024-01-23T16:52:34.000  <Info> phidget22 : 
	******************************  Logging Enabled  ******************************
	* Phidget22 - Version 1.17 - Built Oct  4 2023 18:25:09                       *
	* Release 1.17 - Linux (64-bit)                                               *
	*******************************************************************************
2024-01-23T16:52:34.000  <Info> phidget22usb[PhidgetUSBScanDevices()] : Initializing libusb
2024-01-23T16:52:34.000  <Info> phidget22usb[PhidgetUSBScanDevices()] : New Phidget found in PhidgetUSBBuildList: 3/5
2024-01-23T16:52:34.000  <Info> phidget22[deviceAttach()] : (Attach) HUB0002 (6-Port USB VINT Hub Phidget) v100 S/N:723793
2024-01-23T16:52:34.000  <Info> phidget22[deviceAttach()] : (Attach) STC1005 (4A Stepper Phidget) v110 -> HUB0002 Port:1 S/N:723793
2024-01-23T16:52:34.000  <Info> phidget22[HandleEventsThreadFunction()] : Failed to increase priority of USB Handle Events thread: 0x01 - Operation not permitted
2024-01-23T16:52:34.000  <Info> phidget22[PhidgetUSBReadThreadFunction()] : HUB0002 (6-Port USB VINT Hub Phidget) v100 S/N:723793: USB read thread started: 0x32bfb640
2024-01-23T16:52:34.000  <Info> phidget22vint[PhidgetHubDevice_setPortMode()] : Setting Port: 1 mode to VINT on HUB0002 (6-Port USB VINT Hub Phidget) v100 S/N:723793
2024-01-23T16:55:28.000  <Info> phidget22 : 
	******************************  Logging Enabled  ******************************
	* Phidget22 - Version 1.17 - Built Oct  4 2023 18:25:09                       *
	* Release 1.17 - Linux (64-bit)                                               *
	*******************************************************************************
2024-01-23T16:55:28.000  <Info> phidget22usb[PhidgetUSBScanDevices()] : Initializing libusb
2024-01-23T16:55:28.000  <Info> phidget22usb[PhidgetUSBScanDevices()] : New Phidget found in PhidgetUSBBuildList: 3/5
2024-01-23T16:55:28.000  <Info> phidget22[deviceAttach()] : (Attach) HUB0002 (6-Port USB VINT Hub Phidget) v100 S/N:723793
2024-01-23T16:55:28.000  <Info> phidget22[deviceAttach()] : (Attach) STC1005 (4A Stepper Phidget) v110 -> HUB0002 Port:1 S/N:723793
2024-01-23T16:55:28.000  <Info> phidget22[HandleEventsThreadFunction()] : Failed to increase priority of USB Handle Events thread: 0x01 - Operation not permitted
2024-01-23T16:55:28.000  <Info> phidget22[PhidgetUSBReadThreadFunction()] : HUB0002 (6-Port USB VINT Hub Phidget) v100 S/N:723793: USB read thread started: 0xcf3fc640
2024-01-23T16:55:28.000  <Info> phidget22vint[PhidgetHubDevice_setPortMode()] : Setting Port: 1 mode to VINT on HUB0002 (6-Port USB VINT Hub Phidget) v100 S/N:723793
2024-01-23T16:56:00.000  <Info> phidget22 : 
	******************************  Logging Enabled  ******************************
	* Phidget22 - Version 1.17 - Built Oct  4 2023 18:25:09                       *
	* Release 1.17 - Linux (64-bit)                                               *
	*******************************************************************************
2024-01-23T16:56:00.000  <Info> phidget22usb[PhidgetUSBScanDevices()] : Initializing libusb
2024-01-23T16:56:00.000  <Info> phidget22usb[PhidgetUSBScanDevices()] : New Phidget found in PhidgetUSBBuildList: 3/5
2024-01-23T16:56:00.000  <Info> phidget22[deviceAttach()] : (Attach) HUB0002 (6-Port USB VINT Hub Phidget) v100 S/N:723793
2024-01-23T16:56:00.000  <Info> phidget22[deviceAttach()] : (Attach) STC1005 (4A Stepper Phidget) v110 -> HUB0002 Port:1 S/N:723793
2024-01-23T16:56:00.000  <Info> phidget22[HandleEventsThreadFunction()] : Failed to increase priority of USB Handle Events thread: 0x01 - Operation not permitted
2024-01-23T16:56:00.000  <Info> phidget22[PhidgetUSBReadThreadFunction()] : HUB0002 (6-Port USB VINT Hub Phidget) v100 S/N:723793: USB read thread started: 0xbf3fc640
2024-01-23T16:56:00.000  <Info> phidget22vint[PhidgetHubDevice_setPortMode()] : Setting Port: 1 mode to VINT on HUB0002 (6-Port USB VINT Hub Phidget) v100 S/N:723793
2024-01-23T16:57:15.000  <Info> phidget22 : 
	******************************  Logging Enabled  ******************************
	* Phidget22 - Version 1.17 - Built Oct  4 2023 18:25:09                       *
	* Release 1.17 - Linux (64-bit)                                               *
	*******************************************************************************
2024-01-23T16:57:15.000  <Info> phidget22usb[PhidgetUSBScanDevices()] : Initializing libusb
2024-01-23T16:57:15.000  <Info> phidget22usb[PhidgetUSBScanDevices()] : New Phidget found in PhidgetUSBBuildList: 3/5
2024-01-23T16:57:15.000  <Info> phidget22[deviceAttach()] : (Attach) HUB0002 (6-Port USB VINT Hub Phidget) v100 S/N:723793
2024-01-23T16:57:15.000  <Info> phidget22[deviceAttach()] : (Attach) STC1005 (4A Stepper Phidget) v110 -> HUB0002 Port:1 S/N:723793
2024-01-23T16:57:15.000  <Info> phidget22[HandleEventsThreadFunction()] : Failed to increase priority of USB Handle Events thread: 0x01 - Operation not permitted
2024-01-23T16:57:15.000  <Info> phidget22[PhidgetUSBReadThreadFunction()] : HUB0002 (6-Port USB VINT Hub Phidget) v100 S/N:723793: USB read thread started: 0x66ffc640
2024-01-23T16:57:15.000  <Info> phidget22vint[PhidgetHubDevice_setPortMode()] : Setting Port: 1 mode to VINT on HUB0002 (6-Port USB VINT Hub Phidget) v100 S/N:723793
2024-01-23T16:58:04.000  <Info> phidget22 : 
	******************************  Logging Enabled  ******************************
	* Phidget22 - Version 1.17 - Built Oct  4 2023 18:25:09                       *
	* Release 1.17 - Linux (64-bit)                                               *
	*******************************************************************************
2024-01-23T16:58:04.000  <Info> phidget22usb[PhidgetUSBScanDevices()] : Initializing libusb
2024-01-23T16:58:04.000  <Info> phidget22usb[PhidgetUSBScanDevices()] : New Phidget found in PhidgetUSBBuildList: 3/5
2024-01-23T16:58:04.000  <Info> phidget22[deviceAttach()] : (Attach) HUB0002 (6-Port USB VINT Hub Phidget) v100 S/N:723793
2024-01-23T16:58:04.000  <Info> phidget22[deviceAttach()] : (Attach) STC1005 (4A Stepper Phidget) v110 -> HUB0002 Port:1 S/N:723793
2024-01-23T16:58:04.000  <Info> phidget22[HandleEventsThreadFunction()] : Failed to increase priority of USB Handle Events thread: 0x01 - Operation not permitted
2024-01-23T16:58:04.000  <Info> phidget22[PhidgetUSBReadThreadFunction()] : HUB0002 (6-Port USB VINT Hub Phidget) v100 S/N:723793: USB read thread started: 0xf9683640
2024-01-23T16:58:04.000  <Info> phidget22vint[PhidgetHubDevice_setPortMode()] : Setting Port: 1 mode to VINT on HUB0002 (6-Port USB VINT Hub Phidget) v100 S/N:723793
2024-01-23T17:00:37.000  <Info> phidget22 : 
	******************************  Logging Enabled  ******************************
	* Phidget22 - Version 1.17 - Built Oct  4 2023 18:25:09                       *
	* Release 1.17 - Linux (64-bit)                                               *
	*******************************************************************************
2024-01-23T17:00:37.000  <Info> phidget22usb[PhidgetUSBScanDevices()] : Initializing libusb
2024-01-23T17:00:37.000  <Info> phidget22usb[PhidgetUSBScanDevices()] : New Phidget found in PhidgetUSBBuildList: 3/5
2024-01-23T17:00:37.000  <Info> phidget22[deviceAttach()] : (Attach) HUB0002 (6-Port USB VINT Hub Phidget) v100 S/N:723793
2024-01-23T17:00:37.000  <Info> phidget22[deviceAttach()] : (Attach) STC1005 (4A Stepper Phidget) v110 -> HUB0002 Port:1 S/N:723793
2024-01-23T17:00:37.000  <Info> phidget22[HandleEventsThreadFunction()] : Failed to increase priority of USB Handle Events thread: 0x01 - Operation not permitted
2024-01-23T17:00:37.000  <Info> phidget22[PhidgetUSBReadThreadFunction()] : HUB0002 (6-Port USB VINT Hub Phidget) v100 S/N:723793: USB read thread started: 0x29a05640
2024-01-23T17:00:37.000  <Info> phidget22vint[PhidgetHubDevice_setPortMode()] : Setting Port: 1 mode to VINT on HUB0002 (6-Port USB VINT Hub Phidget) v100 S/N:723793
2024-01-23T17:01:11.000  <Info> phidget22 : 
	******************************  Logging Enabled  ******************************
	* Phidget22 - Version 1.17 - Built Oct  4 2023 18:25:09                       *
	* Release 1.17 - Linux (64-bit)                                               *
	*******************************************************************************
2024-01-23T17:01:11.000  <Info> phidget22usb[PhidgetUSBScanDevices()] : Initializing libusb
2024-01-23T17:01:11.000  <Info> phidget22usb[PhidgetUSBScanDevices()] : New Phidget found in PhidgetUSBBuildList: 3/5
2024-01-23T17:01:11.000  <Info> phidget22[deviceAttach()] : (Attach) HUB0002 (6-Port USB VINT Hub Phidget) v100 S/N:723793
2024-01-23T17:01:11.000  <Info> phidget22[deviceAttach()] : (Attach) STC1005 (4A Stepper Phidget) v110 -> HUB0002 Port:1 S/N:723793
2024-01-23T17:01:11.000  <Info> phidget22[HandleEventsThreadFunction()] : Failed to increase priority of USB Handle Events thread: 0x01 - Operation not permitted
2024-01-23T17:01:11.000  <Info> phidget22[PhidgetUSBReadThreadFunction()] : HUB0002 (6-Port USB VINT Hub Phidget) v100 S/N:723793: USB read thread started: 0xb3bfe640
2024-01-23T17:01:11.000  <Info> phidget22vint[PhidgetHubDevice_setPortMode()] : Setting Port: 1 mode to VINT on HUB0002 (6-Port USB VINT Hub Phidget) v100 S/N:723793
2024-01-23T17:05:55.000  <Info> phidget22 : 
	******************************  Logging Enabled  ******************************
	* Phidget22 - Version 1.17 - Built Oct  4 2023 18:25:09                       *
	* Release 1.17 - Linux (64-bit)                                               *
	*******************************************************************************
2024-01-23T17:05:55.000  <Info> phidget22usb[PhidgetUSBScanDevices()] : Initializing libusb
2024-01-23T17:05:55.000  <Info> phidget22usb[PhidgetUSBScanDevices()] : New Phidget found in PhidgetUSBBuildList: 3/5
2024-01-23T17:05:55.000  <Info> phidget22[deviceAttach()] : (Attach) HUB0002 (6-Port USB VINT Hub Phidget) v100 S/N:723793
2024-01-23T17:05:55.000  <Info> phidget22[deviceAttach()] : (Attach) STC1005 (4A Stepper Phidget) v110 -> HUB0002 Port:1 S/N:723793
2024-01-23T17:05:55.000  <Info> phidget22[PhidgetUSBReadThreadFunction()] : HUB0002 (6-Port USB VINT Hub Phidget) v100 S/N:723793: USB read thread started: 0xd4f08640
2024-01-23T17:05:55.000  <Info> phidget22[HandleEventsThreadFunction()] : Failed to increase priority of USB Handle Events thread: 0x01 - Operation not permitted
2024-01-23T17:05:55.000  <Info> phidget22vint[PhidgetHubDevice_setPortMode()] : Setting Port: 1 mode to VINT on HUB0002 (6-Port USB VINT Hub Phidget) v100 S/N:723793
2024-01-23T17:06:33.000  <Info> phidget22 : 
	******************************  Logging Enabled  ******************************
	* Phidget22 - Version 1.17 - Built Oct  4 2023 18:25:09                       *
	* Release 1.17 - Linux (64-bit)                                               *
	*******************************************************************************
2024-01-23T17:06:33.000  <Info> phidget22usb[PhidgetUSBScanDevices()] : Initializing libusb
2024-01-23T17:06:33.000  <Info> phidget22usb[PhidgetUSBScanDevices()] : New Phidget found in PhidgetUSBBuildList: 3/5
2024-01-23T17:06:33.000  <Info> phidget22[deviceAttach()] : (Attach) HUB0002 (6-Port USB VINT Hub Phidget) v100 S/N:723793
2024-01-23T17:06:33.000  <Info> phidget22[deviceAttach()] : (Attach) STC1005 (4A Stepper Phidget) v110 -> HUB0002 Port:1 S/N:723793
2024-01-23T17:06:33.000  <Info> phidget22[HandleEventsThreadFunction()] : Failed to increase priority of USB Handle Events thread: 0x01 - Operation not permitted
2024-01-23T17:06:33.000  <Info> phidget22[PhidgetUSBReadThreadFunction()] : HUB0002 (6-Port USB VINT Hub Phidget) v100 S/N:723793: USB read thread started: 0x20771640
2024-01-23T17:06:33.000  <Info> phidget22vint[PhidgetHubDevice_setPortMode()] : Setting Port: 1 mode to VINT on HUB0002 (6-Port USB VINT Hub Phidget) v100 S/N:723793
2024-01-23T17:09:35.000  <Info> phidget22 : 
	******************************  Logging Enabled  ******************************
	* Phidget22 - Version 1.17 - Built Oct  4 2023 18:25:09                       *
	* Release 1.17 - Linux (64-bit)                                               *
	*******************************************************************************
2024-01-23T17:09:35.000  <Info> phidget22usb[PhidgetUSBScanDevices()] : Initializing libusb
2024-01-23T17:09:35.000  <Info> phidget22usb[PhidgetUSBScanDevices()] : New Phidget found in PhidgetUSBBuildList: 3/5
2024-01-23T17:09:35.000  <Info> phidget22[deviceAttach()] : (Attach) HUB0002 (6-Port USB VINT Hub Phidget) v100 S/N:723793
2024-01-23T17:09:35.000  <Info> phidget22[deviceAttach()] : (Attach) STC1005 (4A Stepper Phidget) v110 -> HUB0002 Port:1 S/N:723793
2024-01-23T17:09:35.000  <Info> phidget22[HandleEventsThreadFunction()] : Failed to increase priority of USB Handle Events thread: 0x01 - Operation not permitted
2024-01-23T17:09:35.000  <Info> phidget22[PhidgetUSBReadThreadFunction()] : HUB0002 (6-Port USB VINT Hub Phidget) v100 S/N:723793: USB read thread started: 0x489e5640
2024-01-23T17:09:35.000  <Info> phidget22vint[PhidgetHubDevice_setPortMode()] : Setting Port: 1 mode to VINT on HUB0002 (6-Port USB VINT Hub Phidget) v100 S/N:723793
2024-01-23T17:11:39.000  <Info> phidget22 : 
	******************************  Logging Enabled  ******************************
	* Phidget22 - Version 1.17 - Built Oct  4 2023 18:25:09                       *
	* Release 1.17 - Linux (64-bit)                                               *
	*******************************************************************************
2024-01-23T17:11:39.000  <Info> phidget22usb[PhidgetUSBScanDevices()] : Initializing libusb
2024-01-23T17:11:39.000  <Info> phidget22usb[PhidgetUSBScanDevices()] : New Phidget found in PhidgetUSBBuildList: 3/5
2024-01-23T17:11:39.000  <Info> phidget22[deviceAttach()] : (Attach) HUB0002 (6-Port USB VINT Hub Phidget) v100 S/N:723793
2024-01-23T17:11:39.000  <Info> phidget22[deviceAttach()] : (Attach) STC1005 (4A Stepper Phidget) v110 -> HUB0002 Port:1 S/N:723793
2024-01-23T17:11:39.000  <Info> phidget22[HandleEventsThreadFunction()] : Failed to increase priority of USB Handle Events thread: 0x01 - Operation not permitted
2024-01-23T17:11:39.000  <Info> phidget22[PhidgetUSBReadThreadFunction()] : HUB0002 (6-Port USB VINT Hub Phidget) v100 S/N:723793: USB read thread started: 0x87bfe640
2024-01-23T17:11:39.000  <Info> phidget22vint[PhidgetHubDevice_setPortMode()] : Setting Port: 1 mode to VINT on HUB0002 (6-Port USB VINT Hub Phidget) v100 S/N:723793
2024-01-23T17:12:21.000  <Info> phidget22 : 
	******************************  Logging Enabled  ******************************
	* Phidget22 - Version 1.17 - Built Oct  4 2023 18:25:09                       *
	* Release 1.17 - Linux (64-bit)                                               *
	*******************************************************************************
2024-01-23T17:12:21.000  <Info> phidget22usb[PhidgetUSBScanDevices()] : Initializing libusb
2024-01-23T17:12:21.000  <Info> phidget22usb[PhidgetUSBScanDevices()] : New Phidget found in PhidgetUSBBuildList: 3/5
2024-01-23T17:12:21.000  <Info> phidget22[deviceAttach()] : (Attach) HUB0002 (6-Port USB VINT Hub Phidget) v100 S/N:723793
2024-01-23T17:12:21.000  <Info> phidget22[deviceAttach()] : (Attach) STC1005 (4A Stepper Phidget) v110 -> HUB0002 Port:1 S/N:723793
2024-01-23T17:12:21.000  <Info> phidget22[HandleEventsThreadFunction()] : Failed to increase priority of USB Handle Events thread: 0x01 - Operation not permitted
2024-01-23T17:12:21.000  <Info> phidget22[PhidgetUSBReadThreadFunction()] : HUB0002 (6-Port USB VINT Hub Phidget) v100 S/N:723793: USB read thread started: 0x7995b640
2024-01-23T17:12:21.000  <Info> phidget22vint[PhidgetHubDevice_setPortMode()] : Setting Port: 1 mode to VINT on HUB0002 (6-Port USB VINT Hub Phidget) v100 S/N:723793
2024-01-23T17:13:47.000  <Info> phidget22 : 
	******************************  Logging Enabled  ******************************
	* Phidget22 - Version 1.17 - Built Oct  4 2023 18:25:09                       *
	* Release 1.17 - Linux (64-bit)                                               *
	*******************************************************************************
2024-01-23T17:13:47.000  <Info> phidget22usb[PhidgetUSBScanDevices()] : Initializing libusb
2024-01-23T17:13:47.000  <Info> phidget22usb[PhidgetUSBScanDevices()] : New Phidget found in PhidgetUSBBuildList: 3/5
2024-01-23T17:13:47.000  <Info> phidget22[deviceAttach()] : (Attach) HUB0002 (6-Port USB VINT Hub Phidget) v100 S/N:723793
2024-01-23T17:13:47.000  <Info> phidget22[deviceAttach()] : (Attach) STC1005 (4A Stepper Phidget) v110 -> HUB0002 Port:1 S/N:723793
2024-01-23T17:13:47.000  <Info> phidget22[HandleEventsThreadFunction()] : Failed to increase priority of USB Handle Events thread: 0x01 - Operation not permitted
2024-01-23T17:13:47.000  <Info> phidget22[PhidgetUSBReadThreadFunction()] : HUB0002 (6-Port USB VINT Hub Phidget) v100 S/N:723793: USB read thread started: 0x504dc640
2024-01-23T17:13:47.000  <Info> phidget22vint[PhidgetHubDevice_setPortMode()] : Setting Port: 1 mode to VINT on HUB0002 (6-Port USB VINT Hub Phidget) v100 S/N:723793
2024-01-23T17:16:44.000  <Info> phidget22 : 
	******************************  Logging Enabled  ******************************
	* Phidget22 - Version 1.17 - Built Oct  4 2023 18:25:09                       *
	* Release 1.17 - Linux (64-bit)                                               *
	*******************************************************************************
2024-01-23T17:16:44.000  <Info> phidget22usb[PhidgetUSBScanDevices()] : Initializing libusb
2024-01-23T17:16:44.000  <Info> phidget22usb[PhidgetUSBScanDevices()] : New Phidget found in PhidgetUSBBuildList: 3/5
2024-01-23T17:16:44.000  <Info> phidget22[deviceAttach()] : (Attach) HUB0002 (6-Port USB VINT Hub Phidget) v100 S/N:723793
2024-01-23T17:16:44.000  <Info> phidget22[deviceAttach()] : (Attach) STC1005 (4A Stepper Phidget) v110 -> HUB0002 Port:1 S/N:723793
2024-01-23T17:16:44.000  <Info> phidget22[HandleEventsThreadFunction()] : Failed to increase priority of USB Handle Events thread: 0x01 - Operation not permitted
2024-01-23T17:16:44.000  <Info> phidget22vint[PhidgetHubDevice_setPortMode()] : Setting Port: 1 mode to VINT on HUB0002 (6-Port USB VINT Hub Phidget) v100 S/N:723793
2024-01-23T17:16:44.000  <Info> phidget22[PhidgetUSBReadThreadFunction()] : HUB0002 (6-Port USB VINT Hub Phidget) v100 S/N:723793: USB read thread started: 0xd1eb4640
2024-01-23T17:18:45.000  <Info> phidget22 : 
	******************************  Logging Enabled  ******************************
	* Phidget22 - Version 1.17 - Built Oct  4 2023 18:25:09                       *
	* Release 1.17 - Linux (64-bit)                                               *
	*******************************************************************************
2024-01-23T17:18:45.000  <Info> phidget22usb[PhidgetUSBScanDevices()] : Initializing libusb
2024-01-23T17:18:45.000  <Info> phidget22usb[PhidgetUSBScanDevices()] : New Phidget found in PhidgetUSBBuildList: 3/5
2024-01-23T17:18:45.000  <Info> phidget22[deviceAttach()] : (Attach) HUB0002 (6-Port USB VINT Hub Phidget) v100 S/N:723793
2024-01-23T17:18:45.000  <Info> phidget22[deviceAttach()] : (Attach) STC1005 (4A Stepper Phidget) v110 -> HUB0002 Port:1 S/N:723793
2024-01-23T17:18:45.000  <Info> phidget22[HandleEventsThreadFunction()] : Failed to increase priority of USB Handle Events thread: 0x01 - Operation not permitted
2024-01-23T17:18:45.000  <Info> phidget22[PhidgetUSBReadThreadFunction()] : HUB0002 (6-Port USB VINT Hub Phidget) v100 S/N:723793: USB read thread started: 0x26506640
2024-01-23T17:18:45.000  <Info> phidget22vint[PhidgetHubDevice_setPortMode()] : Setting Port: 1 mode to VINT on HUB0002 (6-Port USB VINT Hub Phidget) v100 S/N:723793
2024-01-23T17:19:52.000  <Info> phidget22 : 
	******************************  Logging Enabled  ******************************
	* Phidget22 - Version 1.17 - Built Oct  4 2023 18:25:09                       *
	* Release 1.17 - Linux (64-bit)                                               *
	*******************************************************************************
2024-01-23T17:19:52.000  <Info> phidget22usb[PhidgetUSBScanDevices()] : Initializing libusb
2024-01-23T17:19:52.000  <Info> phidget22usb[PhidgetUSBScanDevices()] : New Phidget found in PhidgetUSBBuildList: 3/5
2024-01-23T17:19:52.000  <Info> phidget22[deviceAttach()] : (Attach) HUB0002 (6-Port USB VINT Hub Phidget) v100 S/N:723793
2024-01-23T17:19:52.000  <Info> phidget22[deviceAttach()] : (Attach) STC1005 (4A Stepper Phidget) v110 -> HUB0002 Port:1 S/N:723793
2024-01-23T17:19:52.000  <Info> phidget22[HandleEventsThreadFunction()] : Failed to increase priority of USB Handle Events thread: 0x01 - Operation not permitted
2024-01-23T17:19:52.000  <Info> phidget22[PhidgetUSBReadThreadFunction()] : HUB0002 (6-Port USB VINT Hub Phidget) v100 S/N:723793: USB read thread started: 0x8bfff640
2024-01-23T17:19:52.000  <Info> phidget22vint[PhidgetHubDevice_setPortMode()] : Setting Port: 1 mode to VINT on HUB0002 (6-Port USB VINT Hub Phidget) v100 S/N:723793
2024-01-23T17:20:39.000  <Info> phidget22 : 
	******************************  Logging Enabled  ******************************
	* Phidget22 - Version 1.17 - Built Oct  4 2023 18:25:09                       *
	* Release 1.17 - Linux (64-bit)                                               *
	*******************************************************************************
2024-01-23T17:20:39.000  <Info> phidget22usb[PhidgetUSBScanDevices()] : Initializing libusb
2024-01-23T17:20:39.000  <Info> phidget22usb[PhidgetUSBScanDevices()] : New Phidget found in PhidgetUSBBuildList: 3/5
2024-01-23T17:20:39.000  <Info> phidget22[deviceAttach()] : (Attach) HUB0002 (6-Port USB VINT Hub Phidget) v100 S/N:723793
2024-01-23T17:20:39.000  <Info> phidget22[deviceAttach()] : (Attach) STC1005 (4A Stepper Phidget) v110 -> HUB0002 Port:1 S/N:723793
2024-01-23T17:20:39.000  <Info> phidget22[HandleEventsThreadFunction()] : Failed to increase priority of USB Handle Events thread: 0x01 - Operation not permitted
2024-01-23T17:20:39.000  <Info> phidget22[PhidgetUSBReadThreadFunction()] : HUB0002 (6-Port USB VINT Hub Phidget) v100 S/N:723793: USB read thread started: 0xec993640
2024-01-23T17:20:39.000  <Info> phidget22vint[PhidgetHubDevice_setPortMode()] : Setting Port: 1 mode to VINT on HUB0002 (6-Port USB VINT Hub Phidget) v100 S/N:723793
2024-01-23T17:21:32.000  <Info> phidget22 : 
	******************************  Logging Enabled  ******************************
	* Phidget22 - Version 1.17 - Built Oct  4 2023 18:25:09                       *
	* Release 1.17 - Linux (64-bit)                                               *
	*******************************************************************************
2024-01-23T17:21:32.000  <Info> phidget22usb[PhidgetUSBScanDevices()] : Initializing libusb
2024-01-23T17:21:32.000  <Info> phidget22usb[PhidgetUSBScanDevices()] : New Phidget found in PhidgetUSBBuildList: 3/5
2024-01-23T17:21:32.000  <Info> phidget22[deviceAttach()] : (Attach) HUB0002 (6-Port USB VINT Hub Phidget) v100 S/N:723793
2024-01-23T17:21:32.000  <Info> phidget22[deviceAttach()] : (Attach) STC1005 (4A Stepper Phidget) v110 -> HUB0002 Port:1 S/N:723793
2024-01-23T17:21:32.000  <Info> phidget22[HandleEventsThreadFunction()] : Failed to increase priority of USB Handle Events thread: 0x01 - Operation not permitted
2024-01-23T17:21:32.000  <Info> phidget22[PhidgetUSBReadThreadFunction()] : HUB0002 (6-Port USB VINT Hub Phidget) v100 S/N:723793: USB read thread started: 0xb08e2640
2024-01-23T17:21:32.000  <Info> phidget22vint[PhidgetHubDevice_setPortMode()] : Setting Port: 1 mode to VINT on HUB0002 (6-Port USB VINT Hub Phidget) v100 S/N:723793
2024-01-23T17:35:11.000  <Info> phidget22 : 
	******************************  Logging Enabled  ******************************
	* Phidget22 - Version 1.17 - Built Oct  4 2023 18:25:09                       *
	* Release 1.17 - Linux (64-bit)                                               *
	*******************************************************************************
2024-01-23T17:35:11.000  <Info> phidget22usb[PhidgetUSBScanDevices()] : Initializing libusb
2024-01-23T17:35:11.000  <Info> phidget22usb[PhidgetUSBScanDevices()] : New Phidget found in PhidgetUSBBuildList: 3/5
2024-01-23T17:35:11.000  <Info> phidget22[deviceAttach()] : (Attach) HUB0002 (6-Port USB VINT Hub Phidget) v100 S/N:723793
2024-01-23T17:35:11.000  <Info> phidget22[deviceAttach()] : (Attach) STC1005 (4A Stepper Phidget) v110 -> HUB0002 Port:1 S/N:723793
2024-01-23T17:35:11.000  <Info> phidget22[HandleEventsThreadFunction()] : Failed to increase priority of USB Handle Events thread: 0x01 - Operation not permitted
2024-01-23T17:35:11.000  <Info> phidget22[PhidgetUSBReadThreadFunction()] : HUB0002 (6-Port USB VINT Hub Phidget) v100 S/N:723793: USB read thread started: 0x62140640
2024-01-23T17:35:11.000  <Info> phidget22vint[PhidgetHubDevice_setPortMode()] : Setting Port: 1 mode to VINT on HUB0002 (6-Port USB VINT Hub Phidget) v100 S/N:723793
2024-01-23T17:40:38.000  <Info> phidget22vint[PhidgetHubDevice_setPortMode()] : Setting Port: 1 mode to VINT on HUB0002 (6-Port USB VINT Hub Phidget) v100 S/N:723793
2024-01-23T17:40:39.000  <Info> phidget22[PhidgetUSBReadThreadFunction()] : HUB0002 (6-Port USB VINT Hub Phidget) v100 S/N:723793: ReadThread exiting normally (signaled by Phidget_close)
2024-01-23T17:40:39.000  <Info> phidget22[deviceDetach()] : (Detach) STC1005 (4A Stepper Phidget) v110 -> HUB0002 Port:1 S/N:723793
2024-01-23T17:40:39.000  <Info> phidget22[deviceDetach()] : (Detach) HUB0002 (6-Port USB VINT Hub Phidget) v100 S/N:723793
2024-01-23T17:40:39.000  <Info> phidget22usb[PhidgetUSBUninit()] : Deinitializing libusb
2024-01-23T17:40:49.000  <Info> phidget22 : 
	******************************  Logging Enabled  ******************************
	* Phidget22 - Version 1.17 - Built Oct  4 2023 18:25:09                       *
	* Release 1.17 - Linux (64-bit)                                               *
	*******************************************************************************
2024-01-23T17:40:49.000  <Info> phidget22usb[PhidgetUSBScanDevices()] : Initializing libusb
2024-01-23T17:40:49.000  <Info> phidget22usb[PhidgetUSBScanDevices()] : New Phidget found in PhidgetUSBBuildList: 3/5
2024-01-23T17:40:49.000  <Info> phidget22[deviceAttach()] : (Attach) HUB0002 (6-Port USB VINT Hub Phidget) v100 S/N:723793
2024-01-23T17:40:49.000  <Info> phidget22[deviceAttach()] : (Attach) STC1005 (4A Stepper Phidget) v110 -> HUB0002 Port:1 S/N:723793
2024-01-23T17:40:49.000  <Info> phidget22[HandleEventsThreadFunction()] : Failed to increase priority of USB Handle Events thread: 0x01 - Operation not permitted
2024-01-23T17:40:49.000  <Info> phidget22[PhidgetUSBReadThreadFunction()] : HUB0002 (6-Port USB VINT Hub Phidget) v100 S/N:723793: USB read thread started: 0xbb7fd640
2024-01-23T17:40:49.000  <Info> phidget22vint[PhidgetHubDevice_setPortMode()] : Setting Port: 1 mode to VINT on HUB0002 (6-Port USB VINT Hub Phidget) v100 S/N:723793
2024-01-30T14:19:47.363  <Info> phidget22 : 
	******************************  Logging Enabled  ******************************
	* Phidget22 - Version 1.18 - Built Jan 23 2024 21:53:03                       *
	* Release 1.18 - Linux (64-bit)                                               *
	*******************************************************************************
2024-01-30T14:19:47.364  <Info> phidget22usb[PhidgetUSBScanDevices()] : Initializing libusb
2024-01-30T14:19:47.365  <Info> phidget22usb[PhidgetUSBScanDevices()] : New Phidget found in PhidgetUSBBuildList: 3/6
2024-01-30T14:19:47.367  <Info> phidget22[deviceAttach()] : (Attach) HUB0002 (6-Port USB VINT Hub Phidget) v100 S/N:723793
2024-01-30T14:19:47.368  <Info> phidget22[deviceAttach()] : (Attach) STC1005 (4A Stepper Phidget) v110 -> HUB0002 Port:1 S/N:723793
2024-01-30T14:19:47.368  <Info> phidget22[HandleEventsThreadFunction()] : Failed to increase priority of USB Handle Events thread: 0x01 - Operation not permitted
2024-01-30T14:19:47.368  <Info> phidget22vint[PhidgetHubDevice_setPortMode()] : Setting Port: 1 mode to VINT on HUB0002 (6-Port USB VINT Hub Phidget) v100 S/N:723793
2024-01-30T14:19:47.368  <Info> phidget22[PhidgetUSBReadThreadFunction()] : HUB0002 (6-Port USB VINT Hub Phidget) v100 S/N:723793: USB read thread started: 0x4b7fd640
2024-01-30T14:21:07.024  <Info> phidget22vint[PhidgetHubDevice_setPortMode()] : Setting Port: 1 mode to VINT on HUB0002 (6-Port USB VINT Hub Phidget) v100 S/N:723793
2024-01-30T14:21:07.524  <Info> phidget22[PhidgetUSBReadThreadFunction()] : HUB0002 (6-Port USB VINT Hub Phidget) v100 S/N:723793: ReadThread exiting normally (signaled by Phidget_close)
2024-01-30T14:21:07.530  <Info> phidget22[deviceDetach()] : (Detach) STC1005 (4A Stepper Phidget) v110 -> HUB0002 Port:1 S/N:723793
2024-01-30T14:21:07.530  <Info> phidget22[deviceDetach()] : (Detach) HUB0002 (6-Port USB VINT Hub Phidget) v100 S/N:723793
2024-01-30T14:21:07.530  <Info> phidget22usb[PhidgetUSBUninit()] : Deinitializing libusb
2024-01-30T14:21:31.733  <Info> phidget22 : 
	******************************  Logging Enabled  ******************************
	* Phidget22 - Version 1.18 - Built Jan 23 2024 21:53:03                       *
	* Release 1.18 - Linux (64-bit)                                               *
	*******************************************************************************
2024-01-30T14:21:31.733  <Info> phidget22usb[PhidgetUSBScanDevices()] : Initializing libusb
2024-01-30T14:21:31.735  <Info> phidget22usb[PhidgetUSBScanDevices()] : New Phidget found in PhidgetUSBBuildList: 3/6
2024-01-30T14:21:31.737  <Info> phidget22[deviceAttach()] : (Attach) HUB0002 (6-Port USB VINT Hub Phidget) v100 S/N:723793
2024-01-30T14:21:31.737  <Info> phidget22[deviceAttach()] : (Attach) STC1005 (4A Stepper Phidget) v110 -> HUB0002 Port:1 S/N:723793
2024-01-30T14:21:31.738  <Info> phidget22[HandleEventsThreadFunction()] : Failed to increase priority of USB Handle Events thread: 0x01 - Operation not permitted
2024-01-30T14:21:31.738  <Info> phidget22[PhidgetUSBReadThreadFunction()] : HUB0002 (6-Port USB VINT Hub Phidget) v100 S/N:723793: USB read thread started: 0x71ebb640
2024-01-30T14:21:31.738  <Info> phidget22vint[PhidgetHubDevice_setPortMode()] : Setting Port: 1 mode to VINT on HUB0002 (6-Port USB VINT Hub Phidget) v100 S/N:723793
2024-01-30T14:24:53.515  <Info> phidget22vint[PhidgetHubDevice_setPortMode()] : Setting Port: 1 mode to VINT on HUB0002 (6-Port USB VINT Hub Phidget) v100 S/N:723793
2024-01-30T14:24:54.015  <Info> phidget22[PhidgetUSBReadThreadFunction()] : HUB0002 (6-Port USB VINT Hub Phidget) v100 S/N:723793: ReadThread exiting normally (signaled by Phidget_close)
2024-01-30T14:24:54.023  <Info> phidget22[deviceDetach()] : (Detach) STC1005 (4A Stepper Phidget) v110 -> HUB0002 Port:1 S/N:723793
2024-01-30T14:24:54.023  <Info> phidget22[deviceDetach()] : (Detach) HUB0002 (6-Port USB VINT Hub Phidget) v100 S/N:723793
2024-01-30T14:24:54.024  <Info> phidget22usb[PhidgetUSBUninit()] : Deinitializing libusb
2024-01-30T14:25:01.879  <Info> phidget22 : 
	******************************  Logging Enabled  ******************************
	* Phidget22 - Version 1.18 - Built Jan 23 2024 21:53:03                       *
	* Release 1.18 - Linux (64-bit)                                               *
	*******************************************************************************
2024-01-30T14:25:01.880  <Info> phidget22usb[PhidgetUSBScanDevices()] : Initializing libusb
2024-01-30T14:25:01.881  <Info> phidget22usb[PhidgetUSBScanDevices()] : New Phidget found in PhidgetUSBBuildList: 3/6
2024-01-30T14:25:01.884  <Info> phidget22[deviceAttach()] : (Attach) HUB0002 (6-Port USB VINT Hub Phidget) v100 S/N:723793
2024-01-30T14:25:01.884  <Info> phidget22[deviceAttach()] : (Attach) STC1005 (4A Stepper Phidget) v110 -> HUB0002 Port:1 S/N:723793
2024-01-30T14:25:01.884  <Info> phidget22[HandleEventsThreadFunction()] : Failed to increase priority of USB Handle Events thread: 0x01 - Operation not permitted
2024-01-30T14:25:01.884  <Info> phidget22[PhidgetUSBReadThreadFunction()] : HUB0002 (6-Port USB VINT Hub Phidget) v100 S/N:723793: USB read thread started: 0x5d17f640
2024-01-30T14:25:01.884  <Info> phidget22vint[PhidgetHubDevice_setPortMode()] : Setting Port: 1 mode to VINT on HUB0002 (6-Port USB VINT Hub Phidget) v100 S/N:723793
2024-01-30T14:25:30.765  <Info> phidget22vint[PhidgetHubDevice_setPortMode()] : Setting Port: 1 mode to VINT on HUB0002 (6-Port USB VINT Hub Phidget) v100 S/N:723793
2024-01-30T14:25:31.265  <Info> phidget22[PhidgetUSBReadThreadFunction()] : HUB0002 (6-Port USB VINT Hub Phidget) v100 S/N:723793: ReadThread exiting normally (signaled by Phidget_close)
2024-01-30T14:25:31.273  <Info> phidget22[deviceDetach()] : (Detach) STC1005 (4A Stepper Phidget) v110 -> HUB0002 Port:1 S/N:723793
2024-01-30T14:25:31.273  <Info> phidget22[deviceDetach()] : (Detach) HUB0002 (6-Port USB VINT Hub Phidget) v100 S/N:723793
2024-01-30T14:25:31.273  <Info> phidget22usb[PhidgetUSBUninit()] : Deinitializing libusb
2024-01-30T14:25:37.316  <Info> phidget22 : 
	******************************  Logging Enabled  ******************************
	* Phidget22 - Version 1.18 - Built Jan 23 2024 21:53:03                       *
	* Release 1.18 - Linux (64-bit)                                               *
	*******************************************************************************
2024-01-30T14:25:37.316  <Info> phidget22usb[PhidgetUSBScanDevices()] : Initializing libusb
2024-01-30T14:25:37.318  <Info> phidget22usb[PhidgetUSBScanDevices()] : New Phidget found in PhidgetUSBBuildList: 3/6
2024-01-30T14:25:37.320  <Info> phidget22[deviceAttach()] : (Attach) HUB0002 (6-Port USB VINT Hub Phidget) v100 S/N:723793
2024-01-30T14:25:37.320  <Info> phidget22[deviceAttach()] : (Attach) STC1005 (4A Stepper Phidget) v110 -> HUB0002 Port:1 S/N:723793
2024-01-30T14:25:37.321  <Info> phidget22[HandleEventsThreadFunction()] : Failed to increase priority of USB Handle Events thread: 0x01 - Operation not permitted
2024-01-30T14:25:37.321  <Info> phidget22[PhidgetUSBReadThreadFunction()] : HUB0002 (6-Port USB VINT Hub Phidget) v100 S/N:723793: USB read thread started: 0x527fa640
2024-01-30T14:25:37.321  <Info> phidget22vint[PhidgetHubDevice_setPortMode()] : Setting Port: 1 mode to VINT on HUB0002 (6-Port USB VINT Hub Phidget) v100 S/N:723793
2024-01-30T14:26:06.594  <Info> phidget22vint[PhidgetHubDevice_setPortMode()] : Setting Port: 1 mode to VINT on HUB0002 (6-Port USB VINT Hub Phidget) v100 S/N:723793
2024-01-30T14:26:07.094  <Info> phidget22[PhidgetUSBReadThreadFunction()] : HUB0002 (6-Port USB VINT Hub Phidget) v100 S/N:723793: ReadThread exiting normally (signaled by Phidget_close)
2024-01-30T14:26:07.106  <Info> phidget22[deviceDetach()] : (Detach) STC1005 (4A Stepper Phidget) v110 -> HUB0002 Port:1 S/N:723793
2024-01-30T14:26:07.106  <Info> phidget22[deviceDetach()] : (Detach) HUB0002 (6-Port USB VINT Hub Phidget) v100 S/N:723793
2024-01-30T14:26:07.106  <Info> phidget22usb[PhidgetUSBUninit()] : Deinitializing libusb
