[0.027s] Invoking command in '/home/remi/ugway_ws/build/phidgets_msgs': /usr/bin/cmake /home/remi/ugway_ws/src/phidgets_drivers/phidgets_msgs -DCMAKE_INSTALL_PREFIX=/home/remi/ugway_ws/install/phidgets_msgs
[0.044s] [31mCMake Error at CMakeLists.txt:13 (find_package):
[0.044s]   By not providing "Findament_cmake.cmake" in CMAKE_MODULE_PATH this project
[0.044s]   has asked CMake to find a package configuration file provided by
[0.044s]   "ament_cmake", but CMake did not find one.
[0.044s] 
[0.044s]   Could not find a package configuration file provided by "ament_cmake" with
[0.044s]   any of the following names:
[0.044s] 
[0.044s]     ament_cmakeConfig.cmake
[0.044s]     ament_cmake-config.cmake
[0.044s] 
[0.044s]   Add the installation prefix of "ament_cmake" to CMAKE_PREFIX_PATH or set
[0.045s]   "ament_cmake_DIR" to a directory containing one of the above files.  If
[0.045s]   "ament_cmake" provides a separate development package or SDK, be sure it
[0.045s]   has been installed.
[0.045s] 
[0.045s] [0m
[0.045s] -- Configuring incomplete, errors occurred!
[0.045s] See also "/home/remi/ugway_ws/build/phidgets_msgs/CMakeFiles/CMakeOutput.log".
[0.160s] Invoked command in '/home/remi/ugway_ws/build/phidgets_msgs' returned '1': /usr/bin/cmake /home/remi/ugway_ws/src/phidgets_drivers/phidgets_msgs -DCMAKE_INSTALL_PREFIX=/home/remi/ugway_ws/install/phidgets_msgs
