[0.499s] Invoking command in '/home/remi/ugway_ws/src/nav_odo_pkg': PYTHONPATH=/home/remi/ugway_ws/build/nav_odo_pkg/prefix_override:/home/remi/ugway_ws/install/nav_odo_pkg/lib/python3.10/site-packages:${PYTHONPATH} /usr/bin/python3 setup.py egg_info --egg-base ../../build/nav_odo_pkg build --build-base /home/remi/ugway_ws/build/nav_odo_pkg/build install --record /home/remi/ugway_ws/build/nav_odo_pkg/install.log --single-version-externally-managed
[0.655s] running egg_info
[0.656s] writing ../../build/nav_odo_pkg/nav_odo_pkg.egg-info/PKG-INFO
[0.656s] writing dependency_links to ../../build/nav_odo_pkg/nav_odo_pkg.egg-info/dependency_links.txt
[0.656s] writing entry points to ../../build/nav_odo_pkg/nav_odo_pkg.egg-info/entry_points.txt
[0.656s] writing requirements to ../../build/nav_odo_pkg/nav_odo_pkg.egg-info/requires.txt
[0.656s] writing top-level names to ../../build/nav_odo_pkg/nav_odo_pkg.egg-info/top_level.txt
[0.657s] reading manifest file '../../build/nav_odo_pkg/nav_odo_pkg.egg-info/SOURCES.txt'
[0.658s] writing manifest file '../../build/nav_odo_pkg/nav_odo_pkg.egg-info/SOURCES.txt'
[0.658s] running build
[0.658s] running build_py
[0.658s] copying nav_odo_pkg/__init__.py -> /home/remi/ugway_ws/build/nav_odo_pkg/build/lib/nav_odo_pkg
[0.658s] running install
[0.658s] running install_lib
[0.659s] copying /home/remi/ugway_ws/build/nav_odo_pkg/build/lib/nav_odo_pkg/__init__.py -> /home/remi/ugway_ws/install/nav_odo_pkg/lib/python3.10/site-packages/nav_odo_pkg
[0.659s] byte-compiling /home/remi/ugway_ws/install/nav_odo_pkg/lib/python3.10/site-packages/nav_odo_pkg/__init__.py to __init__.cpython-310.pyc
[0.659s] running install_data
[0.660s] running install_egg_info
[0.661s] removing '/home/remi/ugway_ws/install/nav_odo_pkg/lib/python3.10/site-packages/nav_odo_pkg-0.0.0-py3.10.egg-info' (and everything under it)
[0.661s] Copying ../../build/nav_odo_pkg/nav_odo_pkg.egg-info to /home/remi/ugway_ws/install/nav_odo_pkg/lib/python3.10/site-packages/nav_odo_pkg-0.0.0-py3.10.egg-info
[0.661s] running install_scripts
[0.675s] writing list of installed files to '/home/remi/ugway_ws/build/nav_odo_pkg/install.log'
[0.691s] Invoked command in '/home/remi/ugway_ws/src/nav_odo_pkg' returned '0': PYTHONPATH=/home/remi/ugway_ws/build/nav_odo_pkg/prefix_override:/home/remi/ugway_ws/install/nav_odo_pkg/lib/python3.10/site-packages:${PYTHONPATH} /usr/bin/python3 setup.py egg_info --egg-base ../../build/nav_odo_pkg build --build-base /home/remi/ugway_ws/build/nav_odo_pkg/build install --record /home/remi/ugway_ws/build/nav_odo_pkg/install.log --single-version-externally-managed
