[0.268s] Invoking command in '/home/remi/ugway_ws/build/phidgets_digital_outputs': AMENT_PREFIX_PATH=/home/remi/ugway_ws/install/phidgets_api:/home/remi/ugway_ws/install/phidgets_msgs:/home/remi/ugway_ws/install/libphidget22:${AMENT_PREFIX_PATH} CMAKE_PREFIX_PATH=/home/remi/ugway_ws/install/phidgets_api:/home/remi/ugway_ws/install/phidgets_msgs:/home/remi/ugway_ws/install/libphidget22:/opt/ros/humble LD_LIBRARY_PATH=/home/remi/ugway_ws/install/phidgets_api/lib:/home/remi/ugway_ws/install/phidgets_msgs/lib:/home/remi/ugway_ws/install/libphidget22/opt/libphidget22/lib:${LD_LIBRARY_PATH} PYTHONPATH=/home/remi/ugway_ws/install/phidgets_msgs/local/lib/python3.10/dist-packages:${PYTHONPATH} /usr/bin/cmake /home/remi/ugway_ws/src/phidgets_drivers/phidgets_digital_outputs -DCMAKE_INSTALL_PREFIX=/home/remi/ugway_ws/install/phidgets_digital_outputs
[0.316s] -- The C compiler identification is GNU 11.4.0
[0.374s] -- The CXX compiler identification is GNU 11.4.0
[0.385s] -- Detecting C compiler ABI info
[0.439s] -- Detecting C compiler ABI info - done
[0.448s] -- Check for working C compiler: /usr/bin/cc - skipped
[0.448s] -- Detecting C compile features
[0.449s] -- Detecting C compile features - done
[0.452s] -- Detecting CXX compiler ABI info
[0.530s] -- Detecting CXX compiler ABI info - done
[0.540s] -- Check for working CXX compiler: /usr/bin/c++ - skipped
[0.540s] -- Detecting CXX compile features
[0.540s] -- Detecting CXX compile features - done
[0.542s] -- Found ament_cmake_ros: 0.10.0 (/opt/ros/humble/share/ament_cmake_ros/cmake)
[0.948s] -- Found Python3: /usr/bin/python3.10 (found version "3.10.12") found components: Interpreter 
[1.041s] -- Found phidgets_api: 2.3.1 (/home/remi/ugway_ws/install/phidgets_api/share/phidgets_api/cmake)
[1.045s] -- Found phidgets_msgs: 2.3.1 (/home/remi/ugway_ws/install/phidgets_msgs/share/phidgets_msgs/cmake)
[1.094s] -- Found rosidl_generator_c: 3.1.5 (/opt/ros/humble/share/rosidl_generator_c/cmake)
[1.101s] -- Found rosidl_adapter: 3.1.5 (/opt/ros/humble/share/rosidl_adapter/cmake)
[1.113s] -- Found rosidl_generator_cpp: 3.1.5 (/opt/ros/humble/share/rosidl_generator_cpp/cmake)
[1.134s] -- Using all available rosidl_typesupport_c: rosidl_typesupport_fastrtps_c;rosidl_typesupport_introspection_c
[1.164s] -- Using all available rosidl_typesupport_cpp: rosidl_typesupport_fastrtps_cpp;rosidl_typesupport_introspection_cpp
[1.364s] -- Found rclcpp: 16.0.6 (/opt/ros/humble/share/rclcpp/cmake)
[1.457s] -- Found rmw_implementation_cmake: 6.1.1 (/opt/ros/humble/share/rmw_implementation_cmake/cmake)
[1.460s] -- Found rmw_fastrtps_cpp: 6.2.4 (/opt/ros/humble/share/rmw_fastrtps_cpp/cmake)
[1.577s] -- Found OpenSSL: /usr/lib/x86_64-linux-gnu/libcrypto.so (found version "3.0.2")  
[1.611s] -- Found FastRTPS: /opt/ros/humble/include  
[1.676s] -- Using RMW implementation 'rmw_fastrtps_cpp' as default
[1.690s] -- Performing Test CMAKE_HAVE_LIBC_PTHREAD
[1.757s] -- Performing Test CMAKE_HAVE_LIBC_PTHREAD - Success
[1.759s] -- Found Threads: TRUE  
[1.956s] -- Found rclcpp_components: 16.0.6 (/opt/ros/humble/share/rclcpp_components/cmake)
[2.158s] -- Configuring done
[2.175s] -- Generating done
[2.178s] -- Build files have been written to: /home/remi/ugway_ws/build/phidgets_digital_outputs
[2.192s] Invoked command in '/home/remi/ugway_ws/build/phidgets_digital_outputs' returned '0': AMENT_PREFIX_PATH=/home/remi/ugway_ws/install/phidgets_api:/home/remi/ugway_ws/install/phidgets_msgs:/home/remi/ugway_ws/install/libphidget22:${AMENT_PREFIX_PATH} CMAKE_PREFIX_PATH=/home/remi/ugway_ws/install/phidgets_api:/home/remi/ugway_ws/install/phidgets_msgs:/home/remi/ugway_ws/install/libphidget22:/opt/ros/humble LD_LIBRARY_PATH=/home/remi/ugway_ws/install/phidgets_api/lib:/home/remi/ugway_ws/install/phidgets_msgs/lib:/home/remi/ugway_ws/install/libphidget22/opt/libphidget22/lib:${LD_LIBRARY_PATH} PYTHONPATH=/home/remi/ugway_ws/install/phidgets_msgs/local/lib/python3.10/dist-packages:${PYTHONPATH} /usr/bin/cmake /home/remi/ugway_ws/src/phidgets_drivers/phidgets_digital_outputs -DCMAKE_INSTALL_PREFIX=/home/remi/ugway_ws/install/phidgets_digital_outputs
[2.195s] Invoking command in '/home/remi/ugway_ws/build/phidgets_digital_outputs': AMENT_PREFIX_PATH=/home/remi/ugway_ws/install/phidgets_api:/home/remi/ugway_ws/install/phidgets_msgs:/home/remi/ugway_ws/install/libphidget22:${AMENT_PREFIX_PATH} CMAKE_PREFIX_PATH=/home/remi/ugway_ws/install/phidgets_api:/home/remi/ugway_ws/install/phidgets_msgs:/home/remi/ugway_ws/install/libphidget22:/opt/ros/humble LD_LIBRARY_PATH=/home/remi/ugway_ws/install/phidgets_api/lib:/home/remi/ugway_ws/install/phidgets_msgs/lib:/home/remi/ugway_ws/install/libphidget22/opt/libphidget22/lib:${LD_LIBRARY_PATH} PYTHONPATH=/home/remi/ugway_ws/install/phidgets_msgs/local/lib/python3.10/dist-packages:${PYTHONPATH} /usr/bin/cmake --build /home/remi/ugway_ws/build/phidgets_digital_outputs -- -j16 -l16
[2.228s] [ 50%] [32mBuilding CXX object CMakeFiles/phidgets_digital_outputs.dir/src/digital_outputs_ros_i.cpp.o[0m
[12.127s] [100%] [32m[1mLinking CXX shared library libphidgets_digital_outputs.so[0m
[12.471s] [100%] Built target phidgets_digital_outputs
[12.475s] Invoked command in '/home/remi/ugway_ws/build/phidgets_digital_outputs' returned '0': AMENT_PREFIX_PATH=/home/remi/ugway_ws/install/phidgets_api:/home/remi/ugway_ws/install/phidgets_msgs:/home/remi/ugway_ws/install/libphidget22:${AMENT_PREFIX_PATH} CMAKE_PREFIX_PATH=/home/remi/ugway_ws/install/phidgets_api:/home/remi/ugway_ws/install/phidgets_msgs:/home/remi/ugway_ws/install/libphidget22:/opt/ros/humble LD_LIBRARY_PATH=/home/remi/ugway_ws/install/phidgets_api/lib:/home/remi/ugway_ws/install/phidgets_msgs/lib:/home/remi/ugway_ws/install/libphidget22/opt/libphidget22/lib:${LD_LIBRARY_PATH} PYTHONPATH=/home/remi/ugway_ws/install/phidgets_msgs/local/lib/python3.10/dist-packages:${PYTHONPATH} /usr/bin/cmake --build /home/remi/ugway_ws/build/phidgets_digital_outputs -- -j16 -l16
[12.487s] Invoking command in '/home/remi/ugway_ws/build/phidgets_digital_outputs': AMENT_PREFIX_PATH=/home/remi/ugway_ws/install/phidgets_api:/home/remi/ugway_ws/install/phidgets_msgs:/home/remi/ugway_ws/install/libphidget22:${AMENT_PREFIX_PATH} CMAKE_PREFIX_PATH=/home/remi/ugway_ws/install/phidgets_api:/home/remi/ugway_ws/install/phidgets_msgs:/home/remi/ugway_ws/install/libphidget22:/opt/ros/humble LD_LIBRARY_PATH=/home/remi/ugway_ws/install/phidgets_api/lib:/home/remi/ugway_ws/install/phidgets_msgs/lib:/home/remi/ugway_ws/install/libphidget22/opt/libphidget22/lib:${LD_LIBRARY_PATH} PYTHONPATH=/home/remi/ugway_ws/install/phidgets_msgs/local/lib/python3.10/dist-packages:${PYTHONPATH} /usr/bin/cmake --install /home/remi/ugway_ws/build/phidgets_digital_outputs
[12.489s] -- Install configuration: ""
[12.489s] -- Installing: /home/remi/ugway_ws/install/phidgets_digital_outputs/lib/libphidgets_digital_outputs.so
[12.494s] -- Set runtime path of "/home/remi/ugway_ws/install/phidgets_digital_outputs/lib/libphidgets_digital_outputs.so" to ""
[12.494s] -- Installing: /home/remi/ugway_ws/install/phidgets_digital_outputs/include
[12.494s] -- Installing: /home/remi/ugway_ws/install/phidgets_digital_outputs/include/phidgets_digital_outputs
[12.494s] -- Installing: /home/remi/ugway_ws/install/phidgets_digital_outputs/include/phidgets_digital_outputs/digital_outputs_ros_i.hpp
[12.494s] -- Installing: /home/remi/ugway_ws/install/phidgets_digital_outputs/share/phidgets_digital_outputs/launch
[12.494s] -- Installing: /home/remi/ugway_ws/install/phidgets_digital_outputs/share/phidgets_digital_outputs/launch/digital_outputs-launch.py
[12.494s] -- Installing: /home/remi/ugway_ws/install/phidgets_digital_outputs/share/ament_index/resource_index/package_run_dependencies/phidgets_digital_outputs
[12.494s] -- Installing: /home/remi/ugway_ws/install/phidgets_digital_outputs/share/ament_index/resource_index/parent_prefix_path/phidgets_digital_outputs
[12.494s] -- Installing: /home/remi/ugway_ws/install/phidgets_digital_outputs/share/phidgets_digital_outputs/environment/ament_prefix_path.sh
[12.494s] -- Installing: /home/remi/ugway_ws/install/phidgets_digital_outputs/share/phidgets_digital_outputs/environment/ament_prefix_path.dsv
[12.494s] -- Installing: /home/remi/ugway_ws/install/phidgets_digital_outputs/share/phidgets_digital_outputs/environment/path.sh
[12.494s] -- Installing: /home/remi/ugway_ws/install/phidgets_digital_outputs/share/phidgets_digital_outputs/environment/path.dsv
[12.495s] -- Installing: /home/remi/ugway_ws/install/phidgets_digital_outputs/share/phidgets_digital_outputs/local_setup.bash
[12.495s] -- Installing: /home/remi/ugway_ws/install/phidgets_digital_outputs/share/phidgets_digital_outputs/local_setup.sh
[12.495s] -- Installing: /home/remi/ugway_ws/install/phidgets_digital_outputs/share/phidgets_digital_outputs/local_setup.zsh
[12.495s] -- Installing: /home/remi/ugway_ws/install/phidgets_digital_outputs/share/phidgets_digital_outputs/local_setup.dsv
[12.495s] -- Installing: /home/remi/ugway_ws/install/phidgets_digital_outputs/share/phidgets_digital_outputs/package.dsv
[12.495s] -- Installing: /home/remi/ugway_ws/install/phidgets_digital_outputs/share/ament_index/resource_index/packages/phidgets_digital_outputs
[12.495s] -- Installing: /home/remi/ugway_ws/install/phidgets_digital_outputs/share/ament_index/resource_index/rclcpp_components/phidgets_digital_outputs
[12.495s] -- Installing: /home/remi/ugway_ws/install/phidgets_digital_outputs/share/phidgets_digital_outputs/cmake/phidgets_digital_outputsConfig.cmake
[12.495s] -- Installing: /home/remi/ugway_ws/install/phidgets_digital_outputs/share/phidgets_digital_outputs/cmake/phidgets_digital_outputsConfig-version.cmake
[12.495s] -- Installing: /home/remi/ugway_ws/install/phidgets_digital_outputs/share/phidgets_digital_outputs/package.xml
[12.496s] Invoked command in '/home/remi/ugway_ws/build/phidgets_digital_outputs' returned '0': AMENT_PREFIX_PATH=/home/remi/ugway_ws/install/phidgets_api:/home/remi/ugway_ws/install/phidgets_msgs:/home/remi/ugway_ws/install/libphidget22:${AMENT_PREFIX_PATH} CMAKE_PREFIX_PATH=/home/remi/ugway_ws/install/phidgets_api:/home/remi/ugway_ws/install/phidgets_msgs:/home/remi/ugway_ws/install/libphidget22:/opt/ros/humble LD_LIBRARY_PATH=/home/remi/ugway_ws/install/phidgets_api/lib:/home/remi/ugway_ws/install/phidgets_msgs/lib:/home/remi/ugway_ws/install/libphidget22/opt/libphidget22/lib:${LD_LIBRARY_PATH} PYTHONPATH=/home/remi/ugway_ws/install/phidgets_msgs/local/lib/python3.10/dist-packages:${PYTHONPATH} /usr/bin/cmake --install /home/remi/ugway_ws/build/phidgets_digital_outputs
