[  2%] Built target phidgets_msgs__cpp
[ 12%] Built target phidgets_msgs__rosidl_generator_c
[ 12%] Built target ament_cmake_python_copy_phidgets_msgs
[ 23%] Built target phidgets_msgs__rosidl_typesupport_c
[ 34%] Built target phidgets_msgs__rosidl_typesupport_cpp
[ 44%] Built target phidgets_msgs__rosidl_typesupport_introspection_cpp
[ 55%] Built target phidgets_msgs__rosidl_typesupport_fastrtps_cpp
[ 65%] Built target phidgets_msgs__rosidl_typesupport_introspection_c
[ 76%] Built target phidgets_msgs__rosidl_typesupport_fastrtps_c
[ 76%] Built target phidgets_msgs
[ 78%] Built target phidgets_msgs__py
[ 87%] Built target phidgets_msgs__rosidl_generator_py
[100%] Built target phidgets_msgs__rosidl_typesupport_introspection_c__pyext
[100%] Built target phidgets_msgs__rosidl_typesupport_c__pyext
[100%] Built target phidgets_msgs__rosidl_typesupport_fastrtps_c__pyext
running egg_info
writing phidgets_msgs.egg-info/PKG-INFO
writing dependency_links to phidgets_msgs.egg-info/dependency_links.txt
writing top-level names to phidgets_msgs.egg-info/top_level.txt
reading manifest file 'phidgets_msgs.egg-info/SOURCES.txt'
writing manifest file 'phidgets_msgs.egg-info/SOURCES.txt'
[100%] Built target ament_cmake_python_build_phidgets_msgs_egg
-- Install configuration: ""
-- Up-to-date: /home/remi/ugway_ws/install/phidgets_msgs/share/ament_index/resource_index/rosidl_interfaces/phidgets_msgs
-- Up-to-date: /home/remi/ugway_ws/install/phidgets_msgs/include/phidgets_msgs/phidgets_msgs
-- Up-to-date: /home/remi/ugway_ws/install/phidgets_msgs/include/phidgets_msgs/phidgets_msgs/srv
-- Up-to-date: /home/remi/ugway_ws/install/phidgets_msgs/include/phidgets_msgs/phidgets_msgs/srv/set_analog_output.h
-- Up-to-date: /home/remi/ugway_ws/install/phidgets_msgs/include/phidgets_msgs/phidgets_msgs/srv/set_digital_output.h
-- Up-to-date: /home/remi/ugway_ws/install/phidgets_msgs/include/phidgets_msgs/phidgets_msgs/srv/detail
-- Up-to-date: /home/remi/ugway_ws/install/phidgets_msgs/include/phidgets_msgs/phidgets_msgs/srv/detail/set_digital_output__functions.c
-- Up-to-date: /home/remi/ugway_ws/install/phidgets_msgs/include/phidgets_msgs/phidgets_msgs/srv/detail/set_analog_output__struct.h
-- Up-to-date: /home/remi/ugway_ws/install/phidgets_msgs/include/phidgets_msgs/phidgets_msgs/srv/detail/set_digital_output__functions.h
-- Up-to-date: /home/remi/ugway_ws/install/phidgets_msgs/include/phidgets_msgs/phidgets_msgs/srv/detail/set_analog_output__functions.h
-- Up-to-date: /home/remi/ugway_ws/install/phidgets_msgs/include/phidgets_msgs/phidgets_msgs/srv/detail/set_digital_output__struct.h
-- Up-to-date: /home/remi/ugway_ws/install/phidgets_msgs/include/phidgets_msgs/phidgets_msgs/srv/detail/set_analog_output__functions.c
-- Up-to-date: /home/remi/ugway_ws/install/phidgets_msgs/include/phidgets_msgs/phidgets_msgs/srv/detail/set_digital_output__type_support.h
-- Up-to-date: /home/remi/ugway_ws/install/phidgets_msgs/include/phidgets_msgs/phidgets_msgs/srv/detail/set_analog_output__type_support.h
-- Up-to-date: /home/remi/ugway_ws/install/phidgets_msgs/include/phidgets_msgs/phidgets_msgs/msg
-- Up-to-date: /home/remi/ugway_ws/install/phidgets_msgs/include/phidgets_msgs/phidgets_msgs/msg/encoder_decimated_speed.h
-- Up-to-date: /home/remi/ugway_ws/install/phidgets_msgs/include/phidgets_msgs/phidgets_msgs/msg/detail
-- Up-to-date: /home/remi/ugway_ws/install/phidgets_msgs/include/phidgets_msgs/phidgets_msgs/msg/detail/encoder_decimated_speed__type_support.h
-- Up-to-date: /home/remi/ugway_ws/install/phidgets_msgs/include/phidgets_msgs/phidgets_msgs/msg/detail/encoder_decimated_speed__functions.h
-- Up-to-date: /home/remi/ugway_ws/install/phidgets_msgs/include/phidgets_msgs/phidgets_msgs/msg/detail/encoder_decimated_speed__functions.c
-- Up-to-date: /home/remi/ugway_ws/install/phidgets_msgs/include/phidgets_msgs/phidgets_msgs/msg/detail/encoder_decimated_speed__struct.h
-- Up-to-date: /home/remi/ugway_ws/install/phidgets_msgs/include/phidgets_msgs/phidgets_msgs/msg/rosidl_generator_c__visibility_control.h
-- Up-to-date: /home/remi/ugway_ws/install/phidgets_msgs/share/phidgets_msgs/environment/library_path.sh
-- Up-to-date: /home/remi/ugway_ws/install/phidgets_msgs/share/phidgets_msgs/environment/library_path.dsv
-- Up-to-date: /home/remi/ugway_ws/install/phidgets_msgs/lib/libphidgets_msgs__rosidl_generator_c.so
-- Up-to-date: /home/remi/ugway_ws/install/phidgets_msgs/include/phidgets_msgs/phidgets_msgs
-- Up-to-date: /home/remi/ugway_ws/install/phidgets_msgs/include/phidgets_msgs/phidgets_msgs/srv
-- Up-to-date: /home/remi/ugway_ws/install/phidgets_msgs/include/phidgets_msgs/phidgets_msgs/srv/detail
-- Up-to-date: /home/remi/ugway_ws/install/phidgets_msgs/include/phidgets_msgs/phidgets_msgs/srv/detail/set_analog_output__rosidl_typesupport_fastrtps_c.h
-- Up-to-date: /home/remi/ugway_ws/install/phidgets_msgs/include/phidgets_msgs/phidgets_msgs/srv/detail/set_digital_output__rosidl_typesupport_fastrtps_c.h
-- Up-to-date: /home/remi/ugway_ws/install/phidgets_msgs/include/phidgets_msgs/phidgets_msgs/msg
-- Up-to-date: /home/remi/ugway_ws/install/phidgets_msgs/include/phidgets_msgs/phidgets_msgs/msg/rosidl_typesupport_fastrtps_c__visibility_control.h
-- Up-to-date: /home/remi/ugway_ws/install/phidgets_msgs/include/phidgets_msgs/phidgets_msgs/msg/detail
-- Up-to-date: /home/remi/ugway_ws/install/phidgets_msgs/include/phidgets_msgs/phidgets_msgs/msg/detail/encoder_decimated_speed__rosidl_typesupport_fastrtps_c.h
-- Up-to-date: /home/remi/ugway_ws/install/phidgets_msgs/lib/libphidgets_msgs__rosidl_typesupport_fastrtps_c.so
-- Up-to-date: /home/remi/ugway_ws/install/phidgets_msgs/include/phidgets_msgs/phidgets_msgs
-- Up-to-date: /home/remi/ugway_ws/install/phidgets_msgs/include/phidgets_msgs/phidgets_msgs/srv
-- Up-to-date: /home/remi/ugway_ws/install/phidgets_msgs/include/phidgets_msgs/phidgets_msgs/srv/detail
-- Up-to-date: /home/remi/ugway_ws/install/phidgets_msgs/include/phidgets_msgs/phidgets_msgs/srv/detail/set_digital_output__type_support.c
-- Up-to-date: /home/remi/ugway_ws/install/phidgets_msgs/include/phidgets_msgs/phidgets_msgs/srv/detail/set_analog_output__type_support.c
-- Up-to-date: /home/remi/ugway_ws/install/phidgets_msgs/include/phidgets_msgs/phidgets_msgs/srv/detail/set_analog_output__rosidl_typesupport_introspection_c.h
-- Up-to-date: /home/remi/ugway_ws/install/phidgets_msgs/include/phidgets_msgs/phidgets_msgs/srv/detail/set_digital_output__rosidl_typesupport_introspection_c.h
-- Up-to-date: /home/remi/ugway_ws/install/phidgets_msgs/include/phidgets_msgs/phidgets_msgs/msg
-- Up-to-date: /home/remi/ugway_ws/install/phidgets_msgs/include/phidgets_msgs/phidgets_msgs/msg/rosidl_typesupport_introspection_c__visibility_control.h
-- Up-to-date: /home/remi/ugway_ws/install/phidgets_msgs/include/phidgets_msgs/phidgets_msgs/msg/detail
-- Up-to-date: /home/remi/ugway_ws/install/phidgets_msgs/include/phidgets_msgs/phidgets_msgs/msg/detail/encoder_decimated_speed__rosidl_typesupport_introspection_c.h
-- Up-to-date: /home/remi/ugway_ws/install/phidgets_msgs/include/phidgets_msgs/phidgets_msgs/msg/detail/encoder_decimated_speed__type_support.c
-- Up-to-date: /home/remi/ugway_ws/install/phidgets_msgs/lib/libphidgets_msgs__rosidl_typesupport_introspection_c.so
-- Up-to-date: /home/remi/ugway_ws/install/phidgets_msgs/lib/libphidgets_msgs__rosidl_typesupport_c.so
-- Up-to-date: /home/remi/ugway_ws/install/phidgets_msgs/include/phidgets_msgs/phidgets_msgs
-- Up-to-date: /home/remi/ugway_ws/install/phidgets_msgs/include/phidgets_msgs/phidgets_msgs/srv
-- Up-to-date: /home/remi/ugway_ws/install/phidgets_msgs/include/phidgets_msgs/phidgets_msgs/srv/set_analog_output.hpp
-- Up-to-date: /home/remi/ugway_ws/install/phidgets_msgs/include/phidgets_msgs/phidgets_msgs/srv/detail
-- Up-to-date: /home/remi/ugway_ws/install/phidgets_msgs/include/phidgets_msgs/phidgets_msgs/srv/detail/set_analog_output__traits.hpp
-- Up-to-date: /home/remi/ugway_ws/install/phidgets_msgs/include/phidgets_msgs/phidgets_msgs/srv/detail/set_analog_output__struct.hpp
-- Up-to-date: /home/remi/ugway_ws/install/phidgets_msgs/include/phidgets_msgs/phidgets_msgs/srv/detail/set_analog_output__builder.hpp
-- Up-to-date: /home/remi/ugway_ws/install/phidgets_msgs/include/phidgets_msgs/phidgets_msgs/srv/detail/set_digital_output__builder.hpp
-- Up-to-date: /home/remi/ugway_ws/install/phidgets_msgs/include/phidgets_msgs/phidgets_msgs/srv/detail/set_digital_output__struct.hpp
-- Up-to-date: /home/remi/ugway_ws/install/phidgets_msgs/include/phidgets_msgs/phidgets_msgs/srv/detail/set_digital_output__traits.hpp
-- Up-to-date: /home/remi/ugway_ws/install/phidgets_msgs/include/phidgets_msgs/phidgets_msgs/srv/set_digital_output.hpp
-- Up-to-date: /home/remi/ugway_ws/install/phidgets_msgs/include/phidgets_msgs/phidgets_msgs/msg
-- Up-to-date: /home/remi/ugway_ws/install/phidgets_msgs/include/phidgets_msgs/phidgets_msgs/msg/encoder_decimated_speed.hpp
-- Up-to-date: /home/remi/ugway_ws/install/phidgets_msgs/include/phidgets_msgs/phidgets_msgs/msg/detail
-- Up-to-date: /home/remi/ugway_ws/install/phidgets_msgs/include/phidgets_msgs/phidgets_msgs/msg/detail/encoder_decimated_speed__traits.hpp
-- Up-to-date: /home/remi/ugway_ws/install/phidgets_msgs/include/phidgets_msgs/phidgets_msgs/msg/detail/encoder_decimated_speed__builder.hpp
-- Up-to-date: /home/remi/ugway_ws/install/phidgets_msgs/include/phidgets_msgs/phidgets_msgs/msg/detail/encoder_decimated_speed__struct.hpp
-- Up-to-date: /home/remi/ugway_ws/install/phidgets_msgs/include/phidgets_msgs/phidgets_msgs
-- Up-to-date: /home/remi/ugway_ws/install/phidgets_msgs/include/phidgets_msgs/phidgets_msgs/srv
-- Up-to-date: /home/remi/ugway_ws/install/phidgets_msgs/include/phidgets_msgs/phidgets_msgs/srv/detail
-- Up-to-date: /home/remi/ugway_ws/install/phidgets_msgs/include/phidgets_msgs/phidgets_msgs/srv/detail/set_digital_output__rosidl_typesupport_fastrtps_cpp.hpp
-- Up-to-date: /home/remi/ugway_ws/install/phidgets_msgs/include/phidgets_msgs/phidgets_msgs/srv/detail/dds_fastrtps
-- Up-to-date: /home/remi/ugway_ws/install/phidgets_msgs/include/phidgets_msgs/phidgets_msgs/srv/detail/set_analog_output__rosidl_typesupport_fastrtps_cpp.hpp
-- Up-to-date: /home/remi/ugway_ws/install/phidgets_msgs/include/phidgets_msgs/phidgets_msgs/msg
-- Up-to-date: /home/remi/ugway_ws/install/phidgets_msgs/include/phidgets_msgs/phidgets_msgs/msg/rosidl_typesupport_fastrtps_cpp__visibility_control.h
-- Up-to-date: /home/remi/ugway_ws/install/phidgets_msgs/include/phidgets_msgs/phidgets_msgs/msg/detail
-- Up-to-date: /home/remi/ugway_ws/install/phidgets_msgs/include/phidgets_msgs/phidgets_msgs/msg/detail/dds_fastrtps
-- Up-to-date: /home/remi/ugway_ws/install/phidgets_msgs/include/phidgets_msgs/phidgets_msgs/msg/detail/encoder_decimated_speed__rosidl_typesupport_fastrtps_cpp.hpp
-- Up-to-date: /home/remi/ugway_ws/install/phidgets_msgs/lib/libphidgets_msgs__rosidl_typesupport_fastrtps_cpp.so
-- Up-to-date: /home/remi/ugway_ws/install/phidgets_msgs/include/phidgets_msgs/phidgets_msgs
-- Up-to-date: /home/remi/ugway_ws/install/phidgets_msgs/include/phidgets_msgs/phidgets_msgs/srv
-- Up-to-date: /home/remi/ugway_ws/install/phidgets_msgs/include/phidgets_msgs/phidgets_msgs/srv/detail
-- Up-to-date: /home/remi/ugway_ws/install/phidgets_msgs/include/phidgets_msgs/phidgets_msgs/srv/detail/set_analog_output__rosidl_typesupport_introspection_cpp.hpp
-- Up-to-date: /home/remi/ugway_ws/install/phidgets_msgs/include/phidgets_msgs/phidgets_msgs/srv/detail/set_digital_output__rosidl_typesupport_introspection_cpp.hpp
-- Up-to-date: /home/remi/ugway_ws/install/phidgets_msgs/include/phidgets_msgs/phidgets_msgs/srv/detail/set_analog_output__type_support.cpp
-- Up-to-date: /home/remi/ugway_ws/install/phidgets_msgs/include/phidgets_msgs/phidgets_msgs/srv/detail/set_digital_output__type_support.cpp
-- Up-to-date: /home/remi/ugway_ws/install/phidgets_msgs/include/phidgets_msgs/phidgets_msgs/msg
-- Up-to-date: /home/remi/ugway_ws/install/phidgets_msgs/include/phidgets_msgs/phidgets_msgs/msg/detail
-- Up-to-date: /home/remi/ugway_ws/install/phidgets_msgs/include/phidgets_msgs/phidgets_msgs/msg/detail/encoder_decimated_speed__rosidl_typesupport_introspection_cpp.hpp
-- Up-to-date: /home/remi/ugway_ws/install/phidgets_msgs/include/phidgets_msgs/phidgets_msgs/msg/detail/encoder_decimated_speed__type_support.cpp
-- Up-to-date: /home/remi/ugway_ws/install/phidgets_msgs/lib/libphidgets_msgs__rosidl_typesupport_introspection_cpp.so
-- Up-to-date: /home/remi/ugway_ws/install/phidgets_msgs/lib/libphidgets_msgs__rosidl_typesupport_cpp.so
-- Up-to-date: /home/remi/ugway_ws/install/phidgets_msgs/share/phidgets_msgs/environment/pythonpath.sh
-- Up-to-date: /home/remi/ugway_ws/install/phidgets_msgs/share/phidgets_msgs/environment/pythonpath.dsv
-- Up-to-date: /home/remi/ugway_ws/install/phidgets_msgs/local/lib/python3.10/dist-packages/phidgets_msgs-2.3.1-py3.10.egg-info
-- Installing: /home/remi/ugway_ws/install/phidgets_msgs/local/lib/python3.10/dist-packages/phidgets_msgs-2.3.1-py3.10.egg-info/dependency_links.txt
-- Installing: /home/remi/ugway_ws/install/phidgets_msgs/local/lib/python3.10/dist-packages/phidgets_msgs-2.3.1-py3.10.egg-info/PKG-INFO
-- Installing: /home/remi/ugway_ws/install/phidgets_msgs/local/lib/python3.10/dist-packages/phidgets_msgs-2.3.1-py3.10.egg-info/top_level.txt
-- Installing: /home/remi/ugway_ws/install/phidgets_msgs/local/lib/python3.10/dist-packages/phidgets_msgs-2.3.1-py3.10.egg-info/SOURCES.txt
-- Up-to-date: /home/remi/ugway_ws/install/phidgets_msgs/local/lib/python3.10/dist-packages/phidgets_msgs
-- Up-to-date: /home/remi/ugway_ws/install/phidgets_msgs/local/lib/python3.10/dist-packages/phidgets_msgs/_phidgets_msgs_s.ep.rosidl_typesupport_fastrtps_c.c
-- Up-to-date: /home/remi/ugway_ws/install/phidgets_msgs/local/lib/python3.10/dist-packages/phidgets_msgs/phidgets_msgs_s__rosidl_typesupport_c.cpython-310-x86_64-linux-gnu.so
-- Up-to-date: /home/remi/ugway_ws/install/phidgets_msgs/local/lib/python3.10/dist-packages/phidgets_msgs/libphidgets_msgs__rosidl_generator_py.so
-- Up-to-date: /home/remi/ugway_ws/install/phidgets_msgs/local/lib/python3.10/dist-packages/phidgets_msgs/_phidgets_msgs_s.ep.rosidl_typesupport_introspection_c.c
-- Up-to-date: /home/remi/ugway_ws/install/phidgets_msgs/local/lib/python3.10/dist-packages/phidgets_msgs/srv
-- Up-to-date: /home/remi/ugway_ws/install/phidgets_msgs/local/lib/python3.10/dist-packages/phidgets_msgs/srv/_set_digital_output.py
-- Up-to-date: /home/remi/ugway_ws/install/phidgets_msgs/local/lib/python3.10/dist-packages/phidgets_msgs/srv/_set_analog_output_s.c
-- Up-to-date: /home/remi/ugway_ws/install/phidgets_msgs/local/lib/python3.10/dist-packages/phidgets_msgs/srv/_set_analog_output.py
-- Up-to-date: /home/remi/ugway_ws/install/phidgets_msgs/local/lib/python3.10/dist-packages/phidgets_msgs/srv/_set_digital_output_s.c
-- Up-to-date: /home/remi/ugway_ws/install/phidgets_msgs/local/lib/python3.10/dist-packages/phidgets_msgs/srv/__init__.py
-- Up-to-date: /home/remi/ugway_ws/install/phidgets_msgs/local/lib/python3.10/dist-packages/phidgets_msgs/phidgets_msgs_s__rosidl_typesupport_introspection_c.cpython-310-x86_64-linux-gnu.so
-- Up-to-date: /home/remi/ugway_ws/install/phidgets_msgs/local/lib/python3.10/dist-packages/phidgets_msgs/phidgets_msgs_s__rosidl_typesupport_fastrtps_c.cpython-310-x86_64-linux-gnu.so
-- Up-to-date: /home/remi/ugway_ws/install/phidgets_msgs/local/lib/python3.10/dist-packages/phidgets_msgs/__init__.py
-- Up-to-date: /home/remi/ugway_ws/install/phidgets_msgs/local/lib/python3.10/dist-packages/phidgets_msgs/_phidgets_msgs_s.ep.rosidl_typesupport_c.c
-- Up-to-date: /home/remi/ugway_ws/install/phidgets_msgs/local/lib/python3.10/dist-packages/phidgets_msgs/msg
-- Up-to-date: /home/remi/ugway_ws/install/phidgets_msgs/local/lib/python3.10/dist-packages/phidgets_msgs/msg/_encoder_decimated_speed_s.c
-- Up-to-date: /home/remi/ugway_ws/install/phidgets_msgs/local/lib/python3.10/dist-packages/phidgets_msgs/msg/_encoder_decimated_speed.py
-- Up-to-date: /home/remi/ugway_ws/install/phidgets_msgs/local/lib/python3.10/dist-packages/phidgets_msgs/msg/__init__.py
Listing '/home/remi/ugway_ws/install/phidgets_msgs/local/lib/python3.10/dist-packages/phidgets_msgs'...
Listing '/home/remi/ugway_ws/install/phidgets_msgs/local/lib/python3.10/dist-packages/phidgets_msgs/msg'...
Listing '/home/remi/ugway_ws/install/phidgets_msgs/local/lib/python3.10/dist-packages/phidgets_msgs/srv'...
-- Up-to-date: /home/remi/ugway_ws/install/phidgets_msgs/local/lib/python3.10/dist-packages/phidgets_msgs/phidgets_msgs_s__rosidl_typesupport_fastrtps_c.cpython-310-x86_64-linux-gnu.so
-- Up-to-date: /home/remi/ugway_ws/install/phidgets_msgs/local/lib/python3.10/dist-packages/phidgets_msgs/phidgets_msgs_s__rosidl_typesupport_introspection_c.cpython-310-x86_64-linux-gnu.so
-- Up-to-date: /home/remi/ugway_ws/install/phidgets_msgs/local/lib/python3.10/dist-packages/phidgets_msgs/phidgets_msgs_s__rosidl_typesupport_c.cpython-310-x86_64-linux-gnu.so
-- Up-to-date: /home/remi/ugway_ws/install/phidgets_msgs/lib/libphidgets_msgs__rosidl_generator_py.so
-- Up-to-date: /home/remi/ugway_ws/install/phidgets_msgs/share/phidgets_msgs/srv/SetAnalogOutput.idl
-- Up-to-date: /home/remi/ugway_ws/install/phidgets_msgs/share/phidgets_msgs/srv/SetDigitalOutput.idl
-- Up-to-date: /home/remi/ugway_ws/install/phidgets_msgs/share/phidgets_msgs/msg/EncoderDecimatedSpeed.idl
-- Up-to-date: /home/remi/ugway_ws/install/phidgets_msgs/share/phidgets_msgs/srv/SetAnalogOutput.srv
-- Up-to-date: /home/remi/ugway_ws/install/phidgets_msgs/share/phidgets_msgs/srv/SetAnalogOutput_Request.msg
-- Up-to-date: /home/remi/ugway_ws/install/phidgets_msgs/share/phidgets_msgs/srv/SetAnalogOutput_Response.msg
-- Up-to-date: /home/remi/ugway_ws/install/phidgets_msgs/share/phidgets_msgs/srv/SetDigitalOutput.srv
-- Up-to-date: /home/remi/ugway_ws/install/phidgets_msgs/share/phidgets_msgs/srv/SetDigitalOutput_Request.msg
-- Up-to-date: /home/remi/ugway_ws/install/phidgets_msgs/share/phidgets_msgs/srv/SetDigitalOutput_Response.msg
-- Up-to-date: /home/remi/ugway_ws/install/phidgets_msgs/share/phidgets_msgs/msg/EncoderDecimatedSpeed.msg
-- Up-to-date: /home/remi/ugway_ws/install/phidgets_msgs/share/ament_index/resource_index/package_run_dependencies/phidgets_msgs
-- Up-to-date: /home/remi/ugway_ws/install/phidgets_msgs/share/ament_index/resource_index/parent_prefix_path/phidgets_msgs
-- Up-to-date: /home/remi/ugway_ws/install/phidgets_msgs/share/phidgets_msgs/environment/ament_prefix_path.sh
-- Up-to-date: /home/remi/ugway_ws/install/phidgets_msgs/share/phidgets_msgs/environment/ament_prefix_path.dsv
-- Up-to-date: /home/remi/ugway_ws/install/phidgets_msgs/share/phidgets_msgs/environment/path.sh
-- Up-to-date: /home/remi/ugway_ws/install/phidgets_msgs/share/phidgets_msgs/environment/path.dsv
-- Up-to-date: /home/remi/ugway_ws/install/phidgets_msgs/share/phidgets_msgs/local_setup.bash
-- Up-to-date: /home/remi/ugway_ws/install/phidgets_msgs/share/phidgets_msgs/local_setup.sh
-- Up-to-date: /home/remi/ugway_ws/install/phidgets_msgs/share/phidgets_msgs/local_setup.zsh
-- Up-to-date: /home/remi/ugway_ws/install/phidgets_msgs/share/phidgets_msgs/local_setup.dsv
-- Installing: /home/remi/ugway_ws/install/phidgets_msgs/share/phidgets_msgs/package.dsv
-- Up-to-date: /home/remi/ugway_ws/install/phidgets_msgs/share/ament_index/resource_index/packages/phidgets_msgs
-- Up-to-date: /home/remi/ugway_ws/install/phidgets_msgs/share/phidgets_msgs/cmake/export_phidgets_msgs__rosidl_generator_cExport.cmake
-- Up-to-date: /home/remi/ugway_ws/install/phidgets_msgs/share/phidgets_msgs/cmake/export_phidgets_msgs__rosidl_generator_cExport-noconfig.cmake
-- Up-to-date: /home/remi/ugway_ws/install/phidgets_msgs/share/phidgets_msgs/cmake/export_phidgets_msgs__rosidl_typesupport_fastrtps_cExport.cmake
-- Up-to-date: /home/remi/ugway_ws/install/phidgets_msgs/share/phidgets_msgs/cmake/export_phidgets_msgs__rosidl_typesupport_fastrtps_cExport-noconfig.cmake
-- Up-to-date: /home/remi/ugway_ws/install/phidgets_msgs/share/phidgets_msgs/cmake/phidgets_msgs__rosidl_typesupport_introspection_cExport.cmake
-- Up-to-date: /home/remi/ugway_ws/install/phidgets_msgs/share/phidgets_msgs/cmake/phidgets_msgs__rosidl_typesupport_introspection_cExport-noconfig.cmake
-- Up-to-date: /home/remi/ugway_ws/install/phidgets_msgs/share/phidgets_msgs/cmake/phidgets_msgs__rosidl_typesupport_cExport.cmake
-- Up-to-date: /home/remi/ugway_ws/install/phidgets_msgs/share/phidgets_msgs/cmake/phidgets_msgs__rosidl_typesupport_cExport-noconfig.cmake
-- Up-to-date: /home/remi/ugway_ws/install/phidgets_msgs/share/phidgets_msgs/cmake/export_phidgets_msgs__rosidl_generator_cppExport.cmake
-- Up-to-date: /home/remi/ugway_ws/install/phidgets_msgs/share/phidgets_msgs/cmake/export_phidgets_msgs__rosidl_typesupport_fastrtps_cppExport.cmake
-- Up-to-date: /home/remi/ugway_ws/install/phidgets_msgs/share/phidgets_msgs/cmake/export_phidgets_msgs__rosidl_typesupport_fastrtps_cppExport-noconfig.cmake
-- Up-to-date: /home/remi/ugway_ws/install/phidgets_msgs/share/phidgets_msgs/cmake/phidgets_msgs__rosidl_typesupport_introspection_cppExport.cmake
-- Up-to-date: /home/remi/ugway_ws/install/phidgets_msgs/share/phidgets_msgs/cmake/phidgets_msgs__rosidl_typesupport_introspection_cppExport-noconfig.cmake
-- Up-to-date: /home/remi/ugway_ws/install/phidgets_msgs/share/phidgets_msgs/cmake/phidgets_msgs__rosidl_typesupport_cppExport.cmake
-- Up-to-date: /home/remi/ugway_ws/install/phidgets_msgs/share/phidgets_msgs/cmake/phidgets_msgs__rosidl_typesupport_cppExport-noconfig.cmake
-- Up-to-date: /home/remi/ugway_ws/install/phidgets_msgs/share/phidgets_msgs/cmake/export_phidgets_msgs__rosidl_generator_pyExport.cmake
-- Up-to-date: /home/remi/ugway_ws/install/phidgets_msgs/share/phidgets_msgs/cmake/export_phidgets_msgs__rosidl_generator_pyExport-noconfig.cmake
-- Up-to-date: /home/remi/ugway_ws/install/phidgets_msgs/share/phidgets_msgs/cmake/rosidl_cmake-extras.cmake
-- Up-to-date: /home/remi/ugway_ws/install/phidgets_msgs/share/phidgets_msgs/cmake/ament_cmake_export_dependencies-extras.cmake
-- Up-to-date: /home/remi/ugway_ws/install/phidgets_msgs/share/phidgets_msgs/cmake/ament_cmake_export_include_directories-extras.cmake
-- Up-to-date: /home/remi/ugway_ws/install/phidgets_msgs/share/phidgets_msgs/cmake/ament_cmake_export_libraries-extras.cmake
-- Up-to-date: /home/remi/ugway_ws/install/phidgets_msgs/share/phidgets_msgs/cmake/ament_cmake_export_targets-extras.cmake
-- Up-to-date: /home/remi/ugway_ws/install/phidgets_msgs/share/phidgets_msgs/cmake/rosidl_cmake_export_typesupport_targets-extras.cmake
-- Up-to-date: /home/remi/ugway_ws/install/phidgets_msgs/share/phidgets_msgs/cmake/rosidl_cmake_export_typesupport_libraries-extras.cmake
-- Up-to-date: /home/remi/ugway_ws/install/phidgets_msgs/share/phidgets_msgs/cmake/phidgets_msgsConfig.cmake
-- Up-to-date: /home/remi/ugway_ws/install/phidgets_msgs/share/phidgets_msgs/cmake/phidgets_msgsConfig-version.cmake
-- Up-to-date: /home/remi/ugway_ws/install/phidgets_msgs/share/phidgets_msgs/package.xml
