[0.406s] DEBUG:colcon:Command line arguments: ['/usr/bin/colcon', 'build']
[0.406s] DEBUG:colcon:Parsed command line arguments: Namespace(log_base=None, log_level=None, verb_name='build', build_base='build', install_base='install', merge_install=False, symlink_install=False, test_result_base=None, continue_on_error=False, executor='parallel', parallel_workers=16, event_handlers=None, ignore_user_meta=False, metas=['./colcon.meta'], base_paths=['.'], packages_ignore=None, packages_ignore_regex=None, paths=None, packages_up_to=None, packages_up_to_regex=None, packages_above=None, packages_above_and_dependencies=None, packages_above_depth=None, packages_select_by_dep=None, packages_skip_by_dep=None, packages_skip_up_to=None, packages_select_build_failed=False, packages_skip_build_finished=False, packages_select_test_failures=False, packages_skip_test_passed=False, packages_select=None, packages_skip=None, packages_select_regex=None, packages_skip_regex=None, packages_start=None, packages_end=None, allow_overriding=[], cmake_args=None, cmake_target=None, cmake_target_skip_unavailable=False, cmake_clean_cache=False, cmake_clean_first=False, cmake_force_configure=False, ament_cmake_args=None, catkin_cmake_args=None, catkin_skip_building_tests=False, verb_parser=<colcon_defaults.argument_parser.defaults.DefaultArgumentsDecorator object at 0x7fafe4663bb0>, verb_extension=<colcon_core.verb.build.BuildVerb object at 0x7fafe46624d0>, main=<bound method BuildVerb.main of <colcon_core.verb.build.BuildVerb object at 0x7fafe46624d0>>)
[0.435s] Level 1:colcon.colcon_core.package_discovery:discover_packages(colcon_meta) check parameters
[0.435s] Level 1:colcon.colcon_core.package_discovery:discover_packages(recursive) check parameters
[0.435s] Level 1:colcon.colcon_core.package_discovery:discover_packages(ignore) check parameters
[0.435s] Level 1:colcon.colcon_core.package_discovery:discover_packages(path) check parameters
[0.435s] Level 1:colcon.colcon_core.package_discovery:discover_packages(colcon_meta) discover
[0.435s] Level 1:colcon.colcon_core.package_discovery:discover_packages(recursive) discover
[0.435s] INFO:colcon.colcon_core.package_discovery:Crawling recursively for packages in '/home/remi/ugway_ws'
[0.435s] Level 1:colcon.colcon_core.package_identification:_identify(.) by extensions ['ignore', 'ignore_ament_install']
[0.435s] Level 1:colcon.colcon_core.package_identification:_identify(.) by extension 'ignore'
[0.436s] Level 1:colcon.colcon_core.package_identification:_identify(.) by extension 'ignore_ament_install'
[0.436s] Level 1:colcon.colcon_core.package_identification:_identify(.) by extensions ['colcon_pkg']
[0.436s] Level 1:colcon.colcon_core.package_identification:_identify(.) by extension 'colcon_pkg'
[0.436s] Level 1:colcon.colcon_core.package_identification:_identify(.) by extensions ['colcon_meta']
[0.436s] Level 1:colcon.colcon_core.package_identification:_identify(.) by extension 'colcon_meta'
[0.436s] Level 1:colcon.colcon_core.package_identification:_identify(.) by extensions ['ros']
[0.436s] Level 1:colcon.colcon_core.package_identification:_identify(.) by extension 'ros'
[0.444s] Level 1:colcon.colcon_core.package_identification:_identify(.) by extensions ['cmake', 'python']
[0.444s] Level 1:colcon.colcon_core.package_identification:_identify(.) by extension 'cmake'
[0.444s] Level 1:colcon.colcon_core.package_identification:_identify(.) by extension 'python'
[0.444s] Level 1:colcon.colcon_core.package_identification:_identify(.) by extensions ['python_setup_py']
[0.444s] Level 1:colcon.colcon_core.package_identification:_identify(.) by extension 'python_setup_py'
[0.444s] Level 1:colcon.colcon_core.package_identification:_identify(build) by extensions ['ignore', 'ignore_ament_install']
[0.444s] Level 1:colcon.colcon_core.package_identification:_identify(build) by extension 'ignore'
[0.444s] Level 1:colcon.colcon_core.package_identification:_identify(build) ignored
[0.444s] Level 1:colcon.colcon_core.package_identification:_identify(install) by extensions ['ignore', 'ignore_ament_install']
[0.444s] Level 1:colcon.colcon_core.package_identification:_identify(install) by extension 'ignore'
[0.444s] Level 1:colcon.colcon_core.package_identification:_identify(install) ignored
[0.444s] Level 1:colcon.colcon_core.package_identification:_identify(log) by extensions ['ignore', 'ignore_ament_install']
[0.444s] Level 1:colcon.colcon_core.package_identification:_identify(log) by extension 'ignore'
[0.444s] Level 1:colcon.colcon_core.package_identification:_identify(log) ignored
[0.444s] Level 1:colcon.colcon_core.package_identification:_identify(src) by extensions ['ignore', 'ignore_ament_install']
[0.444s] Level 1:colcon.colcon_core.package_identification:_identify(src) by extension 'ignore'
[0.444s] Level 1:colcon.colcon_core.package_identification:_identify(src) by extension 'ignore_ament_install'
[0.444s] Level 1:colcon.colcon_core.package_identification:_identify(src) by extensions ['colcon_pkg']
[0.444s] Level 1:colcon.colcon_core.package_identification:_identify(src) by extension 'colcon_pkg'
[0.444s] Level 1:colcon.colcon_core.package_identification:_identify(src) by extensions ['colcon_meta']
[0.444s] Level 1:colcon.colcon_core.package_identification:_identify(src) by extension 'colcon_meta'
[0.444s] Level 1:colcon.colcon_core.package_identification:_identify(src) by extensions ['ros']
[0.444s] Level 1:colcon.colcon_core.package_identification:_identify(src) by extension 'ros'
[0.445s] Level 1:colcon.colcon_core.package_identification:_identify(src) by extensions ['cmake', 'python']
[0.445s] Level 1:colcon.colcon_core.package_identification:_identify(src) by extension 'cmake'
[0.445s] Level 1:colcon.colcon_core.package_identification:_identify(src) by extension 'python'
[0.445s] Level 1:colcon.colcon_core.package_identification:_identify(src) by extensions ['python_setup_py']
[0.445s] Level 1:colcon.colcon_core.package_identification:_identify(src) by extension 'python_setup_py'
[0.445s] Level 1:colcon.colcon_core.package_identification:_identify(src/build) by extensions ['ignore', 'ignore_ament_install']
[0.445s] Level 1:colcon.colcon_core.package_identification:_identify(src/build) by extension 'ignore'
[0.445s] Level 1:colcon.colcon_core.package_identification:_identify(src/build) ignored
[0.445s] Level 1:colcon.colcon_core.package_identification:_identify(src/install) by extensions ['ignore', 'ignore_ament_install']
[0.445s] Level 1:colcon.colcon_core.package_identification:_identify(src/install) by extension 'ignore'
[0.445s] Level 1:colcon.colcon_core.package_identification:_identify(src/install) ignored
[0.445s] Level 1:colcon.colcon_core.package_identification:_identify(src/log) by extensions ['ignore', 'ignore_ament_install']
[0.445s] Level 1:colcon.colcon_core.package_identification:_identify(src/log) by extension 'ignore'
[0.445s] Level 1:colcon.colcon_core.package_identification:_identify(src/log) ignored
[0.445s] Level 1:colcon.colcon_core.package_identification:_identify(src/nav_odo_pkg) by extensions ['ignore', 'ignore_ament_install']
[0.445s] Level 1:colcon.colcon_core.package_identification:_identify(src/nav_odo_pkg) by extension 'ignore'
[0.445s] Level 1:colcon.colcon_core.package_identification:_identify(src/nav_odo_pkg) by extension 'ignore_ament_install'
[0.445s] Level 1:colcon.colcon_core.package_identification:_identify(src/nav_odo_pkg) by extensions ['colcon_pkg']
[0.445s] Level 1:colcon.colcon_core.package_identification:_identify(src/nav_odo_pkg) by extension 'colcon_pkg'
[0.445s] Level 1:colcon.colcon_core.package_identification:_identify(src/nav_odo_pkg) by extensions ['colcon_meta']
[0.445s] Level 1:colcon.colcon_core.package_identification:_identify(src/nav_odo_pkg) by extension 'colcon_meta'
[0.445s] Level 1:colcon.colcon_core.package_identification:_identify(src/nav_odo_pkg) by extensions ['ros']
[0.445s] Level 1:colcon.colcon_core.package_identification:_identify(src/nav_odo_pkg) by extension 'ros'
[0.447s] DEBUG:colcon.colcon_core.package_identification:Package 'src/nav_odo_pkg' with type 'ros.ament_python' and name 'nav_odo_pkg'
[0.447s] Level 1:colcon.colcon_core.package_identification:_identify(src/phidget_stepper_controllers) by extensions ['ignore', 'ignore_ament_install']
[0.447s] Level 1:colcon.colcon_core.package_identification:_identify(src/phidget_stepper_controllers) by extension 'ignore'
[0.447s] Level 1:colcon.colcon_core.package_identification:_identify(src/phidget_stepper_controllers) by extension 'ignore_ament_install'
[0.447s] Level 1:colcon.colcon_core.package_identification:_identify(src/phidget_stepper_controllers) by extensions ['colcon_pkg']
[0.447s] Level 1:colcon.colcon_core.package_identification:_identify(src/phidget_stepper_controllers) by extension 'colcon_pkg'
[0.448s] Level 1:colcon.colcon_core.package_identification:_identify(src/phidget_stepper_controllers) by extensions ['colcon_meta']
[0.448s] Level 1:colcon.colcon_core.package_identification:_identify(src/phidget_stepper_controllers) by extension 'colcon_meta'
[0.448s] Level 1:colcon.colcon_core.package_identification:_identify(src/phidget_stepper_controllers) by extensions ['ros']
[0.448s] Level 1:colcon.colcon_core.package_identification:_identify(src/phidget_stepper_controllers) by extension 'ros'
[0.448s] DEBUG:colcon.colcon_core.package_identification:Package 'src/phidget_stepper_controllers' with type 'ros.ament_python' and name 'phidget_stepper_controllers'
[0.448s] Level 1:colcon.colcon_core.package_discovery:discover_packages(recursive) using defaults
[0.448s] Level 1:colcon.colcon_core.package_discovery:discover_packages(ignore) discover
[0.448s] Level 1:colcon.colcon_core.package_discovery:discover_packages(ignore) using defaults
[0.448s] Level 1:colcon.colcon_core.package_discovery:discover_packages(path) discover
[0.448s] Level 1:colcon.colcon_core.package_discovery:discover_packages(path) using defaults
[0.485s] Level 1:colcon.colcon_core.package_discovery:discover_packages(prefix_path) check parameters
[0.485s] Level 1:colcon.colcon_core.package_discovery:discover_packages(prefix_path) discover
[0.490s] Level 1:colcon.colcon_core.package_discovery:discover_packages(prefix_path) using defaults
[0.499s] Level 5:colcon.colcon_core.verb:set package 'nav_odo_pkg' build argument 'cmake_args' from command line to 'None'
[0.499s] Level 5:colcon.colcon_core.verb:set package 'nav_odo_pkg' build argument 'cmake_target' from command line to 'None'
[0.499s] Level 5:colcon.colcon_core.verb:set package 'nav_odo_pkg' build argument 'cmake_target_skip_unavailable' from command line to 'False'
[0.499s] Level 5:colcon.colcon_core.verb:set package 'nav_odo_pkg' build argument 'cmake_clean_cache' from command line to 'False'
[0.499s] Level 5:colcon.colcon_core.verb:set package 'nav_odo_pkg' build argument 'cmake_clean_first' from command line to 'False'
[0.499s] Level 5:colcon.colcon_core.verb:set package 'nav_odo_pkg' build argument 'cmake_force_configure' from command line to 'False'
[0.499s] Level 5:colcon.colcon_core.verb:set package 'nav_odo_pkg' build argument 'ament_cmake_args' from command line to 'None'
[0.499s] Level 5:colcon.colcon_core.verb:set package 'nav_odo_pkg' build argument 'catkin_cmake_args' from command line to 'None'
[0.499s] Level 5:colcon.colcon_core.verb:set package 'nav_odo_pkg' build argument 'catkin_skip_building_tests' from command line to 'False'
[0.499s] DEBUG:colcon.colcon_core.verb:Building package 'nav_odo_pkg' with the following arguments: {'ament_cmake_args': None, 'build_base': '/home/remi/ugway_ws/build/nav_odo_pkg', 'catkin_cmake_args': None, 'catkin_skip_building_tests': False, 'cmake_args': None, 'cmake_clean_cache': False, 'cmake_clean_first': False, 'cmake_force_configure': False, 'cmake_target': None, 'cmake_target_skip_unavailable': False, 'install_base': '/home/remi/ugway_ws/install/nav_odo_pkg', 'merge_install': False, 'path': '/home/remi/ugway_ws/src/nav_odo_pkg', 'symlink_install': False, 'test_result_base': None}
[0.504s] Level 5:colcon.colcon_core.verb:set package 'phidget_stepper_controllers' build argument 'cmake_args' from command line to 'None'
[0.504s] Level 5:colcon.colcon_core.verb:set package 'phidget_stepper_controllers' build argument 'cmake_target' from command line to 'None'
[0.504s] Level 5:colcon.colcon_core.verb:set package 'phidget_stepper_controllers' build argument 'cmake_target_skip_unavailable' from command line to 'False'
[0.504s] Level 5:colcon.colcon_core.verb:set package 'phidget_stepper_controllers' build argument 'cmake_clean_cache' from command line to 'False'
[0.504s] Level 5:colcon.colcon_core.verb:set package 'phidget_stepper_controllers' build argument 'cmake_clean_first' from command line to 'False'
[0.504s] Level 5:colcon.colcon_core.verb:set package 'phidget_stepper_controllers' build argument 'cmake_force_configure' from command line to 'False'
[0.504s] Level 5:colcon.colcon_core.verb:set package 'phidget_stepper_controllers' build argument 'ament_cmake_args' from command line to 'None'
[0.504s] Level 5:colcon.colcon_core.verb:set package 'phidget_stepper_controllers' build argument 'catkin_cmake_args' from command line to 'None'
[0.504s] Level 5:colcon.colcon_core.verb:set package 'phidget_stepper_controllers' build argument 'catkin_skip_building_tests' from command line to 'False'
[0.504s] DEBUG:colcon.colcon_core.verb:Building package 'phidget_stepper_controllers' with the following arguments: {'ament_cmake_args': None, 'build_base': '/home/remi/ugway_ws/build/phidget_stepper_controllers', 'catkin_cmake_args': None, 'catkin_skip_building_tests': False, 'cmake_args': None, 'cmake_clean_cache': False, 'cmake_clean_first': False, 'cmake_force_configure': False, 'cmake_target': None, 'cmake_target_skip_unavailable': False, 'install_base': '/home/remi/ugway_ws/install/phidget_stepper_controllers', 'merge_install': False, 'path': '/home/remi/ugway_ws/src/phidget_stepper_controllers', 'symlink_install': False, 'test_result_base': None}
[0.508s] INFO:colcon.colcon_core.executor:Executing jobs using 'parallel' executor
[0.513s] DEBUG:colcon.colcon_parallel_executor.executor.parallel:run_until_complete
[0.513s] INFO:colcon.colcon_ros.task.ament_python.build:Building ROS package in '/home/remi/ugway_ws/src/nav_odo_pkg' with build type 'ament_python'
[0.513s] Level 1:colcon.colcon_core.shell:create_environment_hook('nav_odo_pkg', 'ament_prefix_path')
[0.519s] INFO:colcon.colcon_core.plugin_system:Skipping extension 'colcon_core.shell.bat': Not used on non-Windows systems
[0.520s] INFO:colcon.colcon_core.shell:Creating environment hook '/home/remi/ugway_ws/install/nav_odo_pkg/share/nav_odo_pkg/hook/ament_prefix_path.ps1'
[0.520s] INFO:colcon.colcon_core.shell:Creating environment descriptor '/home/remi/ugway_ws/install/nav_odo_pkg/share/nav_odo_pkg/hook/ament_prefix_path.dsv'
[0.521s] INFO:colcon.colcon_core.shell:Creating environment hook '/home/remi/ugway_ws/install/nav_odo_pkg/share/nav_odo_pkg/hook/ament_prefix_path.sh'
[0.525s] INFO:colcon.colcon_core.shell:Skip shell extension 'powershell' for command environment: Not usable outside of PowerShell
[0.525s] DEBUG:colcon.colcon_core.shell:Skip shell extension 'dsv' for command environment
[0.530s] INFO:colcon.colcon_ros.task.ament_python.build:Building ROS package in '/home/remi/ugway_ws/src/phidget_stepper_controllers' with build type 'ament_python'
[0.530s] Level 1:colcon.colcon_core.shell:create_environment_hook('phidget_stepper_controllers', 'ament_prefix_path')
[0.535s] INFO:colcon.colcon_core.shell:Creating environment hook '/home/remi/ugway_ws/install/phidget_stepper_controllers/share/phidget_stepper_controllers/hook/ament_prefix_path.ps1'
[0.535s] INFO:colcon.colcon_core.shell:Creating environment descriptor '/home/remi/ugway_ws/install/phidget_stepper_controllers/share/phidget_stepper_controllers/hook/ament_prefix_path.dsv'
[0.535s] INFO:colcon.colcon_core.shell:Creating environment hook '/home/remi/ugway_ws/install/phidget_stepper_controllers/share/phidget_stepper_controllers/hook/ament_prefix_path.sh'
[0.540s] INFO:colcon.colcon_core.shell:Skip shell extension 'powershell' for command environment: Not usable outside of PowerShell
[0.540s] DEBUG:colcon.colcon_core.shell:Skip shell extension 'dsv' for command environment
[0.668s] INFO:colcon.colcon_core.task.python.build:Building Python package in '/home/remi/ugway_ws/src/nav_odo_pkg'
[0.673s] INFO:colcon.colcon_core.shell:Skip shell extension 'powershell' for command environment: Not usable outside of PowerShell
[0.673s] DEBUG:colcon.colcon_core.shell:Skip shell extension 'dsv' for command environment
[0.799s] INFO:colcon.colcon_core.task.python.build:Building Python package in '/home/remi/ugway_ws/src/phidget_stepper_controllers'
[0.803s] INFO:colcon.colcon_core.shell:Skip shell extension 'powershell' for command environment: Not usable outside of PowerShell
[0.803s] DEBUG:colcon.colcon_core.shell:Skip shell extension 'dsv' for command environment
[0.993s] DEBUG:colcon.colcon_core.event_handler.log_command:Invoking command in '/home/remi/ugway_ws/src/phidget_stepper_controllers': PYTHONPATH=/home/remi/ugway_ws/build/phidget_stepper_controllers/prefix_override:/home/remi/ugway_ws/install/phidget_stepper_controllers/lib/python3.10/site-packages: /usr/bin/python3 setup.py egg_info --egg-base ../../build/phidget_stepper_controllers build --build-base /home/remi/ugway_ws/build/phidget_stepper_controllers/build install --record /home/remi/ugway_ws/build/phidget_stepper_controllers/install.log --single-version-externally-managed
[0.995s] DEBUG:colcon.colcon_core.event_handler.log_command:Invoking command in '/home/remi/ugway_ws/src/nav_odo_pkg': PYTHONPATH=/home/remi/ugway_ws/build/nav_odo_pkg/prefix_override:/home/remi/ugway_ws/install/nav_odo_pkg/lib/python3.10/site-packages: /usr/bin/python3 setup.py egg_info --egg-base ../../build/nav_odo_pkg build --build-base /home/remi/ugway_ws/build/nav_odo_pkg/build install --record /home/remi/ugway_ws/build/nav_odo_pkg/install.log --single-version-externally-managed
[1.140s] DEBUG:colcon.colcon_core.event_handler.log_command:Invoked command in '/home/remi/ugway_ws/src/phidget_stepper_controllers' returned '0': PYTHONPATH=/home/remi/ugway_ws/build/phidget_stepper_controllers/prefix_override:/home/remi/ugway_ws/install/phidget_stepper_controllers/lib/python3.10/site-packages: /usr/bin/python3 setup.py egg_info --egg-base ../../build/phidget_stepper_controllers build --build-base /home/remi/ugway_ws/build/phidget_stepper_controllers/build install --record /home/remi/ugway_ws/build/phidget_stepper_controllers/install.log --single-version-externally-managed
[1.148s] Level 1:colcon.colcon_core.environment:checking '/home/remi/ugway_ws/install/phidget_stepper_controllers' for CMake module files
[1.148s] Level 1:colcon.colcon_core.environment:checking '/home/remi/ugway_ws/install/phidget_stepper_controllers' for CMake config files
[1.149s] Level 1:colcon.colcon_core.environment:checking '/home/remi/ugway_ws/install/phidget_stepper_controllers/lib'
[1.149s] Level 1:colcon.colcon_core.environment:checking '/home/remi/ugway_ws/install/phidget_stepper_controllers/bin'
[1.149s] Level 1:colcon.colcon_core.environment:checking '/home/remi/ugway_ws/install/phidget_stepper_controllers/lib/pkgconfig/phidget_stepper_controllers.pc'
[1.149s] Level 1:colcon.colcon_core.environment:checking '/home/remi/ugway_ws/install/phidget_stepper_controllers/lib/python3.10/site-packages'
[1.149s] Level 1:colcon.colcon_core.shell:create_environment_hook('phidget_stepper_controllers', 'pythonpath')
[1.154s] INFO:colcon.colcon_core.shell:Creating environment hook '/home/remi/ugway_ws/install/phidget_stepper_controllers/share/phidget_stepper_controllers/hook/pythonpath.ps1'
[1.154s] INFO:colcon.colcon_core.shell:Creating environment descriptor '/home/remi/ugway_ws/install/phidget_stepper_controllers/share/phidget_stepper_controllers/hook/pythonpath.dsv'
[1.154s] INFO:colcon.colcon_core.shell:Creating environment hook '/home/remi/ugway_ws/install/phidget_stepper_controllers/share/phidget_stepper_controllers/hook/pythonpath.sh'
[1.155s] Level 1:colcon.colcon_core.environment:checking '/home/remi/ugway_ws/install/phidget_stepper_controllers/bin'
[1.155s] Level 1:colcon.colcon_core.environment:create_environment_scripts_only(phidget_stepper_controllers)
[1.159s] INFO:colcon.colcon_core.shell:Creating package script '/home/remi/ugway_ws/install/phidget_stepper_controllers/share/phidget_stepper_controllers/package.ps1'
[1.160s] INFO:colcon.colcon_core.shell:Creating package descriptor '/home/remi/ugway_ws/install/phidget_stepper_controllers/share/phidget_stepper_controllers/package.dsv'
[1.160s] INFO:colcon.colcon_core.shell:Creating package script '/home/remi/ugway_ws/install/phidget_stepper_controllers/share/phidget_stepper_controllers/package.sh'
[1.161s] INFO:colcon.colcon_core.shell:Creating package script '/home/remi/ugway_ws/install/phidget_stepper_controllers/share/phidget_stepper_controllers/package.bash'
[1.161s] INFO:colcon.colcon_core.shell:Creating package script '/home/remi/ugway_ws/install/phidget_stepper_controllers/share/phidget_stepper_controllers/package.zsh'
[1.162s] Level 1:colcon.colcon_core.environment:create_file_with_runtime_dependencies(/home/remi/ugway_ws/install/phidget_stepper_controllers/share/colcon-core/packages/phidget_stepper_controllers)
[1.163s] DEBUG:colcon.colcon_core.event_handler.log_command:Invoked command in '/home/remi/ugway_ws/src/nav_odo_pkg' returned '0': PYTHONPATH=/home/remi/ugway_ws/build/nav_odo_pkg/prefix_override:/home/remi/ugway_ws/install/nav_odo_pkg/lib/python3.10/site-packages: /usr/bin/python3 setup.py egg_info --egg-base ../../build/nav_odo_pkg build --build-base /home/remi/ugway_ws/build/nav_odo_pkg/build install --record /home/remi/ugway_ws/build/nav_odo_pkg/install.log --single-version-externally-managed
[1.167s] Level 1:colcon.colcon_core.environment:checking '/home/remi/ugway_ws/install/nav_odo_pkg' for CMake module files
[1.168s] Level 1:colcon.colcon_core.environment:checking '/home/remi/ugway_ws/install/nav_odo_pkg' for CMake config files
[1.169s] Level 1:colcon.colcon_core.environment:checking '/home/remi/ugway_ws/install/nav_odo_pkg/lib'
[1.169s] Level 1:colcon.colcon_core.environment:checking '/home/remi/ugway_ws/install/nav_odo_pkg/bin'
[1.169s] Level 1:colcon.colcon_core.environment:checking '/home/remi/ugway_ws/install/nav_odo_pkg/lib/pkgconfig/nav_odo_pkg.pc'
[1.169s] Level 1:colcon.colcon_core.environment:checking '/home/remi/ugway_ws/install/nav_odo_pkg/lib/python3.10/site-packages'
[1.169s] Level 1:colcon.colcon_core.shell:create_environment_hook('nav_odo_pkg', 'pythonpath')
[1.173s] INFO:colcon.colcon_core.shell:Creating environment hook '/home/remi/ugway_ws/install/nav_odo_pkg/share/nav_odo_pkg/hook/pythonpath.ps1'
[1.173s] INFO:colcon.colcon_core.shell:Creating environment descriptor '/home/remi/ugway_ws/install/nav_odo_pkg/share/nav_odo_pkg/hook/pythonpath.dsv'
[1.174s] INFO:colcon.colcon_core.shell:Creating environment hook '/home/remi/ugway_ws/install/nav_odo_pkg/share/nav_odo_pkg/hook/pythonpath.sh'
[1.174s] Level 1:colcon.colcon_core.environment:checking '/home/remi/ugway_ws/install/nav_odo_pkg/bin'
[1.174s] Level 1:colcon.colcon_core.environment:create_environment_scripts_only(nav_odo_pkg)
[1.178s] INFO:colcon.colcon_core.shell:Creating package script '/home/remi/ugway_ws/install/nav_odo_pkg/share/nav_odo_pkg/package.ps1'
[1.179s] INFO:colcon.colcon_core.shell:Creating package descriptor '/home/remi/ugway_ws/install/nav_odo_pkg/share/nav_odo_pkg/package.dsv'
[1.179s] INFO:colcon.colcon_core.shell:Creating package script '/home/remi/ugway_ws/install/nav_odo_pkg/share/nav_odo_pkg/package.sh'
[1.179s] INFO:colcon.colcon_core.shell:Creating package script '/home/remi/ugway_ws/install/nav_odo_pkg/share/nav_odo_pkg/package.bash'
[1.179s] INFO:colcon.colcon_core.shell:Creating package script '/home/remi/ugway_ws/install/nav_odo_pkg/share/nav_odo_pkg/package.zsh'
[1.180s] Level 1:colcon.colcon_core.environment:create_file_with_runtime_dependencies(/home/remi/ugway_ws/install/nav_odo_pkg/share/colcon-core/packages/nav_odo_pkg)
[1.180s] DEBUG:colcon.colcon_parallel_executor.executor.parallel:closing loop
[1.180s] DEBUG:colcon.colcon_parallel_executor.executor.parallel:loop closed
[1.180s] DEBUG:colcon.colcon_parallel_executor.executor.parallel:run_until_complete finished with '0'
[1.180s] DEBUG:colcon.colcon_core.event_reactor:joining thread
[1.188s] INFO:colcon.colcon_core.plugin_system:Skipping extension 'colcon_notification.desktop_notification.terminal_notifier': Not used on non-Darwin systems
[1.188s] INFO:colcon.colcon_core.plugin_system:Skipping extension 'colcon_notification.desktop_notification.win32': Not used on non-Windows systems
[1.188s] INFO:colcon.colcon_notification.desktop_notification:Sending desktop notification using 'notify2'
[1.198s] DEBUG:colcon.colcon_core.event_reactor:joined thread
[1.204s] INFO:colcon.colcon_core.shell:Creating prefix script '/home/remi/ugway_ws/install/local_setup.ps1'
[1.204s] INFO:colcon.colcon_core.shell:Creating prefix util module '/home/remi/ugway_ws/install/_local_setup_util_ps1.py'
[1.205s] INFO:colcon.colcon_core.shell:Creating prefix chain script '/home/remi/ugway_ws/install/setup.ps1'
[1.210s] INFO:colcon.colcon_core.shell:Creating prefix script '/home/remi/ugway_ws/install/local_setup.sh'
[1.211s] INFO:colcon.colcon_core.shell:Creating prefix util module '/home/remi/ugway_ws/install/_local_setup_util_sh.py'
[1.211s] INFO:colcon.colcon_core.shell:Creating prefix chain script '/home/remi/ugway_ws/install/setup.sh'
[1.216s] INFO:colcon.colcon_core.shell:Creating prefix script '/home/remi/ugway_ws/install/local_setup.bash'
[1.216s] INFO:colcon.colcon_core.shell:Creating prefix chain script '/home/remi/ugway_ws/install/setup.bash'
[1.221s] INFO:colcon.colcon_core.shell:Creating prefix script '/home/remi/ugway_ws/install/local_setup.zsh'
[1.221s] INFO:colcon.colcon_core.shell:Creating prefix chain script '/home/remi/ugway_ws/install/setup.zsh'
