[0.133s] Invoking command in '/home/remi/ugway_ws/build/phidgets_motors': AMENT_PREFIX_PATH=/home/remi/ugway_ws/install/phidgets_api:/home/remi/ugway_ws/install/phidgets_msgs:/home/remi/ugway_ws/install/libphidget22:${AMENT_PREFIX_PATH} CMAKE_PREFIX_PATH=/home/remi/ugway_ws/install/phidgets_api:/home/remi/ugway_ws/install/phidgets_msgs:/home/remi/ugway_ws/install/libphidget22:/opt/ros/humble LD_LIBRARY_PATH=/home/remi/ugway_ws/install/phidgets_api/lib:/home/remi/ugway_ws/install/phidgets_msgs/lib:/home/remi/ugway_ws/install/libphidget22/opt/libphidget22/lib:${LD_LIBRARY_PATH} PYTHONPATH=/home/remi/ugway_ws/install/phidgets_msgs/local/lib/python3.10/dist-packages:${PYTHONPATH} /usr/bin/cmake /home/remi/ugway_ws/src/phidgets_drivers/phidgets_motors -DCMAKE_INSTALL_PREFIX=/home/remi/ugway_ws/install/phidgets_motors
[0.180s] -- The C compiler identification is GNU 11.4.0
[0.236s] -- The CXX compiler identification is GNU 11.4.0
[0.246s] -- Detecting C compiler ABI info
[0.296s] -- Detecting C compiler ABI info - done
[0.310s] -- Check for working C compiler: /usr/bin/cc - skipped
[0.310s] -- Detecting C compile features
[0.311s] -- Detecting C compile features - done
[0.315s] -- Detecting CXX compiler ABI info
[0.396s] -- Detecting CXX compiler ABI info - done
[0.408s] -- Check for working CXX compiler: /usr/bin/c++ - skipped
[0.408s] -- Detecting CXX compile features
[0.410s] -- Detecting CXX compile features - done
[0.412s] -- Found ament_cmake_ros: 0.10.0 (/opt/ros/humble/share/ament_cmake_ros/cmake)
[0.818s] -- Found Python3: /usr/bin/python3.10 (found version "3.10.12") found components: Interpreter 
[0.929s] -- Found phidgets_api: 2.3.1 (/home/remi/ugway_ws/install/phidgets_api/share/phidgets_api/cmake)
[0.933s] -- Found phidgets_msgs: 2.3.1 (/home/remi/ugway_ws/install/phidgets_msgs/share/phidgets_msgs/cmake)
[0.983s] -- Found rosidl_generator_c: 3.1.5 (/opt/ros/humble/share/rosidl_generator_c/cmake)
[0.990s] -- Found rosidl_adapter: 3.1.5 (/opt/ros/humble/share/rosidl_adapter/cmake)
[1.002s] -- Found rosidl_generator_cpp: 3.1.5 (/opt/ros/humble/share/rosidl_generator_cpp/cmake)
[1.023s] -- Using all available rosidl_typesupport_c: rosidl_typesupport_fastrtps_c;rosidl_typesupport_introspection_c
[1.053s] -- Using all available rosidl_typesupport_cpp: rosidl_typesupport_fastrtps_cpp;rosidl_typesupport_introspection_cpp
[1.251s] -- Found rclcpp: 16.0.6 (/opt/ros/humble/share/rclcpp/cmake)
[1.345s] -- Found rmw_implementation_cmake: 6.1.1 (/opt/ros/humble/share/rmw_implementation_cmake/cmake)
[1.349s] -- Found rmw_fastrtps_cpp: 6.2.4 (/opt/ros/humble/share/rmw_fastrtps_cpp/cmake)
[1.453s] -- Found OpenSSL: /usr/lib/x86_64-linux-gnu/libcrypto.so (found version "3.0.2")  
[1.484s] -- Found FastRTPS: /opt/ros/humble/include  
[1.548s] -- Using RMW implementation 'rmw_fastrtps_cpp' as default
[1.562s] -- Performing Test CMAKE_HAVE_LIBC_PTHREAD
[1.630s] -- Performing Test CMAKE_HAVE_LIBC_PTHREAD - Success
[1.632s] -- Found Threads: TRUE  
[1.796s] -- Found rclcpp_components: 16.0.6 (/opt/ros/humble/share/rclcpp_components/cmake)
[1.964s] -- Configuring done
[1.981s] -- Generating done
[1.983s] -- Build files have been written to: /home/remi/ugway_ws/build/phidgets_motors
[2.000s] Invoked command in '/home/remi/ugway_ws/build/phidgets_motors' returned '0': AMENT_PREFIX_PATH=/home/remi/ugway_ws/install/phidgets_api:/home/remi/ugway_ws/install/phidgets_msgs:/home/remi/ugway_ws/install/libphidget22:${AMENT_PREFIX_PATH} CMAKE_PREFIX_PATH=/home/remi/ugway_ws/install/phidgets_api:/home/remi/ugway_ws/install/phidgets_msgs:/home/remi/ugway_ws/install/libphidget22:/opt/ros/humble LD_LIBRARY_PATH=/home/remi/ugway_ws/install/phidgets_api/lib:/home/remi/ugway_ws/install/phidgets_msgs/lib:/home/remi/ugway_ws/install/libphidget22/opt/libphidget22/lib:${LD_LIBRARY_PATH} PYTHONPATH=/home/remi/ugway_ws/install/phidgets_msgs/local/lib/python3.10/dist-packages:${PYTHONPATH} /usr/bin/cmake /home/remi/ugway_ws/src/phidgets_drivers/phidgets_motors -DCMAKE_INSTALL_PREFIX=/home/remi/ugway_ws/install/phidgets_motors
[2.003s] Invoking command in '/home/remi/ugway_ws/build/phidgets_motors': AMENT_PREFIX_PATH=/home/remi/ugway_ws/install/phidgets_api:/home/remi/ugway_ws/install/phidgets_msgs:/home/remi/ugway_ws/install/libphidget22:${AMENT_PREFIX_PATH} CMAKE_PREFIX_PATH=/home/remi/ugway_ws/install/phidgets_api:/home/remi/ugway_ws/install/phidgets_msgs:/home/remi/ugway_ws/install/libphidget22:/opt/ros/humble LD_LIBRARY_PATH=/home/remi/ugway_ws/install/phidgets_api/lib:/home/remi/ugway_ws/install/phidgets_msgs/lib:/home/remi/ugway_ws/install/libphidget22/opt/libphidget22/lib:${LD_LIBRARY_PATH} PYTHONPATH=/home/remi/ugway_ws/install/phidgets_msgs/local/lib/python3.10/dist-packages:${PYTHONPATH} /usr/bin/cmake --build /home/remi/ugway_ws/build/phidgets_motors -- -j16 -l16
[2.044s] [ 50%] [32mBuilding CXX object CMakeFiles/phidgets_motors.dir/src/motors_ros_i.cpp.o[0m
[11.674s] [100%] [32m[1mLinking CXX shared library libphidgets_motors.so[0m
[11.985s] [100%] Built target phidgets_motors
[11.988s] Invoked command in '/home/remi/ugway_ws/build/phidgets_motors' returned '0': AMENT_PREFIX_PATH=/home/remi/ugway_ws/install/phidgets_api:/home/remi/ugway_ws/install/phidgets_msgs:/home/remi/ugway_ws/install/libphidget22:${AMENT_PREFIX_PATH} CMAKE_PREFIX_PATH=/home/remi/ugway_ws/install/phidgets_api:/home/remi/ugway_ws/install/phidgets_msgs:/home/remi/ugway_ws/install/libphidget22:/opt/ros/humble LD_LIBRARY_PATH=/home/remi/ugway_ws/install/phidgets_api/lib:/home/remi/ugway_ws/install/phidgets_msgs/lib:/home/remi/ugway_ws/install/libphidget22/opt/libphidget22/lib:${LD_LIBRARY_PATH} PYTHONPATH=/home/remi/ugway_ws/install/phidgets_msgs/local/lib/python3.10/dist-packages:${PYTHONPATH} /usr/bin/cmake --build /home/remi/ugway_ws/build/phidgets_motors -- -j16 -l16
[12.000s] Invoking command in '/home/remi/ugway_ws/build/phidgets_motors': AMENT_PREFIX_PATH=/home/remi/ugway_ws/install/phidgets_api:/home/remi/ugway_ws/install/phidgets_msgs:/home/remi/ugway_ws/install/libphidget22:${AMENT_PREFIX_PATH} CMAKE_PREFIX_PATH=/home/remi/ugway_ws/install/phidgets_api:/home/remi/ugway_ws/install/phidgets_msgs:/home/remi/ugway_ws/install/libphidget22:/opt/ros/humble LD_LIBRARY_PATH=/home/remi/ugway_ws/install/phidgets_api/lib:/home/remi/ugway_ws/install/phidgets_msgs/lib:/home/remi/ugway_ws/install/libphidget22/opt/libphidget22/lib:${LD_LIBRARY_PATH} PYTHONPATH=/home/remi/ugway_ws/install/phidgets_msgs/local/lib/python3.10/dist-packages:${PYTHONPATH} /usr/bin/cmake --install /home/remi/ugway_ws/build/phidgets_motors
[12.003s] -- Install configuration: ""
[12.003s] -- Installing: /home/remi/ugway_ws/install/phidgets_motors/lib/libphidgets_motors.so
[12.007s] -- Set runtime path of "/home/remi/ugway_ws/install/phidgets_motors/lib/libphidgets_motors.so" to ""
[12.007s] -- Installing: /home/remi/ugway_ws/install/phidgets_motors/include
[12.007s] -- Installing: /home/remi/ugway_ws/install/phidgets_motors/include/phidgets_motors
[12.008s] -- Installing: /home/remi/ugway_ws/install/phidgets_motors/include/phidgets_motors/motors_ros_i.hpp
[12.008s] -- Installing: /home/remi/ugway_ws/install/phidgets_motors/share/phidgets_motors/launch
[12.008s] -- Installing: /home/remi/ugway_ws/install/phidgets_motors/share/phidgets_motors/launch/motors-launch.py
[12.008s] -- Installing: /home/remi/ugway_ws/install/phidgets_motors/share/ament_index/resource_index/package_run_dependencies/phidgets_motors
[12.008s] -- Installing: /home/remi/ugway_ws/install/phidgets_motors/share/ament_index/resource_index/parent_prefix_path/phidgets_motors
[12.008s] -- Installing: /home/remi/ugway_ws/install/phidgets_motors/share/phidgets_motors/environment/ament_prefix_path.sh
[12.008s] -- Installing: /home/remi/ugway_ws/install/phidgets_motors/share/phidgets_motors/environment/ament_prefix_path.dsv
[12.008s] -- Installing: /home/remi/ugway_ws/install/phidgets_motors/share/phidgets_motors/environment/path.sh
[12.008s] -- Installing: /home/remi/ugway_ws/install/phidgets_motors/share/phidgets_motors/environment/path.dsv
[12.008s] -- Installing: /home/remi/ugway_ws/install/phidgets_motors/share/phidgets_motors/local_setup.bash
[12.008s] -- Installing: /home/remi/ugway_ws/install/phidgets_motors/share/phidgets_motors/local_setup.sh
[12.008s] -- Installing: /home/remi/ugway_ws/install/phidgets_motors/share/phidgets_motors/local_setup.zsh
[12.008s] -- Installing: /home/remi/ugway_ws/install/phidgets_motors/share/phidgets_motors/local_setup.dsv
[12.008s] -- Installing: /home/remi/ugway_ws/install/phidgets_motors/share/phidgets_motors/package.dsv
[12.009s] -- Installing: /home/remi/ugway_ws/install/phidgets_motors/share/ament_index/resource_index/packages/phidgets_motors
[12.009s] -- Installing: /home/remi/ugway_ws/install/phidgets_motors/share/ament_index/resource_index/rclcpp_components/phidgets_motors
[12.009s] -- Installing: /home/remi/ugway_ws/install/phidgets_motors/share/phidgets_motors/cmake/phidgets_motorsConfig.cmake
[12.009s] -- Installing: /home/remi/ugway_ws/install/phidgets_motors/share/phidgets_motors/cmake/phidgets_motorsConfig-version.cmake
[12.009s] -- Installing: /home/remi/ugway_ws/install/phidgets_motors/share/phidgets_motors/package.xml
[12.010s] Invoked command in '/home/remi/ugway_ws/build/phidgets_motors' returned '0': AMENT_PREFIX_PATH=/home/remi/ugway_ws/install/phidgets_api:/home/remi/ugway_ws/install/phidgets_msgs:/home/remi/ugway_ws/install/libphidget22:${AMENT_PREFIX_PATH} CMAKE_PREFIX_PATH=/home/remi/ugway_ws/install/phidgets_api:/home/remi/ugway_ws/install/phidgets_msgs:/home/remi/ugway_ws/install/libphidget22:/opt/ros/humble LD_LIBRARY_PATH=/home/remi/ugway_ws/install/phidgets_api/lib:/home/remi/ugway_ws/install/phidgets_msgs/lib:/home/remi/ugway_ws/install/libphidget22/opt/libphidget22/lib:${LD_LIBRARY_PATH} PYTHONPATH=/home/remi/ugway_ws/install/phidgets_msgs/local/lib/python3.10/dist-packages:${PYTHONPATH} /usr/bin/cmake --install /home/remi/ugway_ws/build/phidgets_motors
