[0.108s] Invoking command in '/home/remi/ugway_ws/build/phidgets_spatial': AMENT_PREFIX_PATH=/home/remi/ugway_ws/install/phidgets_api:/home/remi/ugway_ws/install/libphidget22:${AMENT_PREFIX_PATH} CMAKE_PREFIX_PATH=/home/remi/ugway_ws/install/phidgets_api:/home/remi/ugway_ws/install/libphidget22:/opt/ros/humble LD_LIBRARY_PATH=/home/remi/ugway_ws/install/phidgets_api/lib:/home/remi/ugway_ws/install/libphidget22/opt/libphidget22/lib:${LD_LIBRARY_PATH} /usr/bin/cmake /home/remi/ugway_ws/src/phidgets_drivers/phidgets_spatial -DCMAKE_INSTALL_PREFIX=/home/remi/ugway_ws/install/phidgets_spatial
[0.147s] -- The C compiler identification is GNU 11.4.0
[0.210s] -- The CXX compiler identification is GNU 11.4.0
[0.220s] -- Detecting C compiler ABI info
[0.267s] -- Detecting C compiler ABI info - done
[0.281s] -- Check for working C compiler: /usr/bin/cc - skipped
[0.281s] -- Detecting C compile features
[0.282s] -- Detecting C compile features - done
[0.286s] -- Detecting CXX compiler ABI info
[0.361s] -- Detecting CXX compiler ABI info - done
[0.371s] -- Check for working CXX compiler: /usr/bin/c++ - skipped
[0.371s] -- Detecting CXX compile features
[0.371s] -- Detecting CXX compile features - done
[0.373s] -- Found ament_cmake_ros: 0.10.0 (/opt/ros/humble/share/ament_cmake_ros/cmake)
[0.758s] -- Found Python3: /usr/bin/python3.10 (found version "3.10.12") found components: Interpreter 
[0.848s] -- Found phidgets_api: 2.3.1 (/home/remi/ugway_ws/install/phidgets_api/share/phidgets_api/cmake)
[0.859s] -- Found rclcpp: 16.0.6 (/opt/ros/humble/share/rclcpp/cmake)
[0.900s] -- Found rosidl_generator_c: 3.1.5 (/opt/ros/humble/share/rosidl_generator_c/cmake)
[0.904s] -- Found rosidl_adapter: 3.1.5 (/opt/ros/humble/share/rosidl_adapter/cmake)
[0.913s] -- Found rosidl_generator_cpp: 3.1.5 (/opt/ros/humble/share/rosidl_generator_cpp/cmake)
[0.928s] -- Using all available rosidl_typesupport_c: rosidl_typesupport_fastrtps_c;rosidl_typesupport_introspection_c
[0.949s] -- Using all available rosidl_typesupport_cpp: rosidl_typesupport_fastrtps_cpp;rosidl_typesupport_introspection_cpp
[1.025s] -- Found rmw_implementation_cmake: 6.1.1 (/opt/ros/humble/share/rmw_implementation_cmake/cmake)
[1.028s] -- Found rmw_fastrtps_cpp: 6.2.4 (/opt/ros/humble/share/rmw_fastrtps_cpp/cmake)
[1.137s] -- Found OpenSSL: /usr/lib/x86_64-linux-gnu/libcrypto.so (found version "3.0.2")  
[1.161s] -- Found FastRTPS: /opt/ros/humble/include  
[1.207s] -- Using RMW implementation 'rmw_fastrtps_cpp' as default
[1.217s] -- Performing Test CMAKE_HAVE_LIBC_PTHREAD
[1.273s] -- Performing Test CMAKE_HAVE_LIBC_PTHREAD - Success
[1.274s] -- Found Threads: TRUE  
[1.544s] -- Found rclcpp_components: 16.0.6 (/opt/ros/humble/share/rclcpp_components/cmake)
[1.656s] -- Found sensor_msgs: 4.2.3 (/opt/ros/humble/share/sensor_msgs/cmake)
[1.861s] -- Found std_srvs: 4.2.3 (/opt/ros/humble/share/std_srvs/cmake)
[1.985s] -- Configuring done
[2.000s] -- Generating done
[2.002s] -- Build files have been written to: /home/remi/ugway_ws/build/phidgets_spatial
[2.015s] Invoked command in '/home/remi/ugway_ws/build/phidgets_spatial' returned '0': AMENT_PREFIX_PATH=/home/remi/ugway_ws/install/phidgets_api:/home/remi/ugway_ws/install/libphidget22:${AMENT_PREFIX_PATH} CMAKE_PREFIX_PATH=/home/remi/ugway_ws/install/phidgets_api:/home/remi/ugway_ws/install/libphidget22:/opt/ros/humble LD_LIBRARY_PATH=/home/remi/ugway_ws/install/phidgets_api/lib:/home/remi/ugway_ws/install/libphidget22/opt/libphidget22/lib:${LD_LIBRARY_PATH} /usr/bin/cmake /home/remi/ugway_ws/src/phidgets_drivers/phidgets_spatial -DCMAKE_INSTALL_PREFIX=/home/remi/ugway_ws/install/phidgets_spatial
[2.018s] Invoking command in '/home/remi/ugway_ws/build/phidgets_spatial': AMENT_PREFIX_PATH=/home/remi/ugway_ws/install/phidgets_api:/home/remi/ugway_ws/install/libphidget22:${AMENT_PREFIX_PATH} CMAKE_PREFIX_PATH=/home/remi/ugway_ws/install/phidgets_api:/home/remi/ugway_ws/install/libphidget22:/opt/ros/humble LD_LIBRARY_PATH=/home/remi/ugway_ws/install/phidgets_api/lib:/home/remi/ugway_ws/install/libphidget22/opt/libphidget22/lib:${LD_LIBRARY_PATH} /usr/bin/cmake --build /home/remi/ugway_ws/build/phidgets_spatial -- -j16 -l16
[2.047s] [ 50%] [32mBuilding CXX object CMakeFiles/phidgets_spatial.dir/src/spatial_ros_i.cpp.o[0m
[8.714s] [100%] [32m[1mLinking CXX shared library libphidgets_spatial.so[0m
[8.995s] [100%] Built target phidgets_spatial
[9.000s] Invoked command in '/home/remi/ugway_ws/build/phidgets_spatial' returned '0': AMENT_PREFIX_PATH=/home/remi/ugway_ws/install/phidgets_api:/home/remi/ugway_ws/install/libphidget22:${AMENT_PREFIX_PATH} CMAKE_PREFIX_PATH=/home/remi/ugway_ws/install/phidgets_api:/home/remi/ugway_ws/install/libphidget22:/opt/ros/humble LD_LIBRARY_PATH=/home/remi/ugway_ws/install/phidgets_api/lib:/home/remi/ugway_ws/install/libphidget22/opt/libphidget22/lib:${LD_LIBRARY_PATH} /usr/bin/cmake --build /home/remi/ugway_ws/build/phidgets_spatial -- -j16 -l16
[9.015s] Invoking command in '/home/remi/ugway_ws/build/phidgets_spatial': AMENT_PREFIX_PATH=/home/remi/ugway_ws/install/phidgets_api:/home/remi/ugway_ws/install/libphidget22:${AMENT_PREFIX_PATH} CMAKE_PREFIX_PATH=/home/remi/ugway_ws/install/phidgets_api:/home/remi/ugway_ws/install/libphidget22:/opt/ros/humble LD_LIBRARY_PATH=/home/remi/ugway_ws/install/phidgets_api/lib:/home/remi/ugway_ws/install/libphidget22/opt/libphidget22/lib:${LD_LIBRARY_PATH} /usr/bin/cmake --install /home/remi/ugway_ws/build/phidgets_spatial
[9.018s] -- Install configuration: ""
[9.018s] -- Installing: /home/remi/ugway_ws/install/phidgets_spatial/lib/libphidgets_spatial.so
[9.020s] -- Set runtime path of "/home/remi/ugway_ws/install/phidgets_spatial/lib/libphidgets_spatial.so" to ""
[9.020s] -- Installing: /home/remi/ugway_ws/install/phidgets_spatial/include
[9.020s] -- Installing: /home/remi/ugway_ws/install/phidgets_spatial/include/phidgets_spatial
[9.021s] -- Installing: /home/remi/ugway_ws/install/phidgets_spatial/include/phidgets_spatial/spatial_ros_i.hpp
[9.021s] -- Installing: /home/remi/ugway_ws/install/phidgets_spatial/share/phidgets_spatial/launch
[9.021s] -- Installing: /home/remi/ugway_ws/install/phidgets_spatial/share/phidgets_spatial/launch/spatial-launch.py
[9.021s] -- Installing: /home/remi/ugway_ws/install/phidgets_spatial/share/ament_index/resource_index/package_run_dependencies/phidgets_spatial
[9.021s] -- Installing: /home/remi/ugway_ws/install/phidgets_spatial/share/ament_index/resource_index/parent_prefix_path/phidgets_spatial
[9.021s] -- Installing: /home/remi/ugway_ws/install/phidgets_spatial/share/phidgets_spatial/environment/ament_prefix_path.sh
[9.021s] -- Installing: /home/remi/ugway_ws/install/phidgets_spatial/share/phidgets_spatial/environment/ament_prefix_path.dsv
[9.021s] -- Installing: /home/remi/ugway_ws/install/phidgets_spatial/share/phidgets_spatial/environment/path.sh
[9.021s] -- Installing: /home/remi/ugway_ws/install/phidgets_spatial/share/phidgets_spatial/environment/path.dsv
[9.021s] -- Installing: /home/remi/ugway_ws/install/phidgets_spatial/share/phidgets_spatial/local_setup.bash
[9.021s] -- Installing: /home/remi/ugway_ws/install/phidgets_spatial/share/phidgets_spatial/local_setup.sh
[9.021s] -- Installing: /home/remi/ugway_ws/install/phidgets_spatial/share/phidgets_spatial/local_setup.zsh
[9.021s] -- Installing: /home/remi/ugway_ws/install/phidgets_spatial/share/phidgets_spatial/local_setup.dsv
[9.021s] -- Installing: /home/remi/ugway_ws/install/phidgets_spatial/share/phidgets_spatial/package.dsv
[9.022s] -- Installing: /home/remi/ugway_ws/install/phidgets_spatial/share/ament_index/resource_index/packages/phidgets_spatial
[9.022s] -- Installing: /home/remi/ugway_ws/install/phidgets_spatial/share/ament_index/resource_index/rclcpp_components/phidgets_spatial
[9.022s] -- Installing: /home/remi/ugway_ws/install/phidgets_spatial/share/phidgets_spatial/cmake/phidgets_spatialConfig.cmake
[9.022s] -- Installing: /home/remi/ugway_ws/install/phidgets_spatial/share/phidgets_spatial/cmake/phidgets_spatialConfig-version.cmake
[9.022s] -- Installing: /home/remi/ugway_ws/install/phidgets_spatial/share/phidgets_spatial/package.xml
[9.023s] Invoked command in '/home/remi/ugway_ws/build/phidgets_spatial' returned '0': AMENT_PREFIX_PATH=/home/remi/ugway_ws/install/phidgets_api:/home/remi/ugway_ws/install/libphidget22:${AMENT_PREFIX_PATH} CMAKE_PREFIX_PATH=/home/remi/ugway_ws/install/phidgets_api:/home/remi/ugway_ws/install/libphidget22:/opt/ros/humble LD_LIBRARY_PATH=/home/remi/ugway_ws/install/phidgets_api/lib:/home/remi/ugway_ws/install/libphidget22/opt/libphidget22/lib:${LD_LIBRARY_PATH} /usr/bin/cmake --install /home/remi/ugway_ws/build/phidgets_spatial
