[0.186s] Invoking command in '/home/remi/ugway_ws/build/phidgets_high_speed_encoder': AMENT_PREFIX_PATH=/home/remi/ugway_ws/install/phidgets_api:/home/remi/ugway_ws/install/phidgets_msgs:/home/remi/ugway_ws/install/libphidget22:${AMENT_PREFIX_PATH} CMAKE_PREFIX_PATH=/home/remi/ugway_ws/install/phidgets_api:/home/remi/ugway_ws/install/phidgets_msgs:/home/remi/ugway_ws/install/libphidget22:/opt/ros/humble LD_LIBRARY_PATH=/home/remi/ugway_ws/install/phidgets_api/lib:/home/remi/ugway_ws/install/phidgets_msgs/lib:/home/remi/ugway_ws/install/libphidget22/opt/libphidget22/lib:${LD_LIBRARY_PATH} PYTHONPATH=/home/remi/ugway_ws/install/phidgets_msgs/local/lib/python3.10/dist-packages:${PYTHONPATH} /usr/bin/cmake /home/remi/ugway_ws/src/phidgets_drivers/phidgets_high_speed_encoder -DCMAKE_INSTALL_PREFIX=/home/remi/ugway_ws/install/phidgets_high_speed_encoder
[0.227s] -- The C compiler identification is GNU 11.4.0
[0.294s] -- The CXX compiler identification is GNU 11.4.0
[0.304s] -- Detecting C compiler ABI info
[0.360s] -- Detecting C compiler ABI info - done
[0.373s] -- Check for working C compiler: /usr/bin/cc - skipped
[0.373s] -- Detecting C compile features
[0.374s] -- Detecting C compile features - done
[0.378s] -- Detecting CXX compiler ABI info
[0.466s] -- Detecting CXX compiler ABI info - done
[0.482s] -- Check for working CXX compiler: /usr/bin/c++ - skipped
[0.482s] -- Detecting CXX compile features
[0.484s] -- Detecting CXX compile features - done
[0.487s] -- Found ament_cmake_ros: 0.10.0 (/opt/ros/humble/share/ament_cmake_ros/cmake)
[0.907s] -- Found Python3: /usr/bin/python3.10 (found version "3.10.12") found components: Interpreter 
[1.023s] -- Found phidgets_api: 2.3.1 (/home/remi/ugway_ws/install/phidgets_api/share/phidgets_api/cmake)
[1.026s] -- Found phidgets_msgs: 2.3.1 (/home/remi/ugway_ws/install/phidgets_msgs/share/phidgets_msgs/cmake)
[1.077s] -- Found rosidl_generator_c: 3.1.5 (/opt/ros/humble/share/rosidl_generator_c/cmake)
[1.083s] -- Found rosidl_adapter: 3.1.5 (/opt/ros/humble/share/rosidl_adapter/cmake)
[1.096s] -- Found rosidl_generator_cpp: 3.1.5 (/opt/ros/humble/share/rosidl_generator_cpp/cmake)
[1.116s] -- Using all available rosidl_typesupport_c: rosidl_typesupport_fastrtps_c;rosidl_typesupport_introspection_c
[1.147s] -- Using all available rosidl_typesupport_cpp: rosidl_typesupport_fastrtps_cpp;rosidl_typesupport_introspection_cpp
[1.343s] -- Found rclcpp: 16.0.6 (/opt/ros/humble/share/rclcpp/cmake)
[1.437s] -- Found rmw_implementation_cmake: 6.1.1 (/opt/ros/humble/share/rmw_implementation_cmake/cmake)
[1.441s] -- Found rmw_fastrtps_cpp: 6.2.4 (/opt/ros/humble/share/rmw_fastrtps_cpp/cmake)
[1.559s] -- Found OpenSSL: /usr/lib/x86_64-linux-gnu/libcrypto.so (found version "3.0.2")  
[1.594s] -- Found FastRTPS: /opt/ros/humble/include  
[1.652s] -- Using RMW implementation 'rmw_fastrtps_cpp' as default
[1.665s] -- Performing Test CMAKE_HAVE_LIBC_PTHREAD
[1.728s] -- Performing Test CMAKE_HAVE_LIBC_PTHREAD - Success
[1.730s] -- Found Threads: TRUE  
[1.931s] -- Found rclcpp_components: 16.0.6 (/opt/ros/humble/share/rclcpp_components/cmake)
[2.004s] -- Found sensor_msgs: 4.2.3 (/opt/ros/humble/share/sensor_msgs/cmake)
[2.282s] -- Configuring done
[2.301s] -- Generating done
[2.304s] -- Build files have been written to: /home/remi/ugway_ws/build/phidgets_high_speed_encoder
[2.318s] Invoked command in '/home/remi/ugway_ws/build/phidgets_high_speed_encoder' returned '0': AMENT_PREFIX_PATH=/home/remi/ugway_ws/install/phidgets_api:/home/remi/ugway_ws/install/phidgets_msgs:/home/remi/ugway_ws/install/libphidget22:${AMENT_PREFIX_PATH} CMAKE_PREFIX_PATH=/home/remi/ugway_ws/install/phidgets_api:/home/remi/ugway_ws/install/phidgets_msgs:/home/remi/ugway_ws/install/libphidget22:/opt/ros/humble LD_LIBRARY_PATH=/home/remi/ugway_ws/install/phidgets_api/lib:/home/remi/ugway_ws/install/phidgets_msgs/lib:/home/remi/ugway_ws/install/libphidget22/opt/libphidget22/lib:${LD_LIBRARY_PATH} PYTHONPATH=/home/remi/ugway_ws/install/phidgets_msgs/local/lib/python3.10/dist-packages:${PYTHONPATH} /usr/bin/cmake /home/remi/ugway_ws/src/phidgets_drivers/phidgets_high_speed_encoder -DCMAKE_INSTALL_PREFIX=/home/remi/ugway_ws/install/phidgets_high_speed_encoder
[2.320s] Invoking command in '/home/remi/ugway_ws/build/phidgets_high_speed_encoder': AMENT_PREFIX_PATH=/home/remi/ugway_ws/install/phidgets_api:/home/remi/ugway_ws/install/phidgets_msgs:/home/remi/ugway_ws/install/libphidget22:${AMENT_PREFIX_PATH} CMAKE_PREFIX_PATH=/home/remi/ugway_ws/install/phidgets_api:/home/remi/ugway_ws/install/phidgets_msgs:/home/remi/ugway_ws/install/libphidget22:/opt/ros/humble LD_LIBRARY_PATH=/home/remi/ugway_ws/install/phidgets_api/lib:/home/remi/ugway_ws/install/phidgets_msgs/lib:/home/remi/ugway_ws/install/libphidget22/opt/libphidget22/lib:${LD_LIBRARY_PATH} PYTHONPATH=/home/remi/ugway_ws/install/phidgets_msgs/local/lib/python3.10/dist-packages:${PYTHONPATH} /usr/bin/cmake --build /home/remi/ugway_ws/build/phidgets_high_speed_encoder -- -j16 -l16
[6.859s] [ 50%] [32mBuilding CXX object CMakeFiles/phidgets_high_speed_encoder.dir/src/high_speed_encoder_ros_i.cpp.o[0m
[9.286s] [100%] [32m[1mLinking CXX shared library libphidgets_high_speed_encoder.so[0m
[9.470s] [100%] Built target phidgets_high_speed_encoder
[9.474s] Invoked command in '/home/remi/ugway_ws/build/phidgets_high_speed_encoder' returned '0': AMENT_PREFIX_PATH=/home/remi/ugway_ws/install/phidgets_api:/home/remi/ugway_ws/install/phidgets_msgs:/home/remi/ugway_ws/install/libphidget22:${AMENT_PREFIX_PATH} CMAKE_PREFIX_PATH=/home/remi/ugway_ws/install/phidgets_api:/home/remi/ugway_ws/install/phidgets_msgs:/home/remi/ugway_ws/install/libphidget22:/opt/ros/humble LD_LIBRARY_PATH=/home/remi/ugway_ws/install/phidgets_api/lib:/home/remi/ugway_ws/install/phidgets_msgs/lib:/home/remi/ugway_ws/install/libphidget22/opt/libphidget22/lib:${LD_LIBRARY_PATH} PYTHONPATH=/home/remi/ugway_ws/install/phidgets_msgs/local/lib/python3.10/dist-packages:${PYTHONPATH} /usr/bin/cmake --build /home/remi/ugway_ws/build/phidgets_high_speed_encoder -- -j16 -l16
[9.488s] Invoking command in '/home/remi/ugway_ws/build/phidgets_high_speed_encoder': AMENT_PREFIX_PATH=/home/remi/ugway_ws/install/phidgets_api:/home/remi/ugway_ws/install/phidgets_msgs:/home/remi/ugway_ws/install/libphidget22:${AMENT_PREFIX_PATH} CMAKE_PREFIX_PATH=/home/remi/ugway_ws/install/phidgets_api:/home/remi/ugway_ws/install/phidgets_msgs:/home/remi/ugway_ws/install/libphidget22:/opt/ros/humble LD_LIBRARY_PATH=/home/remi/ugway_ws/install/phidgets_api/lib:/home/remi/ugway_ws/install/phidgets_msgs/lib:/home/remi/ugway_ws/install/libphidget22/opt/libphidget22/lib:${LD_LIBRARY_PATH} PYTHONPATH=/home/remi/ugway_ws/install/phidgets_msgs/local/lib/python3.10/dist-packages:${PYTHONPATH} /usr/bin/cmake --install /home/remi/ugway_ws/build/phidgets_high_speed_encoder
[9.491s] -- Install configuration: ""
[9.491s] -- Installing: /home/remi/ugway_ws/install/phidgets_high_speed_encoder/lib/libphidgets_high_speed_encoder.so
[9.493s] -- Set runtime path of "/home/remi/ugway_ws/install/phidgets_high_speed_encoder/lib/libphidgets_high_speed_encoder.so" to ""
[9.493s] -- Installing: /home/remi/ugway_ws/install/phidgets_high_speed_encoder/include
[9.493s] -- Installing: /home/remi/ugway_ws/install/phidgets_high_speed_encoder/include/phidgets_high_speed_encoder
[9.493s] -- Installing: /home/remi/ugway_ws/install/phidgets_high_speed_encoder/include/phidgets_high_speed_encoder/high_speed_encoder_ros_i.hpp
[9.493s] -- Installing: /home/remi/ugway_ws/install/phidgets_high_speed_encoder/share/phidgets_high_speed_encoder/launch
[9.493s] -- Installing: /home/remi/ugway_ws/install/phidgets_high_speed_encoder/share/phidgets_high_speed_encoder/launch/high_speed_encoder-launch.py
[9.493s] -- Installing: /home/remi/ugway_ws/install/phidgets_high_speed_encoder/share/ament_index/resource_index/package_run_dependencies/phidgets_high_speed_encoder
[9.493s] -- Installing: /home/remi/ugway_ws/install/phidgets_high_speed_encoder/share/ament_index/resource_index/parent_prefix_path/phidgets_high_speed_encoder
[9.493s] -- Installing: /home/remi/ugway_ws/install/phidgets_high_speed_encoder/share/phidgets_high_speed_encoder/environment/ament_prefix_path.sh
[9.493s] -- Installing: /home/remi/ugway_ws/install/phidgets_high_speed_encoder/share/phidgets_high_speed_encoder/environment/ament_prefix_path.dsv
[9.493s] -- Installing: /home/remi/ugway_ws/install/phidgets_high_speed_encoder/share/phidgets_high_speed_encoder/environment/path.sh
[9.494s] -- Installing: /home/remi/ugway_ws/install/phidgets_high_speed_encoder/share/phidgets_high_speed_encoder/environment/path.dsv
[9.494s] -- Installing: /home/remi/ugway_ws/install/phidgets_high_speed_encoder/share/phidgets_high_speed_encoder/local_setup.bash
[9.494s] -- Installing: /home/remi/ugway_ws/install/phidgets_high_speed_encoder/share/phidgets_high_speed_encoder/local_setup.sh
[9.494s] -- Installing: /home/remi/ugway_ws/install/phidgets_high_speed_encoder/share/phidgets_high_speed_encoder/local_setup.zsh
[9.494s] -- Installing: /home/remi/ugway_ws/install/phidgets_high_speed_encoder/share/phidgets_high_speed_encoder/local_setup.dsv
[9.494s] -- Installing: /home/remi/ugway_ws/install/phidgets_high_speed_encoder/share/phidgets_high_speed_encoder/package.dsv
[9.494s] -- Installing: /home/remi/ugway_ws/install/phidgets_high_speed_encoder/share/ament_index/resource_index/packages/phidgets_high_speed_encoder
[9.494s] -- Installing: /home/remi/ugway_ws/install/phidgets_high_speed_encoder/share/ament_index/resource_index/rclcpp_components/phidgets_high_speed_encoder
[9.494s] -- Installing: /home/remi/ugway_ws/install/phidgets_high_speed_encoder/share/phidgets_high_speed_encoder/cmake/phidgets_high_speed_encoderConfig.cmake
[9.494s] -- Installing: /home/remi/ugway_ws/install/phidgets_high_speed_encoder/share/phidgets_high_speed_encoder/cmake/phidgets_high_speed_encoderConfig-version.cmake
[9.495s] -- Installing: /home/remi/ugway_ws/install/phidgets_high_speed_encoder/share/phidgets_high_speed_encoder/package.xml
[9.495s] Invoked command in '/home/remi/ugway_ws/build/phidgets_high_speed_encoder' returned '0': AMENT_PREFIX_PATH=/home/remi/ugway_ws/install/phidgets_api:/home/remi/ugway_ws/install/phidgets_msgs:/home/remi/ugway_ws/install/libphidget22:${AMENT_PREFIX_PATH} CMAKE_PREFIX_PATH=/home/remi/ugway_ws/install/phidgets_api:/home/remi/ugway_ws/install/phidgets_msgs:/home/remi/ugway_ws/install/libphidget22:/opt/ros/humble LD_LIBRARY_PATH=/home/remi/ugway_ws/install/phidgets_api/lib:/home/remi/ugway_ws/install/phidgets_msgs/lib:/home/remi/ugway_ws/install/libphidget22/opt/libphidget22/lib:${LD_LIBRARY_PATH} PYTHONPATH=/home/remi/ugway_ws/install/phidgets_msgs/local/lib/python3.10/dist-packages:${PYTHONPATH} /usr/bin/cmake --install /home/remi/ugway_ws/build/phidgets_high_speed_encoder
