[0.068s] Invoking command in '/home/remi/ugway_ws/build/phidgets_msgs': CMAKE_PREFIX_PATH=/opt/ros/humble /usr/bin/cmake /home/remi/ugway_ws/src/phidgets_drivers/phidgets_msgs -DCMAKE_INSTALL_PREFIX=/home/remi/ugway_ws/install/phidgets_msgs
[0.081s] -- Found ament_cmake: 1.3.5 (/opt/ros/humble/share/ament_cmake/cmake)
[0.299s] -- Found Python3: /usr/bin/python3.10 (found version "3.10.12") found components: Interpreter 
[0.367s] -- Found rosidl_default_generators: 1.2.0 (/opt/ros/humble/share/rosidl_default_generators/cmake)
[0.370s] -- Using all available rosidl_typesupport_c: rosidl_typesupport_fastrtps_c;rosidl_typesupport_introspection_c
[0.374s] -- Found rosidl_adapter: 3.1.5 (/opt/ros/humble/share/rosidl_adapter/cmake)
[0.427s] -- Using all available rosidl_typesupport_cpp: rosidl_typesupport_fastrtps_cpp;rosidl_typesupport_introspection_cpp
[0.458s] -- Found std_msgs: 4.2.3 (/opt/ros/humble/share/std_msgs/cmake)
[0.660s] -- Found ament_cmake_ros: 0.10.0 (/opt/ros/humble/share/ament_cmake_ros/cmake)
[0.745s] -- Using all available rosidl_typesupport_c: rosidl_typesupport_fastrtps_c;rosidl_typesupport_introspection_c
[0.850s] -- Using all available rosidl_typesupport_cpp: rosidl_typesupport_fastrtps_cpp;rosidl_typesupport_introspection_cpp
[0.865s] -- Found PythonInterp: /usr/bin/python3 (found suitable version "3.10.12", minimum required is "3.6") 
[0.866s] -- Found python_cmake_module: 0.10.0 (/opt/ros/humble/share/python_cmake_module/cmake)
[0.883s] -- Found PythonLibs: /usr/lib/x86_64-linux-gnu/libpython3.10.so (found suitable version "3.10.12", minimum required is "3.5") 
[0.883s] -- Using PYTHON_EXECUTABLE: /usr/bin/python3
[0.883s] -- Using PYTHON_INCLUDE_DIRS: /usr/include/python3.10
[0.883s] -- Using PYTHON_LIBRARIES: /usr/lib/x86_64-linux-gnu/libpython3.10.so
[0.896s] -- Found PythonExtra: .so  
[0.931s] -- Configuring done
[0.957s] -- Generating done
[0.958s] -- Build files have been written to: /home/remi/ugway_ws/build/phidgets_msgs
[0.962s] Invoked command in '/home/remi/ugway_ws/build/phidgets_msgs' returned '0': CMAKE_PREFIX_PATH=/opt/ros/humble /usr/bin/cmake /home/remi/ugway_ws/src/phidgets_drivers/phidgets_msgs -DCMAKE_INSTALL_PREFIX=/home/remi/ugway_ws/install/phidgets_msgs
[0.964s] Invoking command in '/home/remi/ugway_ws/build/phidgets_msgs': CMAKE_PREFIX_PATH=/opt/ros/humble /usr/bin/cmake --build /home/remi/ugway_ws/build/phidgets_msgs -- -j16 -l16
[0.977s] [  2%] [34m[1mGenerating C code for ROS interfaces[0m
[0.980s] [  4%] [34m[1mGenerating C++ code for ROS interfaces[0m
[0.981s] [  4%] Built target ament_cmake_python_copy_phidgets_msgs
[1.165s] running egg_info
[1.166s] creating phidgets_msgs.egg-info
[1.166s] writing phidgets_msgs.egg-info/PKG-INFO
[1.166s] writing dependency_links to phidgets_msgs.egg-info/dependency_links.txt
[1.166s] writing top-level names to phidgets_msgs.egg-info/top_level.txt
[1.166s] writing manifest file 'phidgets_msgs.egg-info/SOURCES.txt'
[1.167s] reading manifest file 'phidgets_msgs.egg-info/SOURCES.txt'
[1.168s] writing manifest file 'phidgets_msgs.egg-info/SOURCES.txt'
[1.183s] [  4%] Built target ament_cmake_python_build_phidgets_msgs_egg
[1.295s] [  4%] Built target phidgets_msgs__cpp
[1.298s] [  6%] [34m[1mGenerating C++ type support dispatch for ROS interfaces[0m
[1.298s] [  8%] [34m[1mGenerating C++ type support for eProsima Fast-RTPS[0m
[1.298s] [ 10%] [34m[1mGenerating C++ introspection for ROS interfaces[0m
[1.300s] [ 12%] [32mBuilding C object CMakeFiles/phidgets_msgs__rosidl_generator_c.dir/rosidl_generator_c/phidgets_msgs/srv/detail/set_analog_output__functions.c.o[0m
[1.300s] [ 14%] [32mBuilding C object CMakeFiles/phidgets_msgs__rosidl_generator_c.dir/rosidl_generator_c/phidgets_msgs/srv/detail/set_digital_output__functions.c.o[0m
[1.300s] [ 17%] [32mBuilding C object CMakeFiles/phidgets_msgs__rosidl_generator_c.dir/rosidl_generator_c/phidgets_msgs/msg/detail/encoder_decimated_speed__functions.c.o[0m
[1.349s] [ 19%] [32m[1mLinking C shared library libphidgets_msgs__rosidl_generator_c.so[0m
[1.377s] [ 19%] Built target phidgets_msgs__rosidl_generator_c
[1.381s] [ 23%] [34m[1mGenerating C type support for eProsima Fast-RTPS[0m
[1.381s] [ 25%] [34m[1mGenerating C introspection for ROS interfaces[0m
[1.381s] [ 25%] [34m[1mGenerating C type support dispatch for ROS interfaces[0m
[1.569s] [ 27%] [32mBuilding CXX object CMakeFiles/phidgets_msgs__rosidl_typesupport_cpp.dir/rosidl_typesupport_cpp/phidgets_msgs/srv/set_analog_output__type_support.cpp.o[0m
[1.569s] [ 29%] [32mBuilding CXX object CMakeFiles/phidgets_msgs__rosidl_typesupport_cpp.dir/rosidl_typesupport_cpp/phidgets_msgs/srv/set_digital_output__type_support.cpp.o[0m
[1.569s] [ 31%] [32mBuilding CXX object CMakeFiles/phidgets_msgs__rosidl_typesupport_cpp.dir/rosidl_typesupport_cpp/phidgets_msgs/msg/encoder_decimated_speed__type_support.cpp.o[0m
[1.595s] [ 34%] [32mBuilding CXX object CMakeFiles/phidgets_msgs__rosidl_typesupport_introspection_cpp.dir/rosidl_typesupport_introspection_cpp/phidgets_msgs/srv/detail/set_analog_output__type_support.cpp.o[0m
[1.596s] [ 38%] [32mBuilding CXX object CMakeFiles/phidgets_msgs__rosidl_typesupport_introspection_cpp.dir/rosidl_typesupport_introspection_cpp/phidgets_msgs/srv/detail/set_digital_output__type_support.cpp.o[0m
[1.596s] [ 38%] [32mBuilding CXX object CMakeFiles/phidgets_msgs__rosidl_typesupport_introspection_cpp.dir/rosidl_typesupport_introspection_cpp/phidgets_msgs/msg/detail/encoder_decimated_speed__type_support.cpp.o[0m
[1.628s] [ 40%] [32mBuilding CXX object CMakeFiles/phidgets_msgs__rosidl_typesupport_fastrtps_cpp.dir/rosidl_typesupport_fastrtps_cpp/phidgets_msgs/srv/detail/dds_fastrtps/set_analog_output__type_support.cpp.o[0m
[1.628s] [ 44%] [32mBuilding CXX object CMakeFiles/phidgets_msgs__rosidl_typesupport_fastrtps_cpp.dir/rosidl_typesupport_fastrtps_cpp/phidgets_msgs/srv/detail/dds_fastrtps/set_digital_output__type_support.cpp.o[0m
[1.628s] [ 44%] [32mBuilding CXX object CMakeFiles/phidgets_msgs__rosidl_typesupport_fastrtps_cpp.dir/rosidl_typesupport_fastrtps_cpp/phidgets_msgs/msg/detail/dds_fastrtps/encoder_decimated_speed__type_support.cpp.o[0m
[1.668s] [ 46%] [32mBuilding CXX object CMakeFiles/phidgets_msgs__rosidl_typesupport_c.dir/rosidl_typesupport_c/phidgets_msgs/srv/set_analog_output__type_support.cpp.o[0m
[1.669s] [ 48%] [32mBuilding CXX object CMakeFiles/phidgets_msgs__rosidl_typesupport_c.dir/rosidl_typesupport_c/phidgets_msgs/msg/encoder_decimated_speed__type_support.cpp.o[0m
[1.669s] [ 51%] [32mBuilding CXX object CMakeFiles/phidgets_msgs__rosidl_typesupport_c.dir/rosidl_typesupport_c/phidgets_msgs/srv/set_digital_output__type_support.cpp.o[0m
[1.706s] [ 53%] [32m[1mLinking CXX shared library libphidgets_msgs__rosidl_typesupport_c.so[0m
[1.734s] [ 53%] Built target phidgets_msgs__rosidl_typesupport_c
[1.766s] [ 55%] [32mBuilding C object CMakeFiles/phidgets_msgs__rosidl_typesupport_introspection_c.dir/rosidl_typesupport_introspection_c/phidgets_msgs/srv/detail/set_digital_output__type_support.c.o[0m
[1.766s] [ 57%] [32mBuilding C object CMakeFiles/phidgets_msgs__rosidl_typesupport_introspection_c.dir/rosidl_typesupport_introspection_c/phidgets_msgs/msg/detail/encoder_decimated_speed__type_support.c.o[0m
[1.767s] [ 59%] [32mBuilding C object CMakeFiles/phidgets_msgs__rosidl_typesupport_introspection_c.dir/rosidl_typesupport_introspection_c/phidgets_msgs/srv/detail/set_analog_output__type_support.c.o[0m
[1.802s] [ 61%] [32m[1mLinking C shared library libphidgets_msgs__rosidl_typesupport_introspection_c.so[0m
[1.819s] [ 63%] [32mBuilding CXX object CMakeFiles/phidgets_msgs__rosidl_typesupport_fastrtps_c.dir/rosidl_typesupport_fastrtps_c/phidgets_msgs/srv/detail/set_analog_output__type_support_c.cpp.o[0m
[1.820s] [ 65%] [32mBuilding CXX object CMakeFiles/phidgets_msgs__rosidl_typesupport_fastrtps_c.dir/rosidl_typesupport_fastrtps_c/phidgets_msgs/srv/detail/set_digital_output__type_support_c.cpp.o[0m
[1.820s] [ 68%] [32mBuilding CXX object CMakeFiles/phidgets_msgs__rosidl_typesupport_fastrtps_c.dir/rosidl_typesupport_fastrtps_c/phidgets_msgs/msg/detail/encoder_decimated_speed__type_support_c.cpp.o[0m
[1.821s] [ 68%] Built target phidgets_msgs__rosidl_typesupport_introspection_c
[1.897s] [ 70%] [32m[1mLinking CXX shared library libphidgets_msgs__rosidl_typesupport_cpp.so[0m
[1.937s] [ 70%] Built target phidgets_msgs__rosidl_typesupport_cpp
[2.017s] [ 72%] [32m[1mLinking CXX shared library libphidgets_msgs__rosidl_typesupport_introspection_cpp.so[0m
[2.033s] [ 74%] [32m[1mLinking CXX shared library libphidgets_msgs__rosidl_typesupport_fastrtps_cpp.so[0m
[2.055s] [ 74%] Built target phidgets_msgs__rosidl_typesupport_introspection_cpp
[2.082s] [ 74%] Built target phidgets_msgs__rosidl_typesupport_fastrtps_cpp
[2.150s] [ 76%] [32m[1mLinking CXX shared library libphidgets_msgs__rosidl_typesupport_fastrtps_c.so[0m
[2.191s] [ 76%] Built target phidgets_msgs__rosidl_typesupport_fastrtps_c
[2.198s] [ 76%] Built target phidgets_msgs
[2.204s] [ 78%] [34m[1mGenerating Python code for ROS interfaces[0m
[2.708s] [ 78%] Built target phidgets_msgs__py
[2.714s] [ 80%] [32mBuilding C object CMakeFiles/phidgets_msgs__rosidl_generator_py.dir/rosidl_generator_py/phidgets_msgs/srv/_set_analog_output_s.c.o[0m
[2.714s] [ 82%] [32mBuilding C object CMakeFiles/phidgets_msgs__rosidl_generator_py.dir/rosidl_generator_py/phidgets_msgs/srv/_set_digital_output_s.c.o[0m
[2.715s] [ 85%] [32mBuilding C object CMakeFiles/phidgets_msgs__rosidl_generator_py.dir/rosidl_generator_py/phidgets_msgs/msg/_encoder_decimated_speed_s.c.o[0m
[2.783s] [ 87%] [32m[1mLinking C shared library rosidl_generator_py/phidgets_msgs/libphidgets_msgs__rosidl_generator_py.so[0m
[2.804s] [ 87%] Built target phidgets_msgs__rosidl_generator_py
[2.810s] [ 89%] [32mBuilding C object CMakeFiles/phidgets_msgs__rosidl_typesupport_fastrtps_c__pyext.dir/rosidl_generator_py/phidgets_msgs/_phidgets_msgs_s.ep.rosidl_typesupport_fastrtps_c.c.o[0m
[2.810s] [ 91%] [32mBuilding C object CMakeFiles/phidgets_msgs__rosidl_typesupport_introspection_c__pyext.dir/rosidl_generator_py/phidgets_msgs/_phidgets_msgs_s.ep.rosidl_typesupport_introspection_c.c.o[0m
[2.811s] [ 93%] [32mBuilding C object CMakeFiles/phidgets_msgs__rosidl_typesupport_c__pyext.dir/rosidl_generator_py/phidgets_msgs/_phidgets_msgs_s.ep.rosidl_typesupport_c.c.o[0m
[2.879s] [100%] [32m[1mLinking C shared library rosidl_generator_py/phidgets_msgs/phidgets_msgs_s__rosidl_typesupport_c.cpython-310-x86_64-linux-gnu.so[0m
[2.879s] [100%] [32m[1mLinking C shared library rosidl_generator_py/phidgets_msgs/phidgets_msgs_s__rosidl_typesupport_fastrtps_c.cpython-310-x86_64-linux-gnu.so[0m
[2.879s] [100%] [32m[1mLinking C shared library rosidl_generator_py/phidgets_msgs/phidgets_msgs_s__rosidl_typesupport_introspection_c.cpython-310-x86_64-linux-gnu.so[0m
[2.896s] [100%] Built target phidgets_msgs__rosidl_typesupport_c__pyext
[2.896s] [100%] Built target phidgets_msgs__rosidl_typesupport_fastrtps_c__pyext
[2.896s] [100%] Built target phidgets_msgs__rosidl_typesupport_introspection_c__pyext
[2.900s] Invoked command in '/home/remi/ugway_ws/build/phidgets_msgs' returned '0': CMAKE_PREFIX_PATH=/opt/ros/humble /usr/bin/cmake --build /home/remi/ugway_ws/build/phidgets_msgs -- -j16 -l16
[2.953s] Invoking command in '/home/remi/ugway_ws/build/phidgets_msgs': CMAKE_PREFIX_PATH=/opt/ros/humble /usr/bin/cmake --install /home/remi/ugway_ws/build/phidgets_msgs
[2.956s] -- Install configuration: ""
[2.956s] -- Installing: /home/remi/ugway_ws/install/phidgets_msgs/share/ament_index/resource_index/rosidl_interfaces/phidgets_msgs
[2.956s] -- Installing: /home/remi/ugway_ws/install/phidgets_msgs/include/phidgets_msgs/phidgets_msgs
[2.956s] -- Installing: /home/remi/ugway_ws/install/phidgets_msgs/include/phidgets_msgs/phidgets_msgs/srv
[2.956s] -- Installing: /home/remi/ugway_ws/install/phidgets_msgs/include/phidgets_msgs/phidgets_msgs/srv/set_analog_output.h
[2.956s] -- Installing: /home/remi/ugway_ws/install/phidgets_msgs/include/phidgets_msgs/phidgets_msgs/srv/set_digital_output.h
[2.956s] -- Installing: /home/remi/ugway_ws/install/phidgets_msgs/include/phidgets_msgs/phidgets_msgs/srv/detail
[2.956s] -- Installing: /home/remi/ugway_ws/install/phidgets_msgs/include/phidgets_msgs/phidgets_msgs/srv/detail/set_digital_output__functions.c
[2.956s] -- Installing: /home/remi/ugway_ws/install/phidgets_msgs/include/phidgets_msgs/phidgets_msgs/srv/detail/set_analog_output__struct.h
[2.956s] -- Installing: /home/remi/ugway_ws/install/phidgets_msgs/include/phidgets_msgs/phidgets_msgs/srv/detail/set_digital_output__functions.h
[2.956s] -- Installing: /home/remi/ugway_ws/install/phidgets_msgs/include/phidgets_msgs/phidgets_msgs/srv/detail/set_analog_output__functions.h
[2.956s] -- Installing: /home/remi/ugway_ws/install/phidgets_msgs/include/phidgets_msgs/phidgets_msgs/srv/detail/set_digital_output__struct.h
[2.956s] -- Installing: /home/remi/ugway_ws/install/phidgets_msgs/include/phidgets_msgs/phidgets_msgs/srv/detail/set_analog_output__functions.c
[2.957s] -- Installing: /home/remi/ugway_ws/install/phidgets_msgs/include/phidgets_msgs/phidgets_msgs/srv/detail/set_digital_output__type_support.h
[2.957s] -- Installing: /home/remi/ugway_ws/install/phidgets_msgs/include/phidgets_msgs/phidgets_msgs/srv/detail/set_analog_output__type_support.h
[2.957s] -- Installing: /home/remi/ugway_ws/install/phidgets_msgs/include/phidgets_msgs/phidgets_msgs/msg
[2.957s] -- Installing: /home/remi/ugway_ws/install/phidgets_msgs/include/phidgets_msgs/phidgets_msgs/msg/encoder_decimated_speed.h
[2.957s] -- Installing: /home/remi/ugway_ws/install/phidgets_msgs/include/phidgets_msgs/phidgets_msgs/msg/detail
[2.957s] -- Installing: /home/remi/ugway_ws/install/phidgets_msgs/include/phidgets_msgs/phidgets_msgs/msg/detail/encoder_decimated_speed__type_support.h
[2.957s] -- Installing: /home/remi/ugway_ws/install/phidgets_msgs/include/phidgets_msgs/phidgets_msgs/msg/detail/encoder_decimated_speed__functions.h
[2.957s] -- Installing: /home/remi/ugway_ws/install/phidgets_msgs/include/phidgets_msgs/phidgets_msgs/msg/detail/encoder_decimated_speed__functions.c
[2.957s] -- Installing: /home/remi/ugway_ws/install/phidgets_msgs/include/phidgets_msgs/phidgets_msgs/msg/detail/encoder_decimated_speed__struct.h
[2.957s] -- Installing: /home/remi/ugway_ws/install/phidgets_msgs/include/phidgets_msgs/phidgets_msgs/msg/rosidl_generator_c__visibility_control.h
[2.957s] -- Installing: /home/remi/ugway_ws/install/phidgets_msgs/share/phidgets_msgs/environment/library_path.sh
[2.957s] -- Installing: /home/remi/ugway_ws/install/phidgets_msgs/share/phidgets_msgs/environment/library_path.dsv
[2.957s] -- Installing: /home/remi/ugway_ws/install/phidgets_msgs/lib/libphidgets_msgs__rosidl_generator_c.so
[2.957s] -- Set runtime path of "/home/remi/ugway_ws/install/phidgets_msgs/lib/libphidgets_msgs__rosidl_generator_c.so" to ""
[2.957s] -- Up-to-date: /home/remi/ugway_ws/install/phidgets_msgs/include/phidgets_msgs/phidgets_msgs
[2.958s] -- Up-to-date: /home/remi/ugway_ws/install/phidgets_msgs/include/phidgets_msgs/phidgets_msgs/srv
[2.958s] -- Up-to-date: /home/remi/ugway_ws/install/phidgets_msgs/include/phidgets_msgs/phidgets_msgs/srv/detail
[2.958s] -- Installing: /home/remi/ugway_ws/install/phidgets_msgs/include/phidgets_msgs/phidgets_msgs/srv/detail/set_analog_output__rosidl_typesupport_fastrtps_c.h
[2.958s] -- Installing: /home/remi/ugway_ws/install/phidgets_msgs/include/phidgets_msgs/phidgets_msgs/srv/detail/set_digital_output__rosidl_typesupport_fastrtps_c.h
[2.958s] -- Up-to-date: /home/remi/ugway_ws/install/phidgets_msgs/include/phidgets_msgs/phidgets_msgs/msg
[2.958s] -- Installing: /home/remi/ugway_ws/install/phidgets_msgs/include/phidgets_msgs/phidgets_msgs/msg/rosidl_typesupport_fastrtps_c__visibility_control.h
[2.958s] -- Up-to-date: /home/remi/ugway_ws/install/phidgets_msgs/include/phidgets_msgs/phidgets_msgs/msg/detail
[2.958s] -- Installing: /home/remi/ugway_ws/install/phidgets_msgs/include/phidgets_msgs/phidgets_msgs/msg/detail/encoder_decimated_speed__rosidl_typesupport_fastrtps_c.h
[2.958s] -- Installing: /home/remi/ugway_ws/install/phidgets_msgs/lib/libphidgets_msgs__rosidl_typesupport_fastrtps_c.so
[2.958s] -- Set runtime path of "/home/remi/ugway_ws/install/phidgets_msgs/lib/libphidgets_msgs__rosidl_typesupport_fastrtps_c.so" to ""
[2.958s] -- Up-to-date: /home/remi/ugway_ws/install/phidgets_msgs/include/phidgets_msgs/phidgets_msgs
[2.958s] -- Up-to-date: /home/remi/ugway_ws/install/phidgets_msgs/include/phidgets_msgs/phidgets_msgs/srv
[2.958s] -- Up-to-date: /home/remi/ugway_ws/install/phidgets_msgs/include/phidgets_msgs/phidgets_msgs/srv/detail
[2.958s] -- Installing: /home/remi/ugway_ws/install/phidgets_msgs/include/phidgets_msgs/phidgets_msgs/srv/detail/set_digital_output__type_support.c
[2.958s] -- Installing: /home/remi/ugway_ws/install/phidgets_msgs/include/phidgets_msgs/phidgets_msgs/srv/detail/set_analog_output__type_support.c
[2.958s] -- Installing: /home/remi/ugway_ws/install/phidgets_msgs/include/phidgets_msgs/phidgets_msgs/srv/detail/set_analog_output__rosidl_typesupport_introspection_c.h
[2.958s] -- Installing: /home/remi/ugway_ws/install/phidgets_msgs/include/phidgets_msgs/phidgets_msgs/srv/detail/set_digital_output__rosidl_typesupport_introspection_c.h
[2.958s] -- Up-to-date: /home/remi/ugway_ws/install/phidgets_msgs/include/phidgets_msgs/phidgets_msgs/msg
[2.958s] -- Installing: /home/remi/ugway_ws/install/phidgets_msgs/include/phidgets_msgs/phidgets_msgs/msg/rosidl_typesupport_introspection_c__visibility_control.h
[2.958s] -- Up-to-date: /home/remi/ugway_ws/install/phidgets_msgs/include/phidgets_msgs/phidgets_msgs/msg/detail
[2.958s] -- Installing: /home/remi/ugway_ws/install/phidgets_msgs/include/phidgets_msgs/phidgets_msgs/msg/detail/encoder_decimated_speed__rosidl_typesupport_introspection_c.h
[2.958s] -- Installing: /home/remi/ugway_ws/install/phidgets_msgs/include/phidgets_msgs/phidgets_msgs/msg/detail/encoder_decimated_speed__type_support.c
[2.958s] -- Installing: /home/remi/ugway_ws/install/phidgets_msgs/lib/libphidgets_msgs__rosidl_typesupport_introspection_c.so
[2.959s] -- Set runtime path of "/home/remi/ugway_ws/install/phidgets_msgs/lib/libphidgets_msgs__rosidl_typesupport_introspection_c.so" to ""
[2.959s] -- Installing: /home/remi/ugway_ws/install/phidgets_msgs/lib/libphidgets_msgs__rosidl_typesupport_c.so
[2.959s] -- Set runtime path of "/home/remi/ugway_ws/install/phidgets_msgs/lib/libphidgets_msgs__rosidl_typesupport_c.so" to ""
[2.959s] -- Up-to-date: /home/remi/ugway_ws/install/phidgets_msgs/include/phidgets_msgs/phidgets_msgs
[2.959s] -- Up-to-date: /home/remi/ugway_ws/install/phidgets_msgs/include/phidgets_msgs/phidgets_msgs/srv
[2.959s] -- Installing: /home/remi/ugway_ws/install/phidgets_msgs/include/phidgets_msgs/phidgets_msgs/srv/set_analog_output.hpp
[2.959s] -- Up-to-date: /home/remi/ugway_ws/install/phidgets_msgs/include/phidgets_msgs/phidgets_msgs/srv/detail
[2.959s] -- Installing: /home/remi/ugway_ws/install/phidgets_msgs/include/phidgets_msgs/phidgets_msgs/srv/detail/set_analog_output__traits.hpp
[2.959s] -- Installing: /home/remi/ugway_ws/install/phidgets_msgs/include/phidgets_msgs/phidgets_msgs/srv/detail/set_analog_output__struct.hpp
[2.959s] -- Installing: /home/remi/ugway_ws/install/phidgets_msgs/include/phidgets_msgs/phidgets_msgs/srv/detail/set_analog_output__builder.hpp
[2.959s] -- Installing: /home/remi/ugway_ws/install/phidgets_msgs/include/phidgets_msgs/phidgets_msgs/srv/detail/set_digital_output__builder.hpp
[2.959s] -- Installing: /home/remi/ugway_ws/install/phidgets_msgs/include/phidgets_msgs/phidgets_msgs/srv/detail/set_digital_output__struct.hpp
[2.959s] -- Installing: /home/remi/ugway_ws/install/phidgets_msgs/include/phidgets_msgs/phidgets_msgs/srv/detail/set_digital_output__traits.hpp
[2.959s] -- Installing: /home/remi/ugway_ws/install/phidgets_msgs/include/phidgets_msgs/phidgets_msgs/srv/set_digital_output.hpp
[2.959s] -- Up-to-date: /home/remi/ugway_ws/install/phidgets_msgs/include/phidgets_msgs/phidgets_msgs/msg
[2.959s] -- Installing: /home/remi/ugway_ws/install/phidgets_msgs/include/phidgets_msgs/phidgets_msgs/msg/encoder_decimated_speed.hpp
[2.959s] -- Up-to-date: /home/remi/ugway_ws/install/phidgets_msgs/include/phidgets_msgs/phidgets_msgs/msg/detail
[2.959s] -- Installing: /home/remi/ugway_ws/install/phidgets_msgs/include/phidgets_msgs/phidgets_msgs/msg/detail/encoder_decimated_speed__traits.hpp
[2.959s] -- Installing: /home/remi/ugway_ws/install/phidgets_msgs/include/phidgets_msgs/phidgets_msgs/msg/detail/encoder_decimated_speed__builder.hpp
[2.959s] -- Installing: /home/remi/ugway_ws/install/phidgets_msgs/include/phidgets_msgs/phidgets_msgs/msg/detail/encoder_decimated_speed__struct.hpp
[2.959s] -- Up-to-date: /home/remi/ugway_ws/install/phidgets_msgs/include/phidgets_msgs/phidgets_msgs
[2.959s] -- Up-to-date: /home/remi/ugway_ws/install/phidgets_msgs/include/phidgets_msgs/phidgets_msgs/srv
[2.960s] -- Up-to-date: /home/remi/ugway_ws/install/phidgets_msgs/include/phidgets_msgs/phidgets_msgs/srv/detail
[2.960s] -- Installing: /home/remi/ugway_ws/install/phidgets_msgs/include/phidgets_msgs/phidgets_msgs/srv/detail/set_digital_output__rosidl_typesupport_fastrtps_cpp.hpp
[2.960s] -- Installing: /home/remi/ugway_ws/install/phidgets_msgs/include/phidgets_msgs/phidgets_msgs/srv/detail/dds_fastrtps
[2.960s] -- Installing: /home/remi/ugway_ws/install/phidgets_msgs/include/phidgets_msgs/phidgets_msgs/srv/detail/set_analog_output__rosidl_typesupport_fastrtps_cpp.hpp
[2.960s] -- Up-to-date: /home/remi/ugway_ws/install/phidgets_msgs/include/phidgets_msgs/phidgets_msgs/msg
[2.960s] -- Installing: /home/remi/ugway_ws/install/phidgets_msgs/include/phidgets_msgs/phidgets_msgs/msg/rosidl_typesupport_fastrtps_cpp__visibility_control.h
[2.960s] -- Up-to-date: /home/remi/ugway_ws/install/phidgets_msgs/include/phidgets_msgs/phidgets_msgs/msg/detail
[2.960s] -- Installing: /home/remi/ugway_ws/install/phidgets_msgs/include/phidgets_msgs/phidgets_msgs/msg/detail/dds_fastrtps
[2.960s] -- Installing: /home/remi/ugway_ws/install/phidgets_msgs/include/phidgets_msgs/phidgets_msgs/msg/detail/encoder_decimated_speed__rosidl_typesupport_fastrtps_cpp.hpp
[2.960s] -- Installing: /home/remi/ugway_ws/install/phidgets_msgs/lib/libphidgets_msgs__rosidl_typesupport_fastrtps_cpp.so
[2.960s] -- Set runtime path of "/home/remi/ugway_ws/install/phidgets_msgs/lib/libphidgets_msgs__rosidl_typesupport_fastrtps_cpp.so" to ""
[2.960s] -- Up-to-date: /home/remi/ugway_ws/install/phidgets_msgs/include/phidgets_msgs/phidgets_msgs
[2.960s] -- Up-to-date: /home/remi/ugway_ws/install/phidgets_msgs/include/phidgets_msgs/phidgets_msgs/srv
[2.960s] -- Up-to-date: /home/remi/ugway_ws/install/phidgets_msgs/include/phidgets_msgs/phidgets_msgs/srv/detail
[2.960s] -- Installing: /home/remi/ugway_ws/install/phidgets_msgs/include/phidgets_msgs/phidgets_msgs/srv/detail/set_analog_output__rosidl_typesupport_introspection_cpp.hpp
[2.960s] -- Installing: /home/remi/ugway_ws/install/phidgets_msgs/include/phidgets_msgs/phidgets_msgs/srv/detail/set_digital_output__rosidl_typesupport_introspection_cpp.hpp
[2.960s] -- Installing: /home/remi/ugway_ws/install/phidgets_msgs/include/phidgets_msgs/phidgets_msgs/srv/detail/set_analog_output__type_support.cpp
[2.960s] -- Installing: /home/remi/ugway_ws/install/phidgets_msgs/include/phidgets_msgs/phidgets_msgs/srv/detail/set_digital_output__type_support.cpp
[2.960s] -- Up-to-date: /home/remi/ugway_ws/install/phidgets_msgs/include/phidgets_msgs/phidgets_msgs/msg
[2.960s] -- Up-to-date: /home/remi/ugway_ws/install/phidgets_msgs/include/phidgets_msgs/phidgets_msgs/msg/detail
[2.960s] -- Installing: /home/remi/ugway_ws/install/phidgets_msgs/include/phidgets_msgs/phidgets_msgs/msg/detail/encoder_decimated_speed__rosidl_typesupport_introspection_cpp.hpp
[2.960s] -- Installing: /home/remi/ugway_ws/install/phidgets_msgs/include/phidgets_msgs/phidgets_msgs/msg/detail/encoder_decimated_speed__type_support.cpp
[2.960s] -- Installing: /home/remi/ugway_ws/install/phidgets_msgs/lib/libphidgets_msgs__rosidl_typesupport_introspection_cpp.so
[2.960s] -- Set runtime path of "/home/remi/ugway_ws/install/phidgets_msgs/lib/libphidgets_msgs__rosidl_typesupport_introspection_cpp.so" to ""
[2.961s] -- Installing: /home/remi/ugway_ws/install/phidgets_msgs/lib/libphidgets_msgs__rosidl_typesupport_cpp.so
[2.961s] -- Set runtime path of "/home/remi/ugway_ws/install/phidgets_msgs/lib/libphidgets_msgs__rosidl_typesupport_cpp.so" to ""
[2.961s] -- Installing: /home/remi/ugway_ws/install/phidgets_msgs/share/phidgets_msgs/environment/pythonpath.sh
[2.961s] -- Installing: /home/remi/ugway_ws/install/phidgets_msgs/share/phidgets_msgs/environment/pythonpath.dsv
[2.961s] -- Installing: /home/remi/ugway_ws/install/phidgets_msgs/local/lib/python3.10/dist-packages/phidgets_msgs-2.3.1-py3.10.egg-info
[2.961s] -- Installing: /home/remi/ugway_ws/install/phidgets_msgs/local/lib/python3.10/dist-packages/phidgets_msgs-2.3.1-py3.10.egg-info/dependency_links.txt
[2.961s] -- Installing: /home/remi/ugway_ws/install/phidgets_msgs/local/lib/python3.10/dist-packages/phidgets_msgs-2.3.1-py3.10.egg-info/PKG-INFO
[2.961s] -- Installing: /home/remi/ugway_ws/install/phidgets_msgs/local/lib/python3.10/dist-packages/phidgets_msgs-2.3.1-py3.10.egg-info/top_level.txt
[2.961s] -- Installing: /home/remi/ugway_ws/install/phidgets_msgs/local/lib/python3.10/dist-packages/phidgets_msgs-2.3.1-py3.10.egg-info/SOURCES.txt
[2.961s] -- Installing: /home/remi/ugway_ws/install/phidgets_msgs/local/lib/python3.10/dist-packages/phidgets_msgs
[2.961s] -- Installing: /home/remi/ugway_ws/install/phidgets_msgs/local/lib/python3.10/dist-packages/phidgets_msgs/_phidgets_msgs_s.ep.rosidl_typesupport_fastrtps_c.c
[2.961s] -- Installing: /home/remi/ugway_ws/install/phidgets_msgs/local/lib/python3.10/dist-packages/phidgets_msgs/phidgets_msgs_s__rosidl_typesupport_c.cpython-310-x86_64-linux-gnu.so
[2.961s] -- Installing: /home/remi/ugway_ws/install/phidgets_msgs/local/lib/python3.10/dist-packages/phidgets_msgs/libphidgets_msgs__rosidl_generator_py.so
[2.961s] -- Installing: /home/remi/ugway_ws/install/phidgets_msgs/local/lib/python3.10/dist-packages/phidgets_msgs/_phidgets_msgs_s.ep.rosidl_typesupport_introspection_c.c
[2.961s] -- Installing: /home/remi/ugway_ws/install/phidgets_msgs/local/lib/python3.10/dist-packages/phidgets_msgs/srv
[2.961s] -- Installing: /home/remi/ugway_ws/install/phidgets_msgs/local/lib/python3.10/dist-packages/phidgets_msgs/srv/_set_digital_output.py
[2.961s] -- Installing: /home/remi/ugway_ws/install/phidgets_msgs/local/lib/python3.10/dist-packages/phidgets_msgs/srv/_set_analog_output_s.c
[2.961s] -- Installing: /home/remi/ugway_ws/install/phidgets_msgs/local/lib/python3.10/dist-packages/phidgets_msgs/srv/_set_analog_output.py
[2.962s] -- Installing: /home/remi/ugway_ws/install/phidgets_msgs/local/lib/python3.10/dist-packages/phidgets_msgs/srv/_set_digital_output_s.c
[2.962s] -- Installing: /home/remi/ugway_ws/install/phidgets_msgs/local/lib/python3.10/dist-packages/phidgets_msgs/srv/__init__.py
[2.962s] -- Installing: /home/remi/ugway_ws/install/phidgets_msgs/local/lib/python3.10/dist-packages/phidgets_msgs/phidgets_msgs_s__rosidl_typesupport_introspection_c.cpython-310-x86_64-linux-gnu.so
[2.962s] -- Installing: /home/remi/ugway_ws/install/phidgets_msgs/local/lib/python3.10/dist-packages/phidgets_msgs/phidgets_msgs_s__rosidl_typesupport_fastrtps_c.cpython-310-x86_64-linux-gnu.so
[2.962s] -- Installing: /home/remi/ugway_ws/install/phidgets_msgs/local/lib/python3.10/dist-packages/phidgets_msgs/__init__.py
[2.962s] -- Installing: /home/remi/ugway_ws/install/phidgets_msgs/local/lib/python3.10/dist-packages/phidgets_msgs/_phidgets_msgs_s.ep.rosidl_typesupport_c.c
[2.962s] -- Installing: /home/remi/ugway_ws/install/phidgets_msgs/local/lib/python3.10/dist-packages/phidgets_msgs/msg
[2.962s] -- Installing: /home/remi/ugway_ws/install/phidgets_msgs/local/lib/python3.10/dist-packages/phidgets_msgs/msg/_encoder_decimated_speed_s.c
[2.962s] -- Installing: /home/remi/ugway_ws/install/phidgets_msgs/local/lib/python3.10/dist-packages/phidgets_msgs/msg/_encoder_decimated_speed.py
[2.962s] -- Installing: /home/remi/ugway_ws/install/phidgets_msgs/local/lib/python3.10/dist-packages/phidgets_msgs/msg/__init__.py
[2.988s] Listing '/home/remi/ugway_ws/install/phidgets_msgs/local/lib/python3.10/dist-packages/phidgets_msgs'...
[2.989s] Compiling '/home/remi/ugway_ws/install/phidgets_msgs/local/lib/python3.10/dist-packages/phidgets_msgs/__init__.py'...
[2.989s] Listing '/home/remi/ugway_ws/install/phidgets_msgs/local/lib/python3.10/dist-packages/phidgets_msgs/msg'...
[2.989s] Compiling '/home/remi/ugway_ws/install/phidgets_msgs/local/lib/python3.10/dist-packages/phidgets_msgs/msg/__init__.py'...
[2.989s] Compiling '/home/remi/ugway_ws/install/phidgets_msgs/local/lib/python3.10/dist-packages/phidgets_msgs/msg/_encoder_decimated_speed.py'...
[2.989s] Listing '/home/remi/ugway_ws/install/phidgets_msgs/local/lib/python3.10/dist-packages/phidgets_msgs/srv'...
[2.989s] Compiling '/home/remi/ugway_ws/install/phidgets_msgs/local/lib/python3.10/dist-packages/phidgets_msgs/srv/__init__.py'...
[2.989s] Compiling '/home/remi/ugway_ws/install/phidgets_msgs/local/lib/python3.10/dist-packages/phidgets_msgs/srv/_set_analog_output.py'...
[2.989s] Compiling '/home/remi/ugway_ws/install/phidgets_msgs/local/lib/python3.10/dist-packages/phidgets_msgs/srv/_set_digital_output.py'...
[2.992s] -- Installing: /home/remi/ugway_ws/install/phidgets_msgs/local/lib/python3.10/dist-packages/phidgets_msgs/phidgets_msgs_s__rosidl_typesupport_fastrtps_c.cpython-310-x86_64-linux-gnu.so
[2.992s] -- Set runtime path of "/home/remi/ugway_ws/install/phidgets_msgs/local/lib/python3.10/dist-packages/phidgets_msgs/phidgets_msgs_s__rosidl_typesupport_fastrtps_c.cpython-310-x86_64-linux-gnu.so" to ""
[2.992s] -- Installing: /home/remi/ugway_ws/install/phidgets_msgs/local/lib/python3.10/dist-packages/phidgets_msgs/phidgets_msgs_s__rosidl_typesupport_introspection_c.cpython-310-x86_64-linux-gnu.so
[2.992s] -- Set runtime path of "/home/remi/ugway_ws/install/phidgets_msgs/local/lib/python3.10/dist-packages/phidgets_msgs/phidgets_msgs_s__rosidl_typesupport_introspection_c.cpython-310-x86_64-linux-gnu.so" to ""
[2.992s] -- Installing: /home/remi/ugway_ws/install/phidgets_msgs/local/lib/python3.10/dist-packages/phidgets_msgs/phidgets_msgs_s__rosidl_typesupport_c.cpython-310-x86_64-linux-gnu.so
[2.992s] -- Set runtime path of "/home/remi/ugway_ws/install/phidgets_msgs/local/lib/python3.10/dist-packages/phidgets_msgs/phidgets_msgs_s__rosidl_typesupport_c.cpython-310-x86_64-linux-gnu.so" to ""
[2.993s] -- Installing: /home/remi/ugway_ws/install/phidgets_msgs/lib/libphidgets_msgs__rosidl_generator_py.so
[2.993s] -- Set runtime path of "/home/remi/ugway_ws/install/phidgets_msgs/lib/libphidgets_msgs__rosidl_generator_py.so" to ""
[2.993s] -- Installing: /home/remi/ugway_ws/install/phidgets_msgs/share/phidgets_msgs/srv/SetAnalogOutput.idl
[2.993s] -- Installing: /home/remi/ugway_ws/install/phidgets_msgs/share/phidgets_msgs/srv/SetDigitalOutput.idl
[2.993s] -- Installing: /home/remi/ugway_ws/install/phidgets_msgs/share/phidgets_msgs/msg/EncoderDecimatedSpeed.idl
[2.993s] -- Installing: /home/remi/ugway_ws/install/phidgets_msgs/share/phidgets_msgs/srv/SetAnalogOutput.srv
[2.993s] -- Installing: /home/remi/ugway_ws/install/phidgets_msgs/share/phidgets_msgs/srv/SetAnalogOutput_Request.msg
[2.993s] -- Installing: /home/remi/ugway_ws/install/phidgets_msgs/share/phidgets_msgs/srv/SetAnalogOutput_Response.msg
[2.993s] -- Installing: /home/remi/ugway_ws/install/phidgets_msgs/share/phidgets_msgs/srv/SetDigitalOutput.srv
[2.993s] -- Installing: /home/remi/ugway_ws/install/phidgets_msgs/share/phidgets_msgs/srv/SetDigitalOutput_Request.msg
[2.993s] -- Installing: /home/remi/ugway_ws/install/phidgets_msgs/share/phidgets_msgs/srv/SetDigitalOutput_Response.msg
[2.994s] -- Installing: /home/remi/ugway_ws/install/phidgets_msgs/share/phidgets_msgs/msg/EncoderDecimatedSpeed.msg
[2.994s] -- Installing: /home/remi/ugway_ws/install/phidgets_msgs/share/ament_index/resource_index/package_run_dependencies/phidgets_msgs
[2.994s] -- Installing: /home/remi/ugway_ws/install/phidgets_msgs/share/ament_index/resource_index/parent_prefix_path/phidgets_msgs
[2.994s] -- Installing: /home/remi/ugway_ws/install/phidgets_msgs/share/phidgets_msgs/environment/ament_prefix_path.sh
[2.994s] -- Installing: /home/remi/ugway_ws/install/phidgets_msgs/share/phidgets_msgs/environment/ament_prefix_path.dsv
[2.994s] -- Installing: /home/remi/ugway_ws/install/phidgets_msgs/share/phidgets_msgs/environment/path.sh
[2.994s] -- Installing: /home/remi/ugway_ws/install/phidgets_msgs/share/phidgets_msgs/environment/path.dsv
[2.994s] -- Installing: /home/remi/ugway_ws/install/phidgets_msgs/share/phidgets_msgs/local_setup.bash
[2.994s] -- Installing: /home/remi/ugway_ws/install/phidgets_msgs/share/phidgets_msgs/local_setup.sh
[2.994s] -- Installing: /home/remi/ugway_ws/install/phidgets_msgs/share/phidgets_msgs/local_setup.zsh
[2.994s] -- Installing: /home/remi/ugway_ws/install/phidgets_msgs/share/phidgets_msgs/local_setup.dsv
[2.994s] -- Installing: /home/remi/ugway_ws/install/phidgets_msgs/share/phidgets_msgs/package.dsv
[2.994s] -- Installing: /home/remi/ugway_ws/install/phidgets_msgs/share/ament_index/resource_index/packages/phidgets_msgs
[2.994s] -- Installing: /home/remi/ugway_ws/install/phidgets_msgs/share/phidgets_msgs/cmake/export_phidgets_msgs__rosidl_generator_cExport.cmake
[2.994s] -- Installing: /home/remi/ugway_ws/install/phidgets_msgs/share/phidgets_msgs/cmake/export_phidgets_msgs__rosidl_generator_cExport-noconfig.cmake
[2.994s] -- Installing: /home/remi/ugway_ws/install/phidgets_msgs/share/phidgets_msgs/cmake/export_phidgets_msgs__rosidl_typesupport_fastrtps_cExport.cmake
[2.995s] -- Installing: /home/remi/ugway_ws/install/phidgets_msgs/share/phidgets_msgs/cmake/export_phidgets_msgs__rosidl_typesupport_fastrtps_cExport-noconfig.cmake
[2.995s] -- Installing: /home/remi/ugway_ws/install/phidgets_msgs/share/phidgets_msgs/cmake/phidgets_msgs__rosidl_typesupport_introspection_cExport.cmake
[2.995s] -- Installing: /home/remi/ugway_ws/install/phidgets_msgs/share/phidgets_msgs/cmake/phidgets_msgs__rosidl_typesupport_introspection_cExport-noconfig.cmake
[2.995s] -- Installing: /home/remi/ugway_ws/install/phidgets_msgs/share/phidgets_msgs/cmake/phidgets_msgs__rosidl_typesupport_cExport.cmake
[2.995s] -- Installing: /home/remi/ugway_ws/install/phidgets_msgs/share/phidgets_msgs/cmake/phidgets_msgs__rosidl_typesupport_cExport-noconfig.cmake
[2.995s] -- Installing: /home/remi/ugway_ws/install/phidgets_msgs/share/phidgets_msgs/cmake/export_phidgets_msgs__rosidl_generator_cppExport.cmake
[2.995s] -- Installing: /home/remi/ugway_ws/install/phidgets_msgs/share/phidgets_msgs/cmake/export_phidgets_msgs__rosidl_typesupport_fastrtps_cppExport.cmake
[2.995s] -- Installing: /home/remi/ugway_ws/install/phidgets_msgs/share/phidgets_msgs/cmake/export_phidgets_msgs__rosidl_typesupport_fastrtps_cppExport-noconfig.cmake
[2.995s] -- Installing: /home/remi/ugway_ws/install/phidgets_msgs/share/phidgets_msgs/cmake/phidgets_msgs__rosidl_typesupport_introspection_cppExport.cmake
[2.995s] -- Installing: /home/remi/ugway_ws/install/phidgets_msgs/share/phidgets_msgs/cmake/phidgets_msgs__rosidl_typesupport_introspection_cppExport-noconfig.cmake
[2.995s] -- Installing: /home/remi/ugway_ws/install/phidgets_msgs/share/phidgets_msgs/cmake/phidgets_msgs__rosidl_typesupport_cppExport.cmake
[2.995s] -- Installing: /home/remi/ugway_ws/install/phidgets_msgs/share/phidgets_msgs/cmake/phidgets_msgs__rosidl_typesupport_cppExport-noconfig.cmake
[2.995s] -- Installing: /home/remi/ugway_ws/install/phidgets_msgs/share/phidgets_msgs/cmake/export_phidgets_msgs__rosidl_generator_pyExport.cmake
[2.995s] -- Installing: /home/remi/ugway_ws/install/phidgets_msgs/share/phidgets_msgs/cmake/export_phidgets_msgs__rosidl_generator_pyExport-noconfig.cmake
[2.996s] -- Installing: /home/remi/ugway_ws/install/phidgets_msgs/share/phidgets_msgs/cmake/rosidl_cmake-extras.cmake
[2.996s] -- Installing: /home/remi/ugway_ws/install/phidgets_msgs/share/phidgets_msgs/cmake/ament_cmake_export_dependencies-extras.cmake
[2.996s] -- Installing: /home/remi/ugway_ws/install/phidgets_msgs/share/phidgets_msgs/cmake/ament_cmake_export_include_directories-extras.cmake
[2.996s] -- Installing: /home/remi/ugway_ws/install/phidgets_msgs/share/phidgets_msgs/cmake/ament_cmake_export_libraries-extras.cmake
[2.996s] -- Installing: /home/remi/ugway_ws/install/phidgets_msgs/share/phidgets_msgs/cmake/ament_cmake_export_targets-extras.cmake
[2.996s] -- Installing: /home/remi/ugway_ws/install/phidgets_msgs/share/phidgets_msgs/cmake/rosidl_cmake_export_typesupport_targets-extras.cmake
[2.996s] -- Installing: /home/remi/ugway_ws/install/phidgets_msgs/share/phidgets_msgs/cmake/rosidl_cmake_export_typesupport_libraries-extras.cmake
[2.996s] -- Installing: /home/remi/ugway_ws/install/phidgets_msgs/share/phidgets_msgs/cmake/phidgets_msgsConfig.cmake
[2.996s] -- Installing: /home/remi/ugway_ws/install/phidgets_msgs/share/phidgets_msgs/cmake/phidgets_msgsConfig-version.cmake
[2.996s] -- Installing: /home/remi/ugway_ws/install/phidgets_msgs/share/phidgets_msgs/package.xml
[2.997s] Invoked command in '/home/remi/ugway_ws/build/phidgets_msgs' returned '0': CMAKE_PREFIX_PATH=/opt/ros/humble /usr/bin/cmake --install /home/remi/ugway_ws/build/phidgets_msgs
