-- Found ament_cmake: 1.3.5 (/opt/ros/humble/share/ament_cmake/cmake)
-- Found Python3: /usr/bin/python3.10 (found version "3.10.12") found components: Interpreter 
[33mCMake Warning (dev) at /usr/share/cmake-3.25/Modules/ExternalProject.cmake:3075 (message):
  The DOWNLOAD_EXTRACT_TIMESTAMP option was not given and policy CMP0135 is
  not set.  The policy's OLD behavior will be used.  When using a URL
  download, the timestamps of extracted files should preferably be that of
  the time of extraction, otherwise code that depends on the extracted
  contents might not be rebuilt if the URL changes.  The OLD behavior
  preserves the timestamps from the archive instead, but this is usually not
  what you want.  Update your project to the NEW behavior or specify the
  DOWNLOAD_EXTRACT_TIMESTAMP option with a value of true to avoid this
  robustness issue.
Call Stack (most recent call first):
  /usr/share/cmake-3.25/Modules/ExternalProject.cmake:4185 (_ep_add_download_command)
  CMakeLists.txt:9 (ExternalProject_Add)
This warning is for project developers.  Use -Wno-dev to suppress it.
[0m
-- Configuring done
-- Generating done
-- Build files have been written to: /home/remi/ugway_ws/build/libphidget22
[ 12%] [34m[1mCreating directories for 'EP_libphidget22'[0m
[ 25%] [34m[1mPerforming download step (download, verify and extract) for 'EP_libphidget22'[0m
-- Downloading...
   dst='/home/remi/ugway_ws/build/libphidget22/EP_libphidget22-prefix/src/libphidget22-1.13.20230224.tar.gz'
   timeout='none'
   inactivity timeout='none'
-- Using src='https://www.phidgets.com/downloads/phidget22/libraries/linux/libphidget22/libphidget22-1.13.20230224.tar.gz'
[31mCMake Error at EP_libphidget22-prefix/src/EP_libphidget22-stamp/download-EP_libphidget22.cmake:170 (message):
  Each download failed!

    error: downloading 'https://www.phidgets.com/downloads/phidget22/libraries/linux/libphidget22/libphidget22-1.13.20230224.tar.gz' failed
          status_code: 35
          status_string: "SSL connect error"
          log:
          --- LOG BEGIN ---
            Trying 206.251.255.126:443...

  Connected to www.phidgets.com (206.251.255.126) port 443 (#0)

  ALPN: offers h2

  ALPN: offers http/1.1

  TLSv1.0 (OUT), TLS header, Certificate Status (22):

  [5 bytes data]

  TLSv1.3 (OUT), TLS handshake, Client hello (1):

  [512 bytes data]

  OpenSSL SSL_connect: Connection reset by peer in connection to
  www.phidgets.com:443

  Closing connection 0

  TLSv1.0 (OUT), TLS header, Unknown (21):

  [5 bytes data]

  TLSv1.3 (OUT), TLS alert, decode error (562):

  [2 bytes data]

  

          --- LOG END ---
          
    

[0m
gmake[2]: *** [CMakeFiles/EP_libphidget22.dir/build.make:99: EP_libphidget22-prefix/src/EP_libphidget22-stamp/EP_libphidget22-download] Error 1
gmake[1]: *** [CMakeFiles/Makefile2:137: CMakeFiles/EP_libphidget22.dir/all] Error 2
gmake: *** [Makefile:146: all] Error 2
