-- The C compiler identification is GNU 11.4.0
-- The CXX compiler identification is GNU 11.4.0
-- Detecting C compiler ABI info
-- Detecting C compiler ABI info - done
-- Check for working C compiler: /usr/bin/cc - skipped
-- Detecting C compile features
-- Detecting C compile features - done
-- Detecting CXX compiler ABI info
-- Detecting CXX compiler ABI info - done
-- Check for working CXX compiler: /usr/bin/c++ - skipped
-- Detecting CXX compile features
-- Detecting CXX compile features - done
-- Found ament_cmake_ros: 0.10.0 (/opt/ros/humble/share/ament_cmake_ros/cmake)
-- Found Python3: /usr/bin/python3.10 (found version "3.10.12") found components: Interpreter 
-- Found phidgets_api: 2.3.1 (/home/remi/ugway_ws/install/phidgets_api/share/phidgets_api/cmake)
-- Found phidgets_msgs: 2.3.1 (/home/remi/ugway_ws/install/phidgets_msgs/share/phidgets_msgs/cmake)
-- Found rosidl_generator_c: 3.1.5 (/opt/ros/humble/share/rosidl_generator_c/cmake)
-- Found rosidl_adapter: 3.1.5 (/opt/ros/humble/share/rosidl_adapter/cmake)
-- Found rosidl_generator_cpp: 3.1.5 (/opt/ros/humble/share/rosidl_generator_cpp/cmake)
-- Using all available rosidl_typesupport_c: rosidl_typesupport_fastrtps_c;rosidl_typesupport_introspection_c
-- Using all available rosidl_typesupport_cpp: rosidl_typesupport_fastrtps_cpp;rosidl_typesupport_introspection_cpp
-- Found rclcpp: 16.0.6 (/opt/ros/humble/share/rclcpp/cmake)
-- Found rmw_implementation_cmake: 6.1.1 (/opt/ros/humble/share/rmw_implementation_cmake/cmake)
-- Found rmw_fastrtps_cpp: 6.2.4 (/opt/ros/humble/share/rmw_fastrtps_cpp/cmake)
-- Found OpenSSL: /usr/lib/x86_64-linux-gnu/libcrypto.so (found version "3.0.2")  
-- Found FastRTPS: /opt/ros/humble/include  
-- Using RMW implementation 'rmw_fastrtps_cpp' as default
-- Performing Test CMAKE_HAVE_LIBC_PTHREAD
-- Performing Test CMAKE_HAVE_LIBC_PTHREAD - Success
-- Found Threads: TRUE  
-- Found rclcpp_components: 16.0.6 (/opt/ros/humble/share/rclcpp_components/cmake)
-- Configuring done
-- Generating done
-- Build files have been written to: /home/remi/ugway_ws/build/phidgets_analog_outputs
[ 50%] [32mBuilding CXX object CMakeFiles/phidgets_analog_outputs.dir/src/analog_outputs_ros_i.cpp.o[0m
[100%] [32m[1mLinking CXX shared library libphidgets_analog_outputs.so[0m
[100%] Built target phidgets_analog_outputs
-- Install configuration: ""
-- Installing: /home/remi/ugway_ws/install/phidgets_analog_outputs/lib/libphidgets_analog_outputs.so
-- Set runtime path of "/home/remi/ugway_ws/install/phidgets_analog_outputs/lib/libphidgets_analog_outputs.so" to ""
-- Installing: /home/remi/ugway_ws/install/phidgets_analog_outputs/include
-- Installing: /home/remi/ugway_ws/install/phidgets_analog_outputs/include/phidgets_analog_outputs
-- Installing: /home/remi/ugway_ws/install/phidgets_analog_outputs/include/phidgets_analog_outputs/analog_outputs_ros_i.hpp
-- Installing: /home/remi/ugway_ws/install/phidgets_analog_outputs/share/phidgets_analog_outputs/launch
-- Installing: /home/remi/ugway_ws/install/phidgets_analog_outputs/share/phidgets_analog_outputs/launch/analog_outputs-launch.py
-- Installing: /home/remi/ugway_ws/install/phidgets_analog_outputs/share/ament_index/resource_index/package_run_dependencies/phidgets_analog_outputs
-- Installing: /home/remi/ugway_ws/install/phidgets_analog_outputs/share/ament_index/resource_index/parent_prefix_path/phidgets_analog_outputs
-- Installing: /home/remi/ugway_ws/install/phidgets_analog_outputs/share/phidgets_analog_outputs/environment/ament_prefix_path.sh
-- Installing: /home/remi/ugway_ws/install/phidgets_analog_outputs/share/phidgets_analog_outputs/environment/ament_prefix_path.dsv
-- Installing: /home/remi/ugway_ws/install/phidgets_analog_outputs/share/phidgets_analog_outputs/environment/path.sh
-- Installing: /home/remi/ugway_ws/install/phidgets_analog_outputs/share/phidgets_analog_outputs/environment/path.dsv
-- Installing: /home/remi/ugway_ws/install/phidgets_analog_outputs/share/phidgets_analog_outputs/local_setup.bash
-- Installing: /home/remi/ugway_ws/install/phidgets_analog_outputs/share/phidgets_analog_outputs/local_setup.sh
-- Installing: /home/remi/ugway_ws/install/phidgets_analog_outputs/share/phidgets_analog_outputs/local_setup.zsh
-- Installing: /home/remi/ugway_ws/install/phidgets_analog_outputs/share/phidgets_analog_outputs/local_setup.dsv
-- Installing: /home/remi/ugway_ws/install/phidgets_analog_outputs/share/phidgets_analog_outputs/package.dsv
-- Installing: /home/remi/ugway_ws/install/phidgets_analog_outputs/share/ament_index/resource_index/packages/phidgets_analog_outputs
-- Installing: /home/remi/ugway_ws/install/phidgets_analog_outputs/share/ament_index/resource_index/rclcpp_components/phidgets_analog_outputs
-- Installing: /home/remi/ugway_ws/install/phidgets_analog_outputs/share/phidgets_analog_outputs/cmake/phidgets_analog_outputsConfig.cmake
-- Installing: /home/remi/ugway_ws/install/phidgets_analog_outputs/share/phidgets_analog_outputs/cmake/phidgets_analog_outputsConfig-version.cmake
-- Installing: /home/remi/ugway_ws/install/phidgets_analog_outputs/share/phidgets_analog_outputs/package.xml
