running egg_info
creating ../../build/nav_odo_pkg/nav_odo_pkg.egg-info
writing ../../build/nav_odo_pkg/nav_odo_pkg.egg-info/PKG-INFO
writing dependency_links to ../../build/nav_odo_pkg/nav_odo_pkg.egg-info/dependency_links.txt
writing entry points to ../../build/nav_odo_pkg/nav_odo_pkg.egg-info/entry_points.txt
writing requirements to ../../build/nav_odo_pkg/nav_odo_pkg.egg-info/requires.txt
writing top-level names to ../../build/nav_odo_pkg/nav_odo_pkg.egg-info/top_level.txt
writing manifest file '../../build/nav_odo_pkg/nav_odo_pkg.egg-info/SOURCES.txt'
reading manifest file '../../build/nav_odo_pkg/nav_odo_pkg.egg-info/SOURCES.txt'
writing manifest file '../../build/nav_odo_pkg/nav_odo_pkg.egg-info/SOURCES.txt'
running build
running build_py
creating /home/remi/ugway_ws/build/nav_odo_pkg/build
creating /home/remi/ugway_ws/build/nav_odo_pkg/build/lib
creating /home/remi/ugway_ws/build/nav_odo_pkg/build/lib/nav_odo_pkg
copying nav_odo_pkg/__init__.py -> /home/remi/ugway_ws/build/nav_odo_pkg/build/lib/nav_odo_pkg
running install
running install_lib
creating /home/remi/ugway_ws/install/nav_odo_pkg/lib/python3.10/site-packages/nav_odo_pkg
copying /home/remi/ugway_ws/build/nav_odo_pkg/build/lib/nav_odo_pkg/__init__.py -> /home/remi/ugway_ws/install/nav_odo_pkg/lib/python3.10/site-packages/nav_odo_pkg
byte-compiling /home/remi/ugway_ws/install/nav_odo_pkg/lib/python3.10/site-packages/nav_odo_pkg/__init__.py to __init__.cpython-310.pyc
running install_data
creating /home/remi/ugway_ws/install/nav_odo_pkg/share/ament_index
creating /home/remi/ugway_ws/install/nav_odo_pkg/share/ament_index/resource_index
creating /home/remi/ugway_ws/install/nav_odo_pkg/share/ament_index/resource_index/packages
copying resource/nav_odo_pkg -> /home/remi/ugway_ws/install/nav_odo_pkg/share/ament_index/resource_index/packages
copying package.xml -> /home/remi/ugway_ws/install/nav_odo_pkg/share/nav_odo_pkg
running install_egg_info
Copying ../../build/nav_odo_pkg/nav_odo_pkg.egg-info to /home/remi/ugway_ws/install/nav_odo_pkg/lib/python3.10/site-packages/nav_odo_pkg-0.0.0-py3.10.egg-info
running install_scripts
writing list of installed files to '/home/remi/ugway_ws/build/nav_odo_pkg/install.log'
