[0.436s] Invoking command in '/home/remi/ugway_ws/src/nav_odo_pkg': PYTHONPATH=/home/remi/ugway_ws/build/nav_odo_pkg/prefix_override:/home/remi/ugway_ws/install/nav_odo_pkg/lib/python3.10/site-packages:${PYTHONPATH} /usr/bin/python3 setup.py egg_info --egg-base ../../build/nav_odo_pkg build --build-base /home/remi/ugway_ws/build/nav_odo_pkg/build install --record /home/remi/ugway_ws/build/nav_odo_pkg/install.log --single-version-externally-managed
[0.573s] running egg_info
[0.573s] creating ../../build/nav_odo_pkg/nav_odo_pkg.egg-info
[0.574s] writing ../../build/nav_odo_pkg/nav_odo_pkg.egg-info/PKG-INFO
[0.574s] writing dependency_links to ../../build/nav_odo_pkg/nav_odo_pkg.egg-info/dependency_links.txt
[0.574s] writing entry points to ../../build/nav_odo_pkg/nav_odo_pkg.egg-info/entry_points.txt
[0.574s] writing requirements to ../../build/nav_odo_pkg/nav_odo_pkg.egg-info/requires.txt
[0.574s] writing top-level names to ../../build/nav_odo_pkg/nav_odo_pkg.egg-info/top_level.txt
[0.574s] writing manifest file '../../build/nav_odo_pkg/nav_odo_pkg.egg-info/SOURCES.txt'
[0.575s] reading manifest file '../../build/nav_odo_pkg/nav_odo_pkg.egg-info/SOURCES.txt'
[0.575s] writing manifest file '../../build/nav_odo_pkg/nav_odo_pkg.egg-info/SOURCES.txt'
[0.575s] running build
[0.575s] running build_py
[0.575s] creating /home/remi/ugway_ws/build/nav_odo_pkg/build
[0.575s] creating /home/remi/ugway_ws/build/nav_odo_pkg/build/lib
[0.575s] creating /home/remi/ugway_ws/build/nav_odo_pkg/build/lib/nav_odo_pkg
[0.575s] copying nav_odo_pkg/__init__.py -> /home/remi/ugway_ws/build/nav_odo_pkg/build/lib/nav_odo_pkg
[0.575s] running install
[0.575s] running install_lib
[0.576s] creating /home/remi/ugway_ws/install/nav_odo_pkg/lib/python3.10/site-packages/nav_odo_pkg
[0.576s] copying /home/remi/ugway_ws/build/nav_odo_pkg/build/lib/nav_odo_pkg/__init__.py -> /home/remi/ugway_ws/install/nav_odo_pkg/lib/python3.10/site-packages/nav_odo_pkg
[0.576s] byte-compiling /home/remi/ugway_ws/install/nav_odo_pkg/lib/python3.10/site-packages/nav_odo_pkg/__init__.py to __init__.cpython-310.pyc
[0.576s] running install_data
[0.576s] creating /home/remi/ugway_ws/install/nav_odo_pkg/share/ament_index
[0.577s] creating /home/remi/ugway_ws/install/nav_odo_pkg/share/ament_index/resource_index
[0.577s] creating /home/remi/ugway_ws/install/nav_odo_pkg/share/ament_index/resource_index/packages
[0.577s] copying resource/nav_odo_pkg -> /home/remi/ugway_ws/install/nav_odo_pkg/share/ament_index/resource_index/packages
[0.577s] copying package.xml -> /home/remi/ugway_ws/install/nav_odo_pkg/share/nav_odo_pkg
[0.577s] running install_egg_info
[0.578s] Copying ../../build/nav_odo_pkg/nav_odo_pkg.egg-info to /home/remi/ugway_ws/install/nav_odo_pkg/lib/python3.10/site-packages/nav_odo_pkg-0.0.0-py3.10.egg-info
[0.578s] running install_scripts
[0.589s] writing list of installed files to '/home/remi/ugway_ws/build/nav_odo_pkg/install.log'
[0.602s] Invoked command in '/home/remi/ugway_ws/src/nav_odo_pkg' returned '0': PYTHONPATH=/home/remi/ugway_ws/build/nav_odo_pkg/prefix_override:/home/remi/ugway_ws/install/nav_odo_pkg/lib/python3.10/site-packages:${PYTHONPATH} /usr/bin/python3 setup.py egg_info --egg-base ../../build/nav_odo_pkg build --build-base /home/remi/ugway_ws/build/nav_odo_pkg/build install --record /home/remi/ugway_ws/build/nav_odo_pkg/install.log --single-version-externally-managed
