[0.241s] Invoking command in '/home/remi/ugway_ws/build/phidgets_accelerometer': AMENT_PREFIX_PATH=/home/remi/ugway_ws/install/phidgets_api:/home/remi/ugway_ws/install/libphidget22:${AMENT_PREFIX_PATH} CMAKE_PREFIX_PATH=/home/remi/ugway_ws/install/phidgets_api:/home/remi/ugway_ws/install/libphidget22:/opt/ros/humble LD_LIBRARY_PATH=/home/remi/ugway_ws/install/phidgets_api/lib:/home/remi/ugway_ws/install/libphidget22/opt/libphidget22/lib:${LD_LIBRARY_PATH} /usr/bin/cmake /home/remi/ugway_ws/src/phidgets_drivers/phidgets_accelerometer -DCMAKE_INSTALL_PREFIX=/home/remi/ugway_ws/install/phidgets_accelerometer
[0.285s] -- The C compiler identification is GNU 11.4.0
[0.342s] -- The CXX compiler identification is GNU 11.4.0
[0.351s] -- Detecting C compiler ABI info
[0.409s] -- Detecting C compiler ABI info - done
[0.419s] -- Check for working C compiler: /usr/bin/cc - skipped
[0.419s] -- Detecting C compile features
[0.419s] -- Detecting C compile features - done
[0.424s] -- Detecting CXX compiler ABI info
[0.497s] -- Detecting CXX compiler ABI info - done
[0.510s] -- Check for working CXX compiler: /usr/bin/c++ - skipped
[0.510s] -- Detecting CXX compile features
[0.511s] -- Detecting CXX compile features - done
[0.513s] -- Found ament_cmake_ros: 0.10.0 (/opt/ros/humble/share/ament_cmake_ros/cmake)
[0.934s] -- Found Python3: /usr/bin/python3.10 (found version "3.10.12") found components: Interpreter 
[1.031s] -- Found phidgets_api: 2.3.1 (/home/remi/ugway_ws/install/phidgets_api/share/phidgets_api/cmake)
[1.036s] -- Found rclcpp: 16.0.6 (/opt/ros/humble/share/rclcpp/cmake)
[1.079s] -- Found rosidl_generator_c: 3.1.5 (/opt/ros/humble/share/rosidl_generator_c/cmake)
[1.083s] -- Found rosidl_adapter: 3.1.5 (/opt/ros/humble/share/rosidl_adapter/cmake)
[1.090s] -- Found rosidl_generator_cpp: 3.1.5 (/opt/ros/humble/share/rosidl_generator_cpp/cmake)
[1.104s] -- Using all available rosidl_typesupport_c: rosidl_typesupport_fastrtps_c;rosidl_typesupport_introspection_c
[1.124s] -- Using all available rosidl_typesupport_cpp: rosidl_typesupport_fastrtps_cpp;rosidl_typesupport_introspection_cpp
[1.193s] -- Found rmw_implementation_cmake: 6.1.1 (/opt/ros/humble/share/rmw_implementation_cmake/cmake)
[1.199s] -- Found rmw_fastrtps_cpp: 6.2.4 (/opt/ros/humble/share/rmw_fastrtps_cpp/cmake)
[1.297s] -- Found OpenSSL: /usr/lib/x86_64-linux-gnu/libcrypto.so (found version "3.0.2")  
[1.322s] -- Found FastRTPS: /opt/ros/humble/include  
[1.377s] -- Using RMW implementation 'rmw_fastrtps_cpp' as default
[1.388s] -- Performing Test CMAKE_HAVE_LIBC_PTHREAD
[1.445s] -- Performing Test CMAKE_HAVE_LIBC_PTHREAD - Success
[1.446s] -- Found Threads: TRUE  
[1.717s] -- Found rclcpp_components: 16.0.6 (/opt/ros/humble/share/rclcpp_components/cmake)
[1.814s] -- Found sensor_msgs: 4.2.3 (/opt/ros/humble/share/sensor_msgs/cmake)
[2.076s] -- Configuring done
[2.093s] -- Generating done
[2.096s] -- Build files have been written to: /home/remi/ugway_ws/build/phidgets_accelerometer
[2.112s] Invoked command in '/home/remi/ugway_ws/build/phidgets_accelerometer' returned '0': AMENT_PREFIX_PATH=/home/remi/ugway_ws/install/phidgets_api:/home/remi/ugway_ws/install/libphidget22:${AMENT_PREFIX_PATH} CMAKE_PREFIX_PATH=/home/remi/ugway_ws/install/phidgets_api:/home/remi/ugway_ws/install/libphidget22:/opt/ros/humble LD_LIBRARY_PATH=/home/remi/ugway_ws/install/phidgets_api/lib:/home/remi/ugway_ws/install/libphidget22/opt/libphidget22/lib:${LD_LIBRARY_PATH} /usr/bin/cmake /home/remi/ugway_ws/src/phidgets_drivers/phidgets_accelerometer -DCMAKE_INSTALL_PREFIX=/home/remi/ugway_ws/install/phidgets_accelerometer
[2.115s] Invoking command in '/home/remi/ugway_ws/build/phidgets_accelerometer': AMENT_PREFIX_PATH=/home/remi/ugway_ws/install/phidgets_api:/home/remi/ugway_ws/install/libphidget22:${AMENT_PREFIX_PATH} CMAKE_PREFIX_PATH=/home/remi/ugway_ws/install/phidgets_api:/home/remi/ugway_ws/install/libphidget22:/opt/ros/humble LD_LIBRARY_PATH=/home/remi/ugway_ws/install/phidgets_api/lib:/home/remi/ugway_ws/install/libphidget22/opt/libphidget22/lib:${LD_LIBRARY_PATH} /usr/bin/cmake --build /home/remi/ugway_ws/build/phidgets_accelerometer -- -j16 -l16
[2.141s] [ 50%] [32mBuilding CXX object CMakeFiles/phidgets_accelerometer.dir/src/accelerometer_ros_i.cpp.o[0m
[8.455s] [100%] [32m[1mLinking CXX shared library libphidgets_accelerometer.so[0m
[8.654s] [100%] Built target phidgets_accelerometer
[8.659s] Invoked command in '/home/remi/ugway_ws/build/phidgets_accelerometer' returned '0': AMENT_PREFIX_PATH=/home/remi/ugway_ws/install/phidgets_api:/home/remi/ugway_ws/install/libphidget22:${AMENT_PREFIX_PATH} CMAKE_PREFIX_PATH=/home/remi/ugway_ws/install/phidgets_api:/home/remi/ugway_ws/install/libphidget22:/opt/ros/humble LD_LIBRARY_PATH=/home/remi/ugway_ws/install/phidgets_api/lib:/home/remi/ugway_ws/install/libphidget22/opt/libphidget22/lib:${LD_LIBRARY_PATH} /usr/bin/cmake --build /home/remi/ugway_ws/build/phidgets_accelerometer -- -j16 -l16
[8.675s] Invoking command in '/home/remi/ugway_ws/build/phidgets_accelerometer': AMENT_PREFIX_PATH=/home/remi/ugway_ws/install/phidgets_api:/home/remi/ugway_ws/install/libphidget22:${AMENT_PREFIX_PATH} CMAKE_PREFIX_PATH=/home/remi/ugway_ws/install/phidgets_api:/home/remi/ugway_ws/install/libphidget22:/opt/ros/humble LD_LIBRARY_PATH=/home/remi/ugway_ws/install/phidgets_api/lib:/home/remi/ugway_ws/install/libphidget22/opt/libphidget22/lib:${LD_LIBRARY_PATH} /usr/bin/cmake --install /home/remi/ugway_ws/build/phidgets_accelerometer
[8.678s] -- Install configuration: ""
[8.678s] -- Installing: /home/remi/ugway_ws/install/phidgets_accelerometer/lib/libphidgets_accelerometer.so
[8.680s] -- Set runtime path of "/home/remi/ugway_ws/install/phidgets_accelerometer/lib/libphidgets_accelerometer.so" to ""
[8.680s] -- Installing: /home/remi/ugway_ws/install/phidgets_accelerometer/include
[8.680s] -- Installing: /home/remi/ugway_ws/install/phidgets_accelerometer/include/phidgets_accelerometer
[8.680s] -- Installing: /home/remi/ugway_ws/install/phidgets_accelerometer/include/phidgets_accelerometer/accelerometer_ros_i.hpp
[8.680s] -- Installing: /home/remi/ugway_ws/install/phidgets_accelerometer/share/phidgets_accelerometer/launch
[8.680s] -- Installing: /home/remi/ugway_ws/install/phidgets_accelerometer/share/phidgets_accelerometer/launch/accelerometer-launch.py
[8.680s] -- Installing: /home/remi/ugway_ws/install/phidgets_accelerometer/share/ament_index/resource_index/package_run_dependencies/phidgets_accelerometer
[8.680s] -- Installing: /home/remi/ugway_ws/install/phidgets_accelerometer/share/ament_index/resource_index/parent_prefix_path/phidgets_accelerometer
[8.681s] -- Installing: /home/remi/ugway_ws/install/phidgets_accelerometer/share/phidgets_accelerometer/environment/ament_prefix_path.sh
[8.681s] -- Installing: /home/remi/ugway_ws/install/phidgets_accelerometer/share/phidgets_accelerometer/environment/ament_prefix_path.dsv
[8.681s] -- Installing: /home/remi/ugway_ws/install/phidgets_accelerometer/share/phidgets_accelerometer/environment/path.sh
[8.681s] -- Installing: /home/remi/ugway_ws/install/phidgets_accelerometer/share/phidgets_accelerometer/environment/path.dsv
[8.681s] -- Installing: /home/remi/ugway_ws/install/phidgets_accelerometer/share/phidgets_accelerometer/local_setup.bash
[8.681s] -- Installing: /home/remi/ugway_ws/install/phidgets_accelerometer/share/phidgets_accelerometer/local_setup.sh
[8.681s] -- Installing: /home/remi/ugway_ws/install/phidgets_accelerometer/share/phidgets_accelerometer/local_setup.zsh
[8.681s] -- Installing: /home/remi/ugway_ws/install/phidgets_accelerometer/share/phidgets_accelerometer/local_setup.dsv
[8.681s] -- Installing: /home/remi/ugway_ws/install/phidgets_accelerometer/share/phidgets_accelerometer/package.dsv
[8.681s] -- Installing: /home/remi/ugway_ws/install/phidgets_accelerometer/share/ament_index/resource_index/packages/phidgets_accelerometer
[8.682s] -- Installing: /home/remi/ugway_ws/install/phidgets_accelerometer/share/ament_index/resource_index/rclcpp_components/phidgets_accelerometer
[8.682s] -- Installing: /home/remi/ugway_ws/install/phidgets_accelerometer/share/phidgets_accelerometer/cmake/phidgets_accelerometerConfig.cmake
[8.682s] -- Installing: /home/remi/ugway_ws/install/phidgets_accelerometer/share/phidgets_accelerometer/cmake/phidgets_accelerometerConfig-version.cmake
[8.682s] -- Installing: /home/remi/ugway_ws/install/phidgets_accelerometer/share/phidgets_accelerometer/package.xml
[8.683s] Invoked command in '/home/remi/ugway_ws/build/phidgets_accelerometer' returned '0': AMENT_PREFIX_PATH=/home/remi/ugway_ws/install/phidgets_api:/home/remi/ugway_ws/install/libphidget22:${AMENT_PREFIX_PATH} CMAKE_PREFIX_PATH=/home/remi/ugway_ws/install/phidgets_api:/home/remi/ugway_ws/install/libphidget22:/opt/ros/humble LD_LIBRARY_PATH=/home/remi/ugway_ws/install/phidgets_api/lib:/home/remi/ugway_ws/install/libphidget22/opt/libphidget22/lib:${LD_LIBRARY_PATH} /usr/bin/cmake --install /home/remi/ugway_ws/build/phidgets_accelerometer
